#
# There is insufficient memory for the Java Runtime Environment to continue.
# Native memory allocation (malloc) failed to allocate 675376 bytes for Chunk::new
# Possible reasons:
#   The system is out of physical RAM or swap space
#   The process is running with CompressedOops enabled, and the Java Heap may be blocking the growth of the native heap
# Possible solutions:
#   Reduce memory load on the system
#   Increase physical memory or swap space
#   Check if swap backing store is full
#   Decrease Java heap size (-Xmx/-Xms)
#   Decrease number of Java threads
#   Decrease Java thread stack sizes (-Xss)
#   Set larger code cache with -XX:ReservedCodeCacheSize=
#   JVM is running with Unscaled Compressed Oops mode in which the Java heap is
#     placed in the first 4GB address space. The Java Heap base address is the
#     maximum limit for the native heap growth. Please use -XX:HeapBaseMinAddress
#     to set the Java Heap base and to place the Java Heap above 4GB virtual address.
# This output file may be truncated or incomplete.
#
#  Out of Memory Error (t:/workspace/open/src/hotspot/share/memory/arena.cpp:197), pid=15192, tid=9648
#
# JRE version: Java(TM) SE Runtime Environment (11.0.3+12) (build 11.0.3+12-LTS)
# Java VM: Java HotSpot(TM) 64-Bit Server VM (11.0.3+12-LTS, mixed mode, tiered, compressed oops, g1 gc, windows-amd64)
# No core dump will be written. Minidumps are not enabled by default on client versions of Windows
#

---------------  S U M M A R Y ------------

Command Line: -ea -Didea.test.cyclic.buffer.size=1048576 -javaagent:C:\Program Files\JetBrains\IntelliJ IDEA 2019.3.4\lib\idea_rt.jar=50839:C:\Program Files\JetBrains\IntelliJ IDEA 2019.3.4\bin -Dfile.encoding=UTF-8 com.intellij.rt.junit.JUnitStarter -ideVersion5 -junit4 FlightManagment.CucumberTest

Host: Intel(R) Core(TM) i7-8550U CPU @ 1.80GHz, 8 cores, 7G,  Windows 10 , 64 bit Build 18362 (10.0.18362.778)
Time: Mon Apr 20 16:57:39 2020 Paris, Madrid (heure d?été) elapsed time: 1 seconds (0d 0h 0m 1s)

---------------  T H R E A D  ---------------

Current thread (0x000002366c7c6800):  JavaThread "C2 CompilerThread0" daemon [_thread_in_native, id=9648, stack(0x000000970b600000,0x000000970b700000)]


Current CompileTask:
C2:   1254 1268   !   4       java.net.URL::<init> (543 bytes)

Stack: [0x000000970b600000,0x000000970b700000]
Native frames: (J=compiled Java code, j=interpreted, Vv=VM code, C=native code)
V  [jvm.dll+0x63582a]
V  [jvm.dll+0x77360f]
V  [jvm.dll+0x774cba]
V  [jvm.dll+0x775373]
V  [jvm.dll+0x25e9c8]
V  [jvm.dll+0xc21d1]
V  [jvm.dll+0xc275c]
V  [jvm.dll+0x36daa2]
V  [jvm.dll+0x33ab03]
V  [jvm.dll+0x339eda]
V  [jvm.dll+0x218875]
V  [jvm.dll+0x217a1a]
V  [jvm.dll+0x194300]
V  [jvm.dll+0x2269df]
V  [jvm.dll+0x224fe8]
V  [jvm.dll+0x738aed]
V  [jvm.dll+0x6348c2]
C  [ucrtbase.dll+0x20e72]
C  [KERNEL32.DLL+0x17bd4]
C  [ntdll.dll+0x6ce51]


---------------  P R O C E S S  ---------------

Threads class SMR info:
_java_thread_list=0x000002366ea93960, length=12, elements={
0x000002364dbe6000, 0x000002366c7ad800, 0x000002366c7b7000, 0x000002366d043800,
0x000002366c7c5800, 0x000002366c7c6800, 0x000002366c7cc800, 0x000002366cff2000,
0x000002366c768800, 0x000002366d316000, 0x000002366d316800, 0x000002366ea86000
}

Java Threads: ( => current thread )
  0x000002364dbe6000 JavaThread "main" [_thread_in_native, id=11600, stack(0x000000970ab00000,0x000000970ac00000)]
  0x000002366c7ad800 JavaThread "Reference Handler" daemon [_thread_blocked, id=14264, stack(0x000000970b200000,0x000000970b300000)]
  0x000002366c7b7000 JavaThread "Finalizer" daemon [_thread_blocked, id=13532, stack(0x000000970b300000,0x000000970b400000)]
  0x000002366d043800 JavaThread "Signal Dispatcher" daemon [_thread_blocked, id=15592, stack(0x000000970b400000,0x000000970b500000)]
  0x000002366c7c5800 JavaThread "Attach Listener" daemon [_thread_blocked, id=8352, stack(0x000000970b500000,0x000000970b600000)]
=>0x000002366c7c6800 JavaThread "C2 CompilerThread0" daemon [_thread_in_native, id=9648, stack(0x000000970b600000,0x000000970b700000)]
  0x000002366c7cc800 JavaThread "C1 CompilerThread0" daemon [_thread_blocked, id=7548, stack(0x000000970b700000,0x000000970b800000)]
  0x000002366cff2000 JavaThread "Sweeper thread" daemon [_thread_blocked, id=8984, stack(0x000000970b800000,0x000000970b900000)]
  0x000002366c768800 JavaThread "Common-Cleaner" daemon [_thread_blocked, id=11928, stack(0x000000970b900000,0x000000970ba00000)]
  0x000002366d316000 JavaThread "Monitor Ctrl-Break" daemon [_thread_in_native, id=16536, stack(0x000000970ba00000,0x000000970bb00000)]
  0x000002366d316800 JavaThread "Service Thread" daemon [_thread_blocked, id=3044, stack(0x000000970bb00000,0x000000970bc00000)]
  0x000002366ea86000 JavaThread "C2 CompilerThread1" daemon [_thread_blocked, id=2464, stack(0x000000970bd00000,0x000000970be00000)]

Other Threads:
  0x000002366c7aa000 VMThread "VM Thread" [stack: 0x000000970b100000,0x000000970b200000] [id=1696]
  0x000002366d323000 WatcherThread [stack: 0x000000970bc00000,0x000000970bd00000] [id=4132]
  0x000002364dbfc800 GCTaskThread "GC Thread#0" [stack: 0x000000970ac00000,0x000000970ad00000] [id=11900]
  0x000002366e4f2000 GCTaskThread "GC Thread#1" [stack: 0x000000970bf00000,0x000000970c000000] [id=5396]
  0x000002366dcd6000 GCTaskThread "GC Thread#2" [stack: 0x000000970c000000,0x000000970c100000] [id=5796]
  0x000002364dc29000 ConcurrentGCThread "G1 Main Marker" [stack: 0x000000970ad00000,0x000000970ae00000] [id=7352]
  0x000002364dc2a800 ConcurrentGCThread "G1 Conc#0" [stack: 0x000000970ae00000,0x000000970af00000] [id=16240]
  0x000002366c60e800 ConcurrentGCThread "G1 Refine#0" [stack: 0x000000970af00000,0x000000970b000000] [id=8524]
  0x000002366c60f000 ConcurrentGCThread "G1 Young RemSet Sampling" [stack: 0x000000970b000000,0x000000970b100000] [id=15684]

Threads with active compile tasks:
C2 CompilerThread01268   !   4       java.net.URL::<init> (543 bytes)

VM state:not at safepoint (normal execution)

VM Mutex/Monitor currently owned by a thread: None

Heap address: 0x0000000081c00000, size: 2020 MB, Compressed Oops mode: 32-bit
Narrow klass base: 0x0000000000000000, Narrow klass shift: 3
Compressed class space size: 1073741824 Address: 0x0000000100000000

Heap:
 garbage-first heap   total 131072K, used 37686K [0x0000000081c00000, 0x0000000100000000)
  region size 1024K, 31 young (31744K), 3 survivors (3072K)
 Metaspace       used 17107K, capacity 17354K, committed 17536K, reserved 1064960K
  class space    used 1795K, capacity 1860K, committed 1920K, reserved 1048576K
Heap Regions: E=young(eden), S=young(survivor), O=old, HS=humongous(starts), HC=humongous(continues), CS=collection set, F=free, A=archive, TAMS=top-at-mark-start (previous, next)
|   0|0x0000000081c00000, 0x0000000081d00000, 0x0000000081d00000|100%|HS|  |TAMS 0x0000000081c00000, 0x0000000081c00000| Complete 
|   1|0x0000000081d00000, 0x0000000081e00000, 0x0000000081e00000|100%|HC|  |TAMS 0x0000000081d00000, 0x0000000081d00000| Complete 
|   2|0x0000000081e00000, 0x0000000081f00000, 0x0000000081f00000|100%| O|  |TAMS 0x0000000081e00000, 0x0000000081e00000| Untracked 
|   3|0x0000000081f00000, 0x0000000082000000, 0x0000000082000000|100%| O|  |TAMS 0x0000000081f00000, 0x0000000081f00000| Untracked 
|   4|0x0000000082000000, 0x0000000082100000, 0x0000000082100000|100%| O|  |TAMS 0x0000000082000000, 0x0000000082000000| Untracked 
|   5|0x0000000082100000, 0x0000000082200000, 0x0000000082200000|100%| O|  |TAMS 0x0000000082100000, 0x0000000082100000| Untracked 
|   6|0x0000000082200000, 0x00000000822cda00, 0x0000000082300000| 80%| O|  |TAMS 0x0000000082200000, 0x0000000082200000| Untracked 
|   7|0x0000000082300000, 0x0000000082300000, 0x0000000082400000|  0%| F|  |TAMS 0x0000000082300000, 0x0000000082300000| Untracked 
|   8|0x0000000082400000, 0x0000000082400000, 0x0000000082500000|  0%| F|  |TAMS 0x0000000082400000, 0x0000000082400000| Untracked 
|   9|0x0000000082500000, 0x0000000082500000, 0x0000000082600000|  0%| F|  |TAMS 0x0000000082500000, 0x0000000082500000| Untracked 
|  10|0x0000000082600000, 0x0000000082600000, 0x0000000082700000|  0%| F|  |TAMS 0x0000000082600000, 0x0000000082600000| Untracked 
|  11|0x0000000082700000, 0x0000000082700000, 0x0000000082800000|  0%| F|  |TAMS 0x0000000082700000, 0x0000000082700000| Untracked 
|  12|0x0000000082800000, 0x0000000082800000, 0x0000000082900000|  0%| F|  |TAMS 0x0000000082800000, 0x0000000082800000| Untracked 
|  13|0x0000000082900000, 0x0000000082900000, 0x0000000082a00000|  0%| F|  |TAMS 0x0000000082900000, 0x0000000082900000| Untracked 
|  14|0x0000000082a00000, 0x0000000082a00000, 0x0000000082b00000|  0%| F|  |TAMS 0x0000000082a00000, 0x0000000082a00000| Untracked 
|  15|0x0000000082b00000, 0x0000000082b00000, 0x0000000082c00000|  0%| F|  |TAMS 0x0000000082b00000, 0x0000000082b00000| Untracked 
|  16|0x0000000082c00000, 0x0000000082c00000, 0x0000000082d00000|  0%| F|  |TAMS 0x0000000082c00000, 0x0000000082c00000| Untracked 
|  17|0x0000000082d00000, 0x0000000082d00000, 0x0000000082e00000|  0%| F|  |TAMS 0x0000000082d00000, 0x0000000082d00000| Untracked 
|  18|0x0000000082e00000, 0x0000000082e00000, 0x0000000082f00000|  0%| F|  |TAMS 0x0000000082e00000, 0x0000000082e00000| Untracked 
|  19|0x0000000082f00000, 0x0000000082f00000, 0x0000000083000000|  0%| F|  |TAMS 0x0000000082f00000, 0x0000000082f00000| Untracked 
|  20|0x0000000083000000, 0x0000000083000000, 0x0000000083100000|  0%| F|  |TAMS 0x0000000083000000, 0x0000000083000000| Untracked 
|  21|0x0000000083100000, 0x0000000083100000, 0x0000000083200000|  0%| F|  |TAMS 0x0000000083100000, 0x0000000083100000| Untracked 
|  22|0x0000000083200000, 0x0000000083200000, 0x0000000083300000|  0%| F|  |TAMS 0x0000000083200000, 0x0000000083200000| Untracked 
|  23|0x0000000083300000, 0x0000000083300000, 0x0000000083400000|  0%| F|  |TAMS 0x0000000083300000, 0x0000000083300000| Untracked 
|  24|0x0000000083400000, 0x0000000083400000, 0x0000000083500000|  0%| F|  |TAMS 0x0000000083400000, 0x0000000083400000| Untracked 
|  25|0x0000000083500000, 0x0000000083500000, 0x0000000083600000|  0%| F|  |TAMS 0x0000000083500000, 0x0000000083500000| Untracked 
|  26|0x0000000083600000, 0x0000000083600000, 0x0000000083700000|  0%| F|  |TAMS 0x0000000083600000, 0x0000000083600000| Untracked 
|  27|0x0000000083700000, 0x0000000083700000, 0x0000000083800000|  0%| F|  |TAMS 0x0000000083700000, 0x0000000083700000| Untracked 
|  28|0x0000000083800000, 0x0000000083800000, 0x0000000083900000|  0%| F|  |TAMS 0x0000000083800000, 0x0000000083800000| Untracked 
|  29|0x0000000083900000, 0x0000000083900000, 0x0000000083a00000|  0%| F|  |TAMS 0x0000000083900000, 0x0000000083900000| Untracked 
|  30|0x0000000083a00000, 0x0000000083a00000, 0x0000000083b00000|  0%| F|  |TAMS 0x0000000083a00000, 0x0000000083a00000| Untracked 
|  31|0x0000000083b00000, 0x0000000083b00000, 0x0000000083c00000|  0%| F|  |TAMS 0x0000000083b00000, 0x0000000083b00000| Untracked 
|  32|0x0000000083c00000, 0x0000000083c00000, 0x0000000083d00000|  0%| F|  |TAMS 0x0000000083c00000, 0x0000000083c00000| Untracked 
|  33|0x0000000083d00000, 0x0000000083d00000, 0x0000000083e00000|  0%| F|  |TAMS 0x0000000083d00000, 0x0000000083d00000| Untracked 
|  34|0x0000000083e00000, 0x0000000083e00000, 0x0000000083f00000|  0%| F|  |TAMS 0x0000000083e00000, 0x0000000083e00000| Untracked 
|  35|0x0000000083f00000, 0x0000000083f00000, 0x0000000084000000|  0%| F|  |TAMS 0x0000000083f00000, 0x0000000083f00000| Untracked 
|  36|0x0000000084000000, 0x0000000084000000, 0x0000000084100000|  0%| F|  |TAMS 0x0000000084000000, 0x0000000084000000| Untracked 
|  37|0x0000000084100000, 0x0000000084100000, 0x0000000084200000|  0%| F|  |TAMS 0x0000000084100000, 0x0000000084100000| Untracked 
|  38|0x0000000084200000, 0x0000000084200000, 0x0000000084300000|  0%| F|  |TAMS 0x0000000084200000, 0x0000000084200000| Untracked 
|  39|0x0000000084300000, 0x0000000084300000, 0x0000000084400000|  0%| F|  |TAMS 0x0000000084300000, 0x0000000084300000| Untracked 
|  40|0x0000000084400000, 0x0000000084400000, 0x0000000084500000|  0%| F|  |TAMS 0x0000000084400000, 0x0000000084400000| Untracked 
|  41|0x0000000084500000, 0x0000000084500000, 0x0000000084600000|  0%| F|  |TAMS 0x0000000084500000, 0x0000000084500000| Untracked 
|  42|0x0000000084600000, 0x0000000084600000, 0x0000000084700000|  0%| F|  |TAMS 0x0000000084600000, 0x0000000084600000| Untracked 
|  43|0x0000000084700000, 0x0000000084700000, 0x0000000084800000|  0%| F|  |TAMS 0x0000000084700000, 0x0000000084700000| Untracked 
|  44|0x0000000084800000, 0x0000000084800000, 0x0000000084900000|  0%| F|  |TAMS 0x0000000084800000, 0x0000000084800000| Untracked 
|  45|0x0000000084900000, 0x0000000084900000, 0x0000000084a00000|  0%| F|  |TAMS 0x0000000084900000, 0x0000000084900000| Untracked 
|  46|0x0000000084a00000, 0x0000000084a00000, 0x0000000084b00000|  0%| F|  |TAMS 0x0000000084a00000, 0x0000000084a00000| Untracked 
|  47|0x0000000084b00000, 0x0000000084b00000, 0x0000000084c00000|  0%| F|  |TAMS 0x0000000084b00000, 0x0000000084b00000| Untracked 
|  48|0x0000000084c00000, 0x0000000084c00000, 0x0000000084d00000|  0%| F|  |TAMS 0x0000000084c00000, 0x0000000084c00000| Untracked 
|  49|0x0000000084d00000, 0x0000000084d00000, 0x0000000084e00000|  0%| F|  |TAMS 0x0000000084d00000, 0x0000000084d00000| Untracked 
|  50|0x0000000084e00000, 0x0000000084e00000, 0x0000000084f00000|  0%| F|  |TAMS 0x0000000084e00000, 0x0000000084e00000| Untracked 
|  51|0x0000000084f00000, 0x0000000084f00000, 0x0000000085000000|  0%| F|  |TAMS 0x0000000084f00000, 0x0000000084f00000| Untracked 
|  52|0x0000000085000000, 0x0000000085000000, 0x0000000085100000|  0%| F|  |TAMS 0x0000000085000000, 0x0000000085000000| Untracked 
|  53|0x0000000085100000, 0x0000000085100000, 0x0000000085200000|  0%| F|  |TAMS 0x0000000085100000, 0x0000000085100000| Untracked 
|  54|0x0000000085200000, 0x0000000085200000, 0x0000000085300000|  0%| F|  |TAMS 0x0000000085200000, 0x0000000085200000| Untracked 
|  55|0x0000000085300000, 0x0000000085300000, 0x0000000085400000|  0%| F|  |TAMS 0x0000000085300000, 0x0000000085300000| Untracked 
|  56|0x0000000085400000, 0x0000000085400000, 0x0000000085500000|  0%| F|  |TAMS 0x0000000085400000, 0x0000000085400000| Untracked 
|  57|0x0000000085500000, 0x0000000085500000, 0x0000000085600000|  0%| F|  |TAMS 0x0000000085500000, 0x0000000085500000| Untracked 
|  58|0x0000000085600000, 0x0000000085600000, 0x0000000085700000|  0%| F|  |TAMS 0x0000000085600000, 0x0000000085600000| Untracked 
|  59|0x0000000085700000, 0x0000000085700000, 0x0000000085800000|  0%| F|  |TAMS 0x0000000085700000, 0x0000000085700000| Untracked 
|  60|0x0000000085800000, 0x0000000085800000, 0x0000000085900000|  0%| F|  |TAMS 0x0000000085800000, 0x0000000085800000| Untracked 
|  61|0x0000000085900000, 0x0000000085900000, 0x0000000085a00000|  0%| F|  |TAMS 0x0000000085900000, 0x0000000085900000| Untracked 
|  62|0x0000000085a00000, 0x0000000085a00000, 0x0000000085b00000|  0%| F|  |TAMS 0x0000000085a00000, 0x0000000085a00000| Untracked 
|  63|0x0000000085b00000, 0x0000000085b00000, 0x0000000085c00000|  0%| F|  |TAMS 0x0000000085b00000, 0x0000000085b00000| Untracked 
|  64|0x0000000085c00000, 0x0000000085c00000, 0x0000000085d00000|  0%| F|  |TAMS 0x0000000085c00000, 0x0000000085c00000| Untracked 
|  65|0x0000000085d00000, 0x0000000085d00000, 0x0000000085e00000|  0%| F|  |TAMS 0x0000000085d00000, 0x0000000085d00000| Untracked 
|  66|0x0000000085e00000, 0x0000000085e00000, 0x0000000085f00000|  0%| F|  |TAMS 0x0000000085e00000, 0x0000000085e00000| Untracked 
|  67|0x0000000085f00000, 0x0000000085f00000, 0x0000000086000000|  0%| F|  |TAMS 0x0000000085f00000, 0x0000000085f00000| Untracked 
|  68|0x0000000086000000, 0x0000000086000000, 0x0000000086100000|  0%| F|  |TAMS 0x0000000086000000, 0x0000000086000000| Untracked 
|  69|0x0000000086100000, 0x0000000086100000, 0x0000000086200000|  0%| F|  |TAMS 0x0000000086100000, 0x0000000086100000| Untracked 
|  70|0x0000000086200000, 0x0000000086200000, 0x0000000086300000|  0%| F|  |TAMS 0x0000000086200000, 0x0000000086200000| Untracked 
|  71|0x0000000086300000, 0x0000000086300000, 0x0000000086400000|  0%| F|  |TAMS 0x0000000086300000, 0x0000000086300000| Untracked 
|  72|0x0000000086400000, 0x0000000086400000, 0x0000000086500000|  0%| F|  |TAMS 0x0000000086400000, 0x0000000086400000| Untracked 
|  73|0x0000000086500000, 0x0000000086500000, 0x0000000086600000|  0%| F|  |TAMS 0x0000000086500000, 0x0000000086500000| Untracked 
|  74|0x0000000086600000, 0x0000000086600000, 0x0000000086700000|  0%| F|  |TAMS 0x0000000086600000, 0x0000000086600000| Untracked 
|  75|0x0000000086700000, 0x0000000086700000, 0x0000000086800000|  0%| F|  |TAMS 0x0000000086700000, 0x0000000086700000| Untracked 
|  76|0x0000000086800000, 0x0000000086800000, 0x0000000086900000|  0%| F|  |TAMS 0x0000000086800000, 0x0000000086800000| Untracked 
|  77|0x0000000086900000, 0x0000000086900000, 0x0000000086a00000|  0%| F|  |TAMS 0x0000000086900000, 0x0000000086900000| Untracked 
|  78|0x0000000086a00000, 0x0000000086a00000, 0x0000000086b00000|  0%| F|  |TAMS 0x0000000086a00000, 0x0000000086a00000| Untracked 
|  79|0x0000000086b00000, 0x0000000086b00000, 0x0000000086c00000|  0%| F|  |TAMS 0x0000000086b00000, 0x0000000086b00000| Untracked 
|  80|0x0000000086c00000, 0x0000000086c00000, 0x0000000086d00000|  0%| F|  |TAMS 0x0000000086c00000, 0x0000000086c00000| Untracked 
|  81|0x0000000086d00000, 0x0000000086d00000, 0x0000000086e00000|  0%| F|  |TAMS 0x0000000086d00000, 0x0000000086d00000| Untracked 
|  82|0x0000000086e00000, 0x0000000086e00000, 0x0000000086f00000|  0%| F|  |TAMS 0x0000000086e00000, 0x0000000086e00000| Untracked 
|  83|0x0000000086f00000, 0x0000000086f00000, 0x0000000087000000|  0%| F|  |TAMS 0x0000000086f00000, 0x0000000086f00000| Untracked 
|  84|0x0000000087000000, 0x0000000087000000, 0x0000000087100000|  0%| F|  |TAMS 0x0000000087000000, 0x0000000087000000| Untracked 
|  85|0x0000000087100000, 0x0000000087100000, 0x0000000087200000|  0%| F|  |TAMS 0x0000000087100000, 0x0000000087100000| Untracked 
|  86|0x0000000087200000, 0x0000000087200000, 0x0000000087300000|  0%| F|  |TAMS 0x0000000087200000, 0x0000000087200000| Untracked 
|  87|0x0000000087300000, 0x0000000087300000, 0x0000000087400000|  0%| F|  |TAMS 0x0000000087300000, 0x0000000087300000| Untracked 
|  88|0x0000000087400000, 0x0000000087400000, 0x0000000087500000|  0%| F|  |TAMS 0x0000000087400000, 0x0000000087400000| Untracked 
|  89|0x0000000087500000, 0x0000000087500000, 0x0000000087600000|  0%| F|  |TAMS 0x0000000087500000, 0x0000000087500000| Untracked 
|  90|0x0000000087600000, 0x0000000087600000, 0x0000000087700000|  0%| F|  |TAMS 0x0000000087600000, 0x0000000087600000| Untracked 
|  91|0x0000000087700000, 0x0000000087700000, 0x0000000087800000|  0%| F|  |TAMS 0x0000000087700000, 0x0000000087700000| Untracked 
|  92|0x0000000087800000, 0x0000000087800000, 0x0000000087900000|  0%| F|  |TAMS 0x0000000087800000, 0x0000000087800000| Untracked 
|  93|0x0000000087900000, 0x0000000087900000, 0x0000000087a00000|  0%| F|  |TAMS 0x0000000087900000, 0x0000000087900000| Untracked 
|  94|0x0000000087a00000, 0x0000000087a00000, 0x0000000087b00000|  0%| F|  |TAMS 0x0000000087a00000, 0x0000000087a00000| Untracked 
|  95|0x0000000087b00000, 0x0000000087b00000, 0x0000000087c00000|  0%| F|  |TAMS 0x0000000087b00000, 0x0000000087b00000| Untracked 
|  96|0x0000000087c00000, 0x0000000087c00000, 0x0000000087d00000|  0%| F|  |TAMS 0x0000000087c00000, 0x0000000087c00000| Untracked 
|  97|0x0000000087d00000, 0x0000000087d80800, 0x0000000087e00000| 50%| E|  |TAMS 0x0000000087d00000, 0x0000000087d00000| Complete 
|  98|0x0000000087e00000, 0x0000000087f00000, 0x0000000087f00000|100%| E|CS|TAMS 0x0000000087e00000, 0x0000000087e00000| Complete 
|  99|0x0000000087f00000, 0x0000000088000000, 0x0000000088000000|100%| E|CS|TAMS 0x0000000087f00000, 0x0000000087f00000| Complete 
| 100|0x0000000088000000, 0x0000000088100000, 0x0000000088100000|100%| E|CS|TAMS 0x0000000088000000, 0x0000000088000000| Complete 
| 101|0x0000000088100000, 0x0000000088200000, 0x0000000088200000|100%| S|CS|TAMS 0x0000000088100000, 0x0000000088100000| Complete 
| 102|0x0000000088200000, 0x0000000088300000, 0x0000000088300000|100%| S|CS|TAMS 0x0000000088200000, 0x0000000088200000| Complete 
| 103|0x0000000088300000, 0x0000000088400000, 0x0000000088400000|100%| S|CS|TAMS 0x0000000088300000, 0x0000000088300000| Complete 
| 104|0x0000000088400000, 0x0000000088500000, 0x0000000088500000|100%| E|CS|TAMS 0x0000000088400000, 0x0000000088400000| Complete 
| 105|0x0000000088500000, 0x0000000088600000, 0x0000000088600000|100%| E|CS|TAMS 0x0000000088500000, 0x0000000088500000| Complete 
| 106|0x0000000088600000, 0x0000000088700000, 0x0000000088700000|100%| E|CS|TAMS 0x0000000088600000, 0x0000000088600000| Complete 
| 107|0x0000000088700000, 0x0000000088800000, 0x0000000088800000|100%| E|CS|TAMS 0x0000000088700000, 0x0000000088700000| Complete 
| 108|0x0000000088800000, 0x0000000088900000, 0x0000000088900000|100%| E|CS|TAMS 0x0000000088800000, 0x0000000088800000| Complete 
| 109|0x0000000088900000, 0x0000000088a00000, 0x0000000088a00000|100%| E|CS|TAMS 0x0000000088900000, 0x0000000088900000| Complete 
| 110|0x0000000088a00000, 0x0000000088b00000, 0x0000000088b00000|100%| E|CS|TAMS 0x0000000088a00000, 0x0000000088a00000| Complete 
| 111|0x0000000088b00000, 0x0000000088c00000, 0x0000000088c00000|100%| E|CS|TAMS 0x0000000088b00000, 0x0000000088b00000| Complete 
| 112|0x0000000088c00000, 0x0000000088d00000, 0x0000000088d00000|100%| E|CS|TAMS 0x0000000088c00000, 0x0000000088c00000| Complete 
| 113|0x0000000088d00000, 0x0000000088e00000, 0x0000000088e00000|100%| E|CS|TAMS 0x0000000088d00000, 0x0000000088d00000| Complete 
| 114|0x0000000088e00000, 0x0000000088f00000, 0x0000000088f00000|100%| E|CS|TAMS 0x0000000088e00000, 0x0000000088e00000| Complete 
| 115|0x0000000088f00000, 0x0000000089000000, 0x0000000089000000|100%| E|CS|TAMS 0x0000000088f00000, 0x0000000088f00000| Complete 
| 116|0x0000000089000000, 0x0000000089100000, 0x0000000089100000|100%| E|CS|TAMS 0x0000000089000000, 0x0000000089000000| Complete 
| 117|0x0000000089100000, 0x0000000089200000, 0x0000000089200000|100%| E|CS|TAMS 0x0000000089100000, 0x0000000089100000| Complete 
| 118|0x0000000089200000, 0x0000000089300000, 0x0000000089300000|100%| E|CS|TAMS 0x0000000089200000, 0x0000000089200000| Complete 
| 119|0x0000000089300000, 0x0000000089400000, 0x0000000089400000|100%| E|CS|TAMS 0x0000000089300000, 0x0000000089300000| Complete 
| 120|0x0000000089400000, 0x0000000089500000, 0x0000000089500000|100%| E|CS|TAMS 0x0000000089400000, 0x0000000089400000| Complete 
| 121|0x0000000089500000, 0x0000000089600000, 0x0000000089600000|100%| E|CS|TAMS 0x0000000089500000, 0x0000000089500000| Complete 
| 122|0x0000000089600000, 0x0000000089700000, 0x0000000089700000|100%| E|CS|TAMS 0x0000000089600000, 0x0000000089600000| Complete 
| 123|0x0000000089700000, 0x0000000089800000, 0x0000000089800000|100%| E|CS|TAMS 0x0000000089700000, 0x0000000089700000| Complete 
| 124|0x0000000089800000, 0x0000000089900000, 0x0000000089900000|100%| E|CS|TAMS 0x0000000089800000, 0x0000000089800000| Complete 
| 125|0x0000000089900000, 0x0000000089a00000, 0x0000000089a00000|100%| E|CS|TAMS 0x0000000089900000, 0x0000000089900000| Complete 
| 126|0x0000000089a00000, 0x0000000089b00000, 0x0000000089b00000|100%| E|CS|TAMS 0x0000000089a00000, 0x0000000089a00000| Complete 
| 127|0x0000000089b00000, 0x0000000089c00000, 0x0000000089c00000|100%| E|CS|TAMS 0x0000000089b00000, 0x0000000089b00000| Complete 

Card table byte_map: [0x0000023665620000,0x0000023665a20000] _byte_map_base: 0x0000023665212000

Marking Bits (Prev, Next): (CMBitMap*) 0x000002364dc203b8, (CMBitMap*) 0x000002364dc203f0
 Prev Bits: [0x0000023665e20000, 0x0000023667db0000)
 Next Bits: [0x0000023667db0000, 0x0000023669d40000)

Polling page: 0x000002364d390000

Metaspace:

Usage:
  Non-class:     15.13 MB capacity,    14.97 MB ( 99%) used,   143.66 KB ( <1%) free+waste,    20.75 KB ( <1%) overhead. 
      Class:      1.82 MB capacity,     1.76 MB ( 97%) used,    54.00 KB (  3%) free+waste,     8.38 KB ( <1%) overhead. 
       Both:     16.95 MB capacity,    16.73 MB ( 99%) used,   197.66 KB (  1%) free+waste,    29.13 KB ( <1%) overhead. 

Virtual space:
  Non-class space:       16.00 MB reserved,      15.25 MB ( 95%) committed 
      Class space:        1.00 GB reserved,       1.88 MB ( <1%) committed 
             Both:        1.02 GB reserved,      17.13 MB (  2%) committed 

Chunk freelists:
   Non-Class:  7.25 KB
       Class:  3.50 KB
        Both:  10.75 KB

CodeHeap 'non-profiled nmethods': size=120000Kb used=508Kb max_used=508Kb free=119491Kb
 bounds [0x000002365d9c0000, 0x000002365dc30000, 0x0000023664ef0000]
CodeHeap 'profiled nmethods': size=120000Kb used=2713Kb max_used=2713Kb free=117286Kb
 bounds [0x0000023656490000, 0x0000023656740000, 0x000002365d9c0000]
CodeHeap 'non-nmethods': size=5760Kb used=1091Kb max_used=1114Kb free=4669Kb
 bounds [0x0000023655ef0000, 0x0000023656160000, 0x0000023656490000]
 total_blobs=2042 nmethods=1340 adapters=311
 compilation: enabled
              stopped_count=0, restarted_count=0
 full_count=0

Compilation events (10 events):
Event: 1.249 Thread 0x000002366ea86000 nmethod 1295 0x000002365da3b890 code [0x000002365da3ba20, 0x000002365da3c2f8]
Event: 1.249 Thread 0x000002366ea86000 1297       4       java.lang.AbstractStringBuilder::isLatin1 (19 bytes)
Event: 1.250 Thread 0x000002366ea86000 nmethod 1297 0x000002365da3c490 code [0x000002365da3c620, 0x000002365da3c698]
Event: 1.252 Thread 0x000002366c7cc800 nmethod 1303 0x0000023656710d10 code [0x00000236567116e0, 0x0000023656717c30]
Event: 1.252 Thread 0x000002366c7cc800 1304       3       sun.security.provider.MD5::HH (29 bytes)
Event: 1.252 Thread 0x000002366c7cc800 nmethod 1304 0x0000023656719990 code [0x0000023656719b40, 0x0000023656719cb8]
Event: 1.252 Thread 0x000002366c7cc800 1305       3       sun.security.provider.MD5::II (31 bytes)
Event: 1.252 Thread 0x000002366c7cc800 nmethod 1305 0x0000023656719d90 code [0x0000023656719f40, 0x000002365671a0b8]
Event: 1.252 Thread 0x000002366c7cc800 1308   !   3       gherkin.Parser::handleExternalError (81 bytes)
Event: 1.252 Thread 0x000002366c7cc800 nmethod 1308 0x000002365671a190 code [0x000002365671a3e0, 0x000002365671abd0]

GC Heap History (2 events):
Event: 0.816 GC heap before
{Heap before GC invocations=0 (full 0):
 garbage-first heap   total 131072K, used 25600K [0x0000000081c00000, 0x0000000100000000)
  region size 1024K, 24 young (24576K), 0 survivors (0K)
 Metaspace       used 10970K, capacity 11102K, committed 11264K, reserved 1058816K
  class space    used 1108K, capacity 1189K, committed 1280K, reserved 1048576K
}
Event: 0.822 GC heap after
{Heap after GC invocations=1 (full 0):
 garbage-first heap   total 131072K, used 10038K [0x0000000081c00000, 0x0000000100000000)
  region size 1024K, 3 young (3072K), 3 survivors (3072K)
 Metaspace       used 10970K, capacity 11102K, committed 11264K, reserved 1058816K
  class space    used 1108K, capacity 1189K, committed 1280K, reserved 1048576K
}

Deoptimization events (10 events):
Event: 0.970 Thread 0x000002364dbe6000 Uncommon trap: reason=bimorphic_or_optimized_type_check action=maybe_recompile pc=0x000002365da0e18c method=java.util.HashMap.getNode(ILjava/lang/Object;)Ljava/util/HashMap$Node; @ 126 c2
Event: 0.977 Thread 0x000002364dbe6000 Uncommon trap: reason=bimorphic_or_optimized_type_check action=maybe_recompile pc=0x000002365da0e18c method=java.util.HashMap.getNode(ILjava/lang/Object;)Ljava/util/HashMap$Node; @ 126 c2
Event: 0.977 Thread 0x000002364dbe6000 Uncommon trap: reason=bimorphic_or_optimized_type_check action=maybe_recompile pc=0x000002365da0e18c method=java.util.HashMap.getNode(ILjava/lang/Object;)Ljava/util/HashMap$Node; @ 126 c2
Event: 0.981 Thread 0x000002364dbe6000 Uncommon trap: reason=bimorphic_or_optimized_type_check action=maybe_recompile pc=0x000002365da17cf4 method=java.util.HashMap.putVal(ILjava/lang/Object;Ljava/lang/Object;ZZ)Ljava/lang/Object; @ 203 c2
Event: 0.981 Thread 0x000002364dbe6000 Uncommon trap: reason=bimorphic_or_optimized_type_check action=maybe_recompile pc=0x000002365da17cf4 method=java.util.HashMap.putVal(ILjava/lang/Object;Ljava/lang/Object;ZZ)Ljava/lang/Object; @ 203 c2
Event: 0.981 Thread 0x000002364dbe6000 Uncommon trap: reason=bimorphic_or_optimized_type_check action=maybe_recompile pc=0x000002365da17cf4 method=java.util.HashMap.putVal(ILjava/lang/Object;Ljava/lang/Object;ZZ)Ljava/lang/Object; @ 203 c2
Event: 0.997 Thread 0x000002364dbe6000 Uncommon trap: reason=bimorphic_or_optimized_type_check action=maybe_recompile pc=0x000002365da17cf4 method=java.util.HashMap.putVal(ILjava/lang/Object;Ljava/lang/Object;ZZ)Ljava/lang/Object; @ 203 c2
Event: 1.147 Thread 0x000002364dbe6000 Uncommon trap: reason=unstable_if action=reinterpret pc=0x000002365da2f770 method=org.apache.commons.lang3.text.StrMatcher$StringMatcher.isMatch([CIII)I @ 13 c2
Event: 1.227 Thread 0x000002364dbe6000 Uncommon trap: reason=unstable_if action=reinterpret pc=0x000002365d9d1e54 method=java.lang.StringLatin1.canEncode(I)Z @ 4 c2
Event: 1.227 Thread 0x000002364dbe6000 Uncommon trap: reason=unstable_if action=reinterpret pc=0x000002365da2b640 method=java.lang.AbstractStringBuilder.isLatin1()Z @ 10 c2

Classes redefined (0 events):
No events

Internal exceptions (10 events):
Event: 0.452 Thread 0x000002364dbe6000 Exception <a 'java/security/PrivilegedActionException'{0x000000008922ddb0}> (0x000000008922ddb0) thrown at [t:/workspace/open/src/hotspot/share/prims/jvm.cpp, line 1307]
Event: 0.452 Thread 0x000002364dbe6000 Exception <a 'java/security/PrivilegedActionException'{0x000000008922e328}> (0x000000008922e328) thrown at [t:/workspace/open/src/hotspot/share/prims/jvm.cpp, line 1307]
Event: 0.452 Thread 0x000002364dbe6000 Exception <a 'java/security/PrivilegedActionException'{0x000000008922f110}> (0x000000008922f110) thrown at [t:/workspace/open/src/hotspot/share/prims/jvm.cpp, line 1307]
Event: 0.452 Thread 0x000002364dbe6000 Exception <a 'java/security/PrivilegedActionException'{0x000000008922f688}> (0x000000008922f688) thrown at [t:/workspace/open/src/hotspot/share/prims/jvm.cpp, line 1307]
Event: 0.452 Thread 0x000002364dbe6000 Exception <a 'java/security/PrivilegedActionException'{0x0000000089230478}> (0x0000000089230478) thrown at [t:/workspace/open/src/hotspot/share/prims/jvm.cpp, line 1307]
Event: 0.452 Thread 0x000002364dbe6000 Exception <a 'java/security/PrivilegedActionException'{0x00000000892309f0}> (0x00000000892309f0) thrown at [t:/workspace/open/src/hotspot/share/prims/jvm.cpp, line 1307]
Event: 0.452 Thread 0x000002364dbe6000 Exception <a 'java/security/PrivilegedActionException'{0x000000008923ac68}> (0x000000008923ac68) thrown at [t:/workspace/open/src/hotspot/share/prims/jvm.cpp, line 1307]
Event: 0.452 Thread 0x000002364dbe6000 Exception <a 'java/security/PrivilegedActionException'{0x000000008923b1e0}> (0x000000008923b1e0) thrown at [t:/workspace/open/src/hotspot/share/prims/jvm.cpp, line 1307]
Event: 0.541 Thread 0x000002364dbe6000 Exception <a 'java/lang/NoClassDefFoundError'{0x0000000088ebc580}: org/slf4j/impl/StaticLoggerBinder> (0x0000000088ebc580) thrown at [t:/workspace/open/src/hotspot/share/classfile/systemDictionary.cpp, line 220]
Event: 0.608 Thread 0x000002364dbe6000 Exception <a 'java/lang/NoSuchMethodError'{0x0000000088cf2e98}: java.lang.invoke.DirectMethodHandle$Holder.invokeSpecialIFC(Ljava/lang/Object;Ljava/lang/Object;I)I> (0x0000000088cf2e98) thrown at [t:/workspace/open/src/hotspot/share/interpreter/linkResolv

Events (10 events):
Event: 1.246 loading class gherkin/ast/GherkinDocument
Event: 1.246 loading class gherkin/ast/GherkinDocument done
Event: 1.246 loading class cucumber/runtime/model/CucumberFeature
Event: 1.246 loading class cucumber/runtime/model/CucumberFeature done
Event: 1.248 loading class gherkin/ast/DataTable
Event: 1.248 loading class gherkin/ast/DataTable done
Event: 1.249 loading class gherkin/ast/Scenario
Event: 1.249 loading class gherkin/ast/Scenario done
Event: 1.250 loading class gherkin/ast/Background
Event: 1.250 loading class gherkin/ast/Background done


Dynamic libraries:
0x00007ff76dc90000 - 0x00007ff76dcd7000 	C:\Program Files\Java\jdk-11.0.3\bin\java.exe
0x00007ffb4ccc0000 - 0x00007ffb4ceb0000 	C:\WINDOWS\SYSTEM32\ntdll.dll
0x00007ffb4c510000 - 0x00007ffb4c5c2000 	C:\WINDOWS\System32\KERNEL32.DLL
0x00007ffb4a940000 - 0x00007ffb4abe3000 	C:\WINDOWS\System32\KERNELBASE.dll
0x00007ffb4bd70000 - 0x00007ffb4be13000 	C:\WINDOWS\System32\ADVAPI32.dll
0x00007ffb4cac0000 - 0x00007ffb4cb5e000 	C:\WINDOWS\System32\msvcrt.dll
0x00007ffb4c880000 - 0x00007ffb4c917000 	C:\WINDOWS\System32\sechost.dll
0x00007ffb4bff0000 - 0x00007ffb4c110000 	C:\WINDOWS\System32\RPCRT4.dll
0x00007ffb4c920000 - 0x00007ffb4cab4000 	C:\WINDOWS\System32\USER32.dll
0x00007ffb4a6a0000 - 0x00007ffb4a6c1000 	C:\WINDOWS\System32\win32u.dll
0x00007ffb4c850000 - 0x00007ffb4c876000 	C:\WINDOWS\System32\GDI32.dll
0x00007ffb4a720000 - 0x00007ffb4a8b4000 	C:\WINDOWS\System32\gdi32full.dll
0x00007ffb4a400000 - 0x00007ffb4a49e000 	C:\WINDOWS\System32\msvcp_win.dll
0x00007ffb4ac70000 - 0x00007ffb4ad6a000 	C:\WINDOWS\System32\ucrtbase.dll
0x00007ffb3edd0000 - 0x00007ffb3f055000 	C:\WINDOWS\WinSxS\amd64_microsoft.windows.common-controls_6595b64144ccf1df_6.0.18362.778_none_e6c6b761130d4fb8\COMCTL32.dll
0x00007ffb446b0000 - 0x00007ffb446ba000 	C:\WINDOWS\SYSTEM32\VERSION.dll
0x00007ffb4c1d0000 - 0x00007ffb4c506000 	C:\WINDOWS\System32\combase.dll
0x00007ffb4a8c0000 - 0x00007ffb4a940000 	C:\WINDOWS\System32\bcryptPrimitives.dll
0x00007ffb4b4e0000 - 0x00007ffb4b50e000 	C:\WINDOWS\System32\IMM32.DLL
0x00007ffb26790000 - 0x00007ffb267a6000 	C:\Program Files\Java\jdk-11.0.3\bin\vcruntime140.dll
0x00007ffb23880000 - 0x00007ffb2392a000 	C:\Program Files\Java\jdk-11.0.3\bin\msvcp140.dll
0x00007ffaf4e30000 - 0x00007ffaf5957000 	C:\Program Files\Java\jdk-11.0.3\bin\server\jvm.dll
0x00007ffb4bd60000 - 0x00007ffb4bd68000 	C:\WINDOWS\System32\PSAPI.DLL
0x00007ffb3eb30000 - 0x00007ffb3eb39000 	C:\WINDOWS\SYSTEM32\WSOCK32.dll
0x00007ffb3fc30000 - 0x00007ffb3fc54000 	C:\WINDOWS\SYSTEM32\WINMM.dll
0x00007ffb4cb80000 - 0x00007ffb4cbef000 	C:\WINDOWS\System32\WS2_32.dll
0x00007ffb3f890000 - 0x00007ffb3f8bd000 	C:\WINDOWS\SYSTEM32\winmmbase.dll
0x00007ffb4a6d0000 - 0x00007ffb4a71a000 	C:\WINDOWS\System32\cfgmgr32.dll
0x00007ffb49b90000 - 0x00007ffb49ba1000 	C:\WINDOWS\System32\kernel.appcore.dll
0x00007ffb26770000 - 0x00007ffb26781000 	C:\Program Files\Java\jdk-11.0.3\bin\verify.dll
0x00007ffb48430000 - 0x00007ffb48624000 	C:\WINDOWS\SYSTEM32\DBGHELP.DLL
0x00007ffb43940000 - 0x00007ffb4396a000 	C:\WINDOWS\SYSTEM32\dbgcore.DLL
0x00007ffb26250000 - 0x00007ffb26279000 	C:\Program Files\Java\jdk-11.0.3\bin\java.dll
0x00007ffb42490000 - 0x00007ffb424bf000 	C:\Program Files\Java\jdk-11.0.3\bin\instrument.dll
0x00007ffb263d0000 - 0x00007ffb263e6000 	C:\Program Files\Java\jdk-11.0.3\bin\zip.dll
0x00007ffb28a40000 - 0x00007ffb28a4a000 	C:\Program Files\Java\jdk-11.0.3\bin\jimage.dll
0x00007ffb4b5a0000 - 0x00007ffb4bc85000 	C:\WINDOWS\System32\SHELL32.dll
0x00007ffb4be20000 - 0x00007ffb4bec9000 	C:\WINDOWS\System32\shcore.dll
0x00007ffb49c50000 - 0x00007ffb4a3d0000 	C:\WINDOWS\System32\windows.storage.dll
0x00007ffb49bb0000 - 0x00007ffb49bd3000 	C:\WINDOWS\System32\profapi.dll
0x00007ffb49c00000 - 0x00007ffb49c4a000 	C:\WINDOWS\System32\powrprof.dll
0x00007ffb49b80000 - 0x00007ffb49b90000 	C:\WINDOWS\System32\UMPDC.dll
0x00007ffb4c110000 - 0x00007ffb4c162000 	C:\WINDOWS\System32\shlwapi.dll
0x00007ffb4ac50000 - 0x00007ffb4ac67000 	C:\WINDOWS\System32\cryptsp.dll
0x00007ffb252e0000 - 0x00007ffb252f9000 	C:\Program Files\Java\jdk-11.0.3\bin\net.dll
0x00007ffb44910000 - 0x00007ffb44a00000 	C:\WINDOWS\SYSTEM32\WINHTTP.dll
0x00007ffb3ba40000 - 0x00007ffb3bc15000 	C:\WINDOWS\SYSTEM32\urlmon.dll
0x00007ffb3b0a0000 - 0x00007ffb3b346000 	C:\WINDOWS\SYSTEM32\iertutil.dll
0x00007ffb49560000 - 0x00007ffb4956c000 	C:\WINDOWS\SYSTEM32\CRYPTBASE.DLL
0x00007ffb49390000 - 0x00007ffb493f7000 	C:\WINDOWS\system32\mswsock.dll
0x00007ffb25080000 - 0x00007ffb25093000 	C:\Program Files\Java\jdk-11.0.3\bin\nio.dll
0x00007ffb41290000 - 0x00007ffb412aa000 	C:\Program Files\JetBrains\IntelliJ IDEA 2019.3.4\bin\breakgen64.dll

dbghelp: loaded successfully - version: 4.0.5 - missing functions: none
symbol engine: initialized successfully - sym options: 0x614 - pdb path: .;C:\Program Files\Java\jdk-11.0.3\bin;C:\WINDOWS\SYSTEM32;C:\WINDOWS\WinSxS\amd64_microsoft.windows.common-controls_6595b64144ccf1df_6.0.18362.778_none_e6c6b761130d4fb8;C:\Program Files\Java\jdk-11.0.3\bin\server;C:\Program Files\JetBrains\IntelliJ IDEA 2019.3.4\bin

VM Arguments:
jvm_args: -ea -Didea.test.cyclic.buffer.size=1048576 -javaagent:C:\Program Files\JetBrains\IntelliJ IDEA 2019.3.4\lib\idea_rt.jar=50839:C:\Program Files\JetBrains\IntelliJ IDEA 2019.3.4\bin -Dfile.encoding=UTF-8 
java_command: com.intellij.rt.junit.JUnitStarter -ideVersion5 -junit4 FlightManagment.CucumberTest
java_class_path (initial): C:\Program Files\JetBrains\IntelliJ IDEA 2019.3.4\lib\idea_rt.jar;C:\Program Files\JetBrains\IntelliJ IDEA 2019.3.4\plugins\junit\lib\junit5-rt.jar;C:\Program Files\JetBrains\IntelliJ IDEA 2019.3.4\plugins\junit\lib\junit-rt.jar;C:\Users\dounia\Documents\BDDFlightsManagementSystem\target\test-classes;C:\Users\dounia\Documents\BDDFlightsManagementSystem\target\classes;C:\Users\dounia\.m2\repository\org\junit\jupiter\junit-jupiter-api\5.0.1\junit-jupiter-api-5.0.1.jar;C:\Users\dounia\.m2\repository\org\opentest4j\opentest4j\1.0.0\opentest4j-1.0.0.jar;C:\Users\dounia\.m2\repository\org\junit\platform\junit-platform-commons\1.0.1\junit-platform-commons-1.0.1.jar;C:\Users\dounia\.m2\repository\org\junit\jupiter\junit-jupiter-engine\5.0.1\junit-jupiter-engine-5.0.1.jar;C:\Users\dounia\.m2\repository\org\junit\platform\junit-platform-engine\1.0.1\junit-platform-engine-1.0.1.jar;C:\Users\dounia\.m2\repository\io\cucumber\cucumber-java\4.2.0\cucumber-java-4.2.0.jar;C:\Users\dounia\.m2\repository\io\cucumber\cucumber-core\4.2.0\cucumber-core-4.2.0.jar;C:\Users\dounia\.m2\repository\io\cucumber\cucumber-html\0.2.7\cucumber-html-0.2.7.jar;C:\Users\dounia\.m2\repository\io\cucumber\gherkin\5.1.0\gherkin-5.1.0.jar;C:\Users\dounia\.m2\repository\io\cucumber\tag-expressions\1.1.1\tag-expressions-1.1.1.jar;C:\Users\dounia\.m2\repository\io\cucumber\cucumber-expressions\6.2.0\cucumber-expressions-6.2.0.jar;C:\Users\dounia\.m2\repository\io\cucumber\datatable\1.1.7\datatable-1.1.7.jar;C:\Users\dounia\.m2\repository\io\cucumber\datatable-dependencies\1.1.7\datatable-dependencies-1.1.7.jar;C:\Users\dounia\.m2\repository\net\serenity-bdd\serenity-core\2.0.47\serenity-core-2.0.47.jar;C:\Users\dounia\.m2\repository\net\bytebuddy\byte-buddy\1.9.12\byte-buddy-1.9.12.jar;C:\Users\dounia\.m2\repository\net\bytebuddy\byte-buddy-agent\1.9.12\byte-buddy-agent-1.9.12.jar;C:\Users\dounia\.m2\repository\com\google\guava\guava\25.0-jre\guava-25.0-jre.jar;C:\Users\dounia\.
Launcher Type: SUN_STANDARD

[Global flags]
     intx CICompilerCount                          = 4                                         {product} {ergonomic}
     uint ConcGCThreads                            = 2                                         {product} {ergonomic}
     uint G1ConcRefinementThreads                  = 8                                         {product} {ergonomic}
   size_t G1HeapRegionSize                         = 1048576                                   {product} {ergonomic}
    uintx GCDrainStackTargetSize                   = 64                                        {product} {ergonomic}
   size_t InitialHeapSize                          = 134217728                                 {product} {ergonomic}
   size_t MarkStackSize                            = 4194304                                   {product} {ergonomic}
   size_t MaxHeapSize                              = 2118123520                                {product} {ergonomic}
   size_t MaxNewSize                               = 1270874112                                {product} {ergonomic}
   size_t MinHeapDeltaBytes                        = 1048576                                   {product} {ergonomic}
    uintx NonNMethodCodeHeapSize                   = 5835340                                {pd product} {ergonomic}
    uintx NonProfiledCodeHeapSize                  = 122911450                              {pd product} {ergonomic}
    uintx ProfiledCodeHeapSize                     = 122911450                              {pd product} {ergonomic}
    uintx ReservedCodeCacheSize                    = 251658240                              {pd product} {ergonomic}
     bool SegmentedCodeCache                       = true                                      {product} {ergonomic}
     bool UseCompressedClassPointers               = true                                 {lp64_product} {ergonomic}
     bool UseCompressedOops                        = true                                 {lp64_product} {ergonomic}
     bool UseG1GC                                  = true                                      {product} {ergonomic}
     bool UseLargePagesIndividualAllocation        = false                                  {pd product} {ergonomic}

Logging:
Log output configuration:
 #0: stdout all=warning uptime,level,tags
 #1: stderr all=off uptime,level,tags

Environment Variables:
JAVA_HOME=C:\Program Files\Java\jdk-11.0.3
PATH=C:\Program Files (x86)\Common Files\Oracle\Java\javapath;C:\Program Files (x86)\Intel\iCLS Client\;C:\Program Files\Intel\iCLS Client\;C:\WINDOWS\system32;C:\WINDOWS;C:\WINDOWS\System32\Wbem;C:\WINDOWS\System32\WindowsPowerShell\v1.0\;C:\WINDOWS\System32\OpenSSH\;C:\Program Files (x86)\Intel\Intel(R) Management Engine Components\DAL;C:\Program Files\Intel\Intel(R) Management Engine Components\DAL;C:\Program Files (x86)\Intel\Intel(R) Management Engine Components\IPT;C:\Program Files\Intel\Intel(R) Management Engine Components\IPT;C:\Program Files\Intel\WiFi\bin\;C:\Program Files\Common Files\Intel\WirelessCommon\;C:\ProgramData\chocolatey\bin;C:\Program Files\Git\cmd;C:\Program Files\nodejs\;C:\Program Files\dotnet\;C:\Users\dounia\AppData\Local\Microsoft\WindowsApps;C:\Program Files\JetBrains\IntelliJ IDEA Community Edition 2019.1.2\bin;;C:\Program Files\Git\bin;C:\Program Files\Java\jdk1.8.0_231\bin;C:\Users\dounia\AppData\Roaming\npm;C:\Users\dounia\Documents\maven\apache-maven-3.6.2\bin;C:\Users\dounia\AppData\Local\Programs\Microsoft VS Code\bin;C:\Program Files\JetBrains\IntelliJ IDEA 2019.3.4\bin;;C:\Program Files\dotnet;
USERNAME=dounia
OS=Windows_NT
PROCESSOR_IDENTIFIER=Intel64 Family 6 Model 142 Stepping 10, GenuineIntel



---------------  S Y S T E M  ---------------

OS: Windows 10 , 64 bit Build 18362 (10.0.18362.778)

CPU:total 8 (initial active 8) (4 cores per cpu, 2 threads per core) family 6 model 142 stepping 10, cmov, cx8, fxsr, mmx, sse, sse2, sse3, ssse3, sse4.1, sse4.2, popcnt, avx, avx2, aes, clmul, erms, 3dnowpref, lzcnt, ht, tsc, tscinvbit, bmi1, bmi2, adx, fma

Memory: 4k page, system-wide physical 8078M (559M free)
TotalPageFile size 23207M (AvailPageFile size 3M)
current process WorkingSet (physical memory assigned to process): 105M, peak: 105M
current process commit charge ("private bytes"): 242M, peak: 242M

vm_info: Java HotSpot(TM) 64-Bit Server VM (11.0.3+12-LTS) for windows-amd64 JRE (11.0.3+12-LTS), built on Apr  2 2019 12:43:09 by "mach5one" with MS VC++ 15.5 (VS2017)

END.
