#
# There is insufficient memory for the Java Runtime Environment to continue.
# Native memory allocation (malloc) failed to allocate 32744 bytes for ChunkPool::allocate
# Possible reasons:
#   The system is out of physical RAM or swap space
#   The process is running with CompressedOops enabled, and the Java Heap may be blocking the growth of the native heap
# Possible solutions:
#   Reduce memory load on the system
#   Increase physical memory or swap space
#   Check if swap backing store is full
#   Decrease Java heap size (-Xmx/-Xms)
#   Decrease number of Java threads
#   Decrease Java thread stack sizes (-Xss)
#   Set larger code cache with -XX:ReservedCodeCacheSize=
#   JVM is running with Unscaled Compressed Oops mode in which the Java heap is
#     placed in the first 4GB address space. The Java Heap base address is the
#     maximum limit for the native heap growth. Please use -XX:HeapBaseMinAddress
#     to set the Java Heap base and to place the Java Heap above 4GB virtual address.
# This output file may be truncated or incomplete.
#
#  Out of Memory Error (t:/workspace/open/src/hotspot/share/memory/arena.cpp:81), pid=5580, tid=1384
#
# JRE version: Java(TM) SE Runtime Environment (11.0.3+12) (build 11.0.3+12-LTS)
# Java VM: Java HotSpot(TM) 64-Bit Server VM (11.0.3+12-LTS, mixed mode, tiered, compressed oops, g1 gc, windows-amd64)
# No core dump will be written. Minidumps are not enabled by default on client versions of Windows
#

---------------  S U M M A R Y ------------

Command Line: -Dmaven.multiModuleProjectDirectory=C:\Users\dounia\Documents\BDDFlightsManagementSystem -Dmaven.home=C:\Program Files\JetBrains\IntelliJ IDEA 2019.3.4\plugins\maven\lib\maven3 -Dclassworlds.conf=C:\Program Files\JetBrains\IntelliJ IDEA 2019.3.4\plugins\maven\lib\maven3\bin\m2.conf -Dmaven.ext.class.path=C:\Program Files\JetBrains\IntelliJ IDEA 2019.3.4\plugins\maven\lib\maven-event-listener.jar -javaagent:C:\Program Files\JetBrains\IntelliJ IDEA 2019.3.4\lib\idea_rt.jar=50844:C:\Program Files\JetBrains\IntelliJ IDEA 2019.3.4\bin -Dfile.encoding=UTF-8 org.codehaus.classworlds.Launcher -Didea.version2019.3.4 install

Host: Intel(R) Core(TM) i7-8550U CPU @ 1.80GHz, 8 cores, 7G,  Windows 10 , 64 bit Build 18362 (10.0.18362.778)
Time: Mon Apr 20 16:57:56 2020 Paris, Madrid (heure d?été) elapsed time: 2 seconds (0d 0h 0m 2s)

---------------  T H R E A D  ---------------

Current thread (0x0000024a0fc3b800):  JavaThread "main" [_thread_in_vm, id=1384, stack(0x0000006fd1800000,0x0000006fd1900000)]

Stack: [0x0000006fd1800000,0x0000006fd1900000]
Native frames: (J=compiled Java code, j=interpreted, Vv=VM code, C=native code)
V  [jvm.dll+0x63582a]
V  [jvm.dll+0x77360f]
V  [jvm.dll+0x774cba]
V  [jvm.dll+0x775373]
V  [jvm.dll+0x25e9c8]
V  [jvm.dll+0xc23fb]
V  [jvm.dll+0xc275c]
V  [jvm.dll+0x6b8b3d]
V  [jvm.dll+0x763e68]
V  [jvm.dll+0x767a2f]
V  [jvm.dll+0x762196]
V  [jvm.dll+0x7616b2]
V  [jvm.dll+0x379a5f]
V  [jvm.dll+0x378c1a]
V  [jvm.dll+0x378bb8]
V  [jvm.dll+0x535982]
V  [jvm.dll+0x5349c4]
V  [jvm.dll+0x38b01b]
V  [jvm.dll+0x38a6e3]
C  0x0000024a17f8dcee

Java frames: (J=compiled Java code, j=interpreted, Vv=VM code)
j  org.apache.maven.cli.MavenCli.parseExtClasspath(Lorg/apache/maven/cli/CliRequest;)Ljava/util/List;+35
j  org.apache.maven.cli.MavenCli.container(Lorg/apache/maven/cli/CliRequest;)Lorg/codehaus/plexus/PlexusContainer;+63
j  org.apache.maven.cli.MavenCli.doMain(Lorg/apache/maven/cli/CliRequest;)I+29
j  org.apache.maven.cli.MavenCli.main([Ljava/lang/String;Lorg/codehaus/plexus/classworlds/ClassWorld;)I+24
v  ~StubRoutines::call_stub
j  jdk.internal.reflect.NativeMethodAccessorImpl.invoke0(Ljava/lang/reflect/Method;Ljava/lang/Object;[Ljava/lang/Object;)Ljava/lang/Object;+0 java.base@11.0.3
j  jdk.internal.reflect.NativeMethodAccessorImpl.invoke(Ljava/lang/Object;[Ljava/lang/Object;)Ljava/lang/Object;+100 java.base@11.0.3
j  jdk.internal.reflect.DelegatingMethodAccessorImpl.invoke(Ljava/lang/Object;[Ljava/lang/Object;)Ljava/lang/Object;+6 java.base@11.0.3
j  java.lang.reflect.Method.invoke(Ljava/lang/Object;[Ljava/lang/Object;)Ljava/lang/Object;+59 java.base@11.0.3
j  org.codehaus.plexus.classworlds.launcher.Launcher.launchEnhanced([Ljava/lang/String;)V+45
j  org.codehaus.plexus.classworlds.launcher.Launcher.launch([Ljava/lang/String;)V+2
j  org.codehaus.plexus.classworlds.launcher.Launcher.mainWithExitCode([Ljava/lang/String;)I+101
j  org.codehaus.plexus.classworlds.launcher.Launcher.main([Ljava/lang/String;)V+1
j  org.codehaus.classworlds.Launcher.main([Ljava/lang/String;)V+1
v  ~StubRoutines::call_stub

---------------  P R O C E S S  ---------------

Threads class SMR info:
_java_thread_list=0x0000024a2f561740, length=11, elements={
0x0000024a0fc3b800, 0x0000024a2e819000, 0x0000024a2e83c800, 0x0000024a2e850800,
0x0000024a2e851800, 0x0000024a2e853800, 0x0000024a2f198800, 0x0000024a2f19a800,
0x0000024a2f340800, 0x0000024a2f4e5000, 0x0000024a2f4e5800
}

Java Threads: ( => current thread )
=>0x0000024a0fc3b800 JavaThread "main" [_thread_in_vm, id=1384, stack(0x0000006fd1800000,0x0000006fd1900000)]
  0x0000024a2e819000 JavaThread "Reference Handler" daemon [_thread_blocked, id=11268, stack(0x0000006fd1f00000,0x0000006fd2000000)]
  0x0000024a2e83c800 JavaThread "Finalizer" daemon [_thread_blocked, id=6200, stack(0x0000006fd2000000,0x0000006fd2100000)]
  0x0000024a2e850800 JavaThread "Signal Dispatcher" daemon [_thread_blocked, id=9628, stack(0x0000006fd2100000,0x0000006fd2200000)]
  0x0000024a2e851800 JavaThread "Attach Listener" daemon [_thread_blocked, id=4000, stack(0x0000006fd2200000,0x0000006fd2300000)]
  0x0000024a2e853800 JavaThread "C2 CompilerThread0" daemon [_thread_in_native, id=10972, stack(0x0000006fd2300000,0x0000006fd2400000)]
  0x0000024a2f198800 JavaThread "C1 CompilerThread0" daemon [_thread_blocked, id=8492, stack(0x0000006fd2400000,0x0000006fd2500000)]
  0x0000024a2f19a800 JavaThread "Sweeper thread" daemon [_thread_blocked, id=8120, stack(0x0000006fd2500000,0x0000006fd2600000)]
  0x0000024a2f340800 JavaThread "Common-Cleaner" daemon [_thread_blocked, id=16176, stack(0x0000006fd2600000,0x0000006fd2700000)]
  0x0000024a2f4e5000 JavaThread "Monitor Ctrl-Break" daemon [_thread_in_native, id=4120, stack(0x0000006fd2700000,0x0000006fd2800000)]
  0x0000024a2f4e5800 JavaThread "Service Thread" daemon [_thread_blocked, id=10140, stack(0x0000006fd2800000,0x0000006fd2900000)]

Other Threads:
  0x0000024a2e815000 VMThread "VM Thread" [stack: 0x0000006fd1e00000,0x0000006fd1f00000] [id=2988]
  0x0000024a2f555800 WatcherThread [stack: 0x0000006fd2900000,0x0000006fd2a00000] [id=9364]
  0x0000024a0fc54000 GCTaskThread "GC Thread#0" [stack: 0x0000006fd1900000,0x0000006fd1a00000] [id=10144]
  0x0000024a0fc84000 ConcurrentGCThread "G1 Main Marker" [stack: 0x0000006fd1a00000,0x0000006fd1b00000] [id=10488]
  0x0000024a0fc85800 ConcurrentGCThread "G1 Conc#0" [stack: 0x0000006fd1b00000,0x0000006fd1c00000] [id=15604]
  0x0000024a0fd0e000 ConcurrentGCThread "G1 Refine#0" [stack: 0x0000006fd1c00000,0x0000006fd1d00000] [id=6716]
  0x0000024a2e67c800 ConcurrentGCThread "G1 Young RemSet Sampling" [stack: 0x0000006fd1d00000,0x0000006fd1e00000] [id=15808]

Threads with active compile tasks:
C2 CompilerThread0 684       4       java.util.zip.ZipFile$Source::getEntryPos (206 bytes)

VM state:not at safepoint (normal execution)

VM Mutex/Monitor currently owned by a thread: None

Heap address: 0x0000000081c00000, size: 2020 MB, Compressed Oops mode: 32-bit
Narrow klass base: 0x0000000000000000, Narrow klass shift: 3
Compressed class space size: 1073741824 Address: 0x0000000100000000

Heap:
 garbage-first heap   total 131072K, used 10240K [0x0000000081c00000, 0x0000000100000000)
  region size 1024K, 11 young (11264K), 0 survivors (0K)
 Metaspace       used 9950K, capacity 10219K, committed 10496K, reserved 1058816K
  class space    used 898K, capacity 961K, committed 1024K, reserved 1048576K
Heap Regions: E=young(eden), S=young(survivor), O=old, HS=humongous(starts), HC=humongous(continues), CS=collection set, F=free, A=archive, TAMS=top-at-mark-start (previous, next)
|   0|0x0000000081c00000, 0x0000000081c00000, 0x0000000081d00000|  0%| F|  |TAMS 0x0000000081c00000, 0x0000000081c00000| Untracked 
|   1|0x0000000081d00000, 0x0000000081d00000, 0x0000000081e00000|  0%| F|  |TAMS 0x0000000081d00000, 0x0000000081d00000| Untracked 
|   2|0x0000000081e00000, 0x0000000081e00000, 0x0000000081f00000|  0%| F|  |TAMS 0x0000000081e00000, 0x0000000081e00000| Untracked 
|   3|0x0000000081f00000, 0x0000000081f00000, 0x0000000082000000|  0%| F|  |TAMS 0x0000000081f00000, 0x0000000081f00000| Untracked 
|   4|0x0000000082000000, 0x0000000082000000, 0x0000000082100000|  0%| F|  |TAMS 0x0000000082000000, 0x0000000082000000| Untracked 
|   5|0x0000000082100000, 0x0000000082100000, 0x0000000082200000|  0%| F|  |TAMS 0x0000000082100000, 0x0000000082100000| Untracked 
|   6|0x0000000082200000, 0x0000000082200000, 0x0000000082300000|  0%| F|  |TAMS 0x0000000082200000, 0x0000000082200000| Untracked 
|   7|0x0000000082300000, 0x0000000082300000, 0x0000000082400000|  0%| F|  |TAMS 0x0000000082300000, 0x0000000082300000| Untracked 
|   8|0x0000000082400000, 0x0000000082400000, 0x0000000082500000|  0%| F|  |TAMS 0x0000000082400000, 0x0000000082400000| Untracked 
|   9|0x0000000082500000, 0x0000000082500000, 0x0000000082600000|  0%| F|  |TAMS 0x0000000082500000, 0x0000000082500000| Untracked 
|  10|0x0000000082600000, 0x0000000082600000, 0x0000000082700000|  0%| F|  |TAMS 0x0000000082600000, 0x0000000082600000| Untracked 
|  11|0x0000000082700000, 0x0000000082700000, 0x0000000082800000|  0%| F|  |TAMS 0x0000000082700000, 0x0000000082700000| Untracked 
|  12|0x0000000082800000, 0x0000000082800000, 0x0000000082900000|  0%| F|  |TAMS 0x0000000082800000, 0x0000000082800000| Untracked 
|  13|0x0000000082900000, 0x0000000082900000, 0x0000000082a00000|  0%| F|  |TAMS 0x0000000082900000, 0x0000000082900000| Untracked 
|  14|0x0000000082a00000, 0x0000000082a00000, 0x0000000082b00000|  0%| F|  |TAMS 0x0000000082a00000, 0x0000000082a00000| Untracked 
|  15|0x0000000082b00000, 0x0000000082b00000, 0x0000000082c00000|  0%| F|  |TAMS 0x0000000082b00000, 0x0000000082b00000| Untracked 
|  16|0x0000000082c00000, 0x0000000082c00000, 0x0000000082d00000|  0%| F|  |TAMS 0x0000000082c00000, 0x0000000082c00000| Untracked 
|  17|0x0000000082d00000, 0x0000000082d00000, 0x0000000082e00000|  0%| F|  |TAMS 0x0000000082d00000, 0x0000000082d00000| Untracked 
|  18|0x0000000082e00000, 0x0000000082e00000, 0x0000000082f00000|  0%| F|  |TAMS 0x0000000082e00000, 0x0000000082e00000| Untracked 
|  19|0x0000000082f00000, 0x0000000082f00000, 0x0000000083000000|  0%| F|  |TAMS 0x0000000082f00000, 0x0000000082f00000| Untracked 
|  20|0x0000000083000000, 0x0000000083000000, 0x0000000083100000|  0%| F|  |TAMS 0x0000000083000000, 0x0000000083000000| Untracked 
|  21|0x0000000083100000, 0x0000000083100000, 0x0000000083200000|  0%| F|  |TAMS 0x0000000083100000, 0x0000000083100000| Untracked 
|  22|0x0000000083200000, 0x0000000083200000, 0x0000000083300000|  0%| F|  |TAMS 0x0000000083200000, 0x0000000083200000| Untracked 
|  23|0x0000000083300000, 0x0000000083300000, 0x0000000083400000|  0%| F|  |TAMS 0x0000000083300000, 0x0000000083300000| Untracked 
|  24|0x0000000083400000, 0x0000000083400000, 0x0000000083500000|  0%| F|  |TAMS 0x0000000083400000, 0x0000000083400000| Untracked 
|  25|0x0000000083500000, 0x0000000083500000, 0x0000000083600000|  0%| F|  |TAMS 0x0000000083500000, 0x0000000083500000| Untracked 
|  26|0x0000000083600000, 0x0000000083600000, 0x0000000083700000|  0%| F|  |TAMS 0x0000000083600000, 0x0000000083600000| Untracked 
|  27|0x0000000083700000, 0x0000000083700000, 0x0000000083800000|  0%| F|  |TAMS 0x0000000083700000, 0x0000000083700000| Untracked 
|  28|0x0000000083800000, 0x0000000083800000, 0x0000000083900000|  0%| F|  |TAMS 0x0000000083800000, 0x0000000083800000| Untracked 
|  29|0x0000000083900000, 0x0000000083900000, 0x0000000083a00000|  0%| F|  |TAMS 0x0000000083900000, 0x0000000083900000| Untracked 
|  30|0x0000000083a00000, 0x0000000083a00000, 0x0000000083b00000|  0%| F|  |TAMS 0x0000000083a00000, 0x0000000083a00000| Untracked 
|  31|0x0000000083b00000, 0x0000000083b00000, 0x0000000083c00000|  0%| F|  |TAMS 0x0000000083b00000, 0x0000000083b00000| Untracked 
|  32|0x0000000083c00000, 0x0000000083c00000, 0x0000000083d00000|  0%| F|  |TAMS 0x0000000083c00000, 0x0000000083c00000| Untracked 
|  33|0x0000000083d00000, 0x0000000083d00000, 0x0000000083e00000|  0%| F|  |TAMS 0x0000000083d00000, 0x0000000083d00000| Untracked 
|  34|0x0000000083e00000, 0x0000000083e00000, 0x0000000083f00000|  0%| F|  |TAMS 0x0000000083e00000, 0x0000000083e00000| Untracked 
|  35|0x0000000083f00000, 0x0000000083f00000, 0x0000000084000000|  0%| F|  |TAMS 0x0000000083f00000, 0x0000000083f00000| Untracked 
|  36|0x0000000084000000, 0x0000000084000000, 0x0000000084100000|  0%| F|  |TAMS 0x0000000084000000, 0x0000000084000000| Untracked 
|  37|0x0000000084100000, 0x0000000084100000, 0x0000000084200000|  0%| F|  |TAMS 0x0000000084100000, 0x0000000084100000| Untracked 
|  38|0x0000000084200000, 0x0000000084200000, 0x0000000084300000|  0%| F|  |TAMS 0x0000000084200000, 0x0000000084200000| Untracked 
|  39|0x0000000084300000, 0x0000000084300000, 0x0000000084400000|  0%| F|  |TAMS 0x0000000084300000, 0x0000000084300000| Untracked 
|  40|0x0000000084400000, 0x0000000084400000, 0x0000000084500000|  0%| F|  |TAMS 0x0000000084400000, 0x0000000084400000| Untracked 
|  41|0x0000000084500000, 0x0000000084500000, 0x0000000084600000|  0%| F|  |TAMS 0x0000000084500000, 0x0000000084500000| Untracked 
|  42|0x0000000084600000, 0x0000000084600000, 0x0000000084700000|  0%| F|  |TAMS 0x0000000084600000, 0x0000000084600000| Untracked 
|  43|0x0000000084700000, 0x0000000084700000, 0x0000000084800000|  0%| F|  |TAMS 0x0000000084700000, 0x0000000084700000| Untracked 
|  44|0x0000000084800000, 0x0000000084800000, 0x0000000084900000|  0%| F|  |TAMS 0x0000000084800000, 0x0000000084800000| Untracked 
|  45|0x0000000084900000, 0x0000000084900000, 0x0000000084a00000|  0%| F|  |TAMS 0x0000000084900000, 0x0000000084900000| Untracked 
|  46|0x0000000084a00000, 0x0000000084a00000, 0x0000000084b00000|  0%| F|  |TAMS 0x0000000084a00000, 0x0000000084a00000| Untracked 
|  47|0x0000000084b00000, 0x0000000084b00000, 0x0000000084c00000|  0%| F|  |TAMS 0x0000000084b00000, 0x0000000084b00000| Untracked 
|  48|0x0000000084c00000, 0x0000000084c00000, 0x0000000084d00000|  0%| F|  |TAMS 0x0000000084c00000, 0x0000000084c00000| Untracked 
|  49|0x0000000084d00000, 0x0000000084d00000, 0x0000000084e00000|  0%| F|  |TAMS 0x0000000084d00000, 0x0000000084d00000| Untracked 
|  50|0x0000000084e00000, 0x0000000084e00000, 0x0000000084f00000|  0%| F|  |TAMS 0x0000000084e00000, 0x0000000084e00000| Untracked 
|  51|0x0000000084f00000, 0x0000000084f00000, 0x0000000085000000|  0%| F|  |TAMS 0x0000000084f00000, 0x0000000084f00000| Untracked 
|  52|0x0000000085000000, 0x0000000085000000, 0x0000000085100000|  0%| F|  |TAMS 0x0000000085000000, 0x0000000085000000| Untracked 
|  53|0x0000000085100000, 0x0000000085100000, 0x0000000085200000|  0%| F|  |TAMS 0x0000000085100000, 0x0000000085100000| Untracked 
|  54|0x0000000085200000, 0x0000000085200000, 0x0000000085300000|  0%| F|  |TAMS 0x0000000085200000, 0x0000000085200000| Untracked 
|  55|0x0000000085300000, 0x0000000085300000, 0x0000000085400000|  0%| F|  |TAMS 0x0000000085300000, 0x0000000085300000| Untracked 
|  56|0x0000000085400000, 0x0000000085400000, 0x0000000085500000|  0%| F|  |TAMS 0x0000000085400000, 0x0000000085400000| Untracked 
|  57|0x0000000085500000, 0x0000000085500000, 0x0000000085600000|  0%| F|  |TAMS 0x0000000085500000, 0x0000000085500000| Untracked 
|  58|0x0000000085600000, 0x0000000085600000, 0x0000000085700000|  0%| F|  |TAMS 0x0000000085600000, 0x0000000085600000| Untracked 
|  59|0x0000000085700000, 0x0000000085700000, 0x0000000085800000|  0%| F|  |TAMS 0x0000000085700000, 0x0000000085700000| Untracked 
|  60|0x0000000085800000, 0x0000000085800000, 0x0000000085900000|  0%| F|  |TAMS 0x0000000085800000, 0x0000000085800000| Untracked 
|  61|0x0000000085900000, 0x0000000085900000, 0x0000000085a00000|  0%| F|  |TAMS 0x0000000085900000, 0x0000000085900000| Untracked 
|  62|0x0000000085a00000, 0x0000000085a00000, 0x0000000085b00000|  0%| F|  |TAMS 0x0000000085a00000, 0x0000000085a00000| Untracked 
|  63|0x0000000085b00000, 0x0000000085b00000, 0x0000000085c00000|  0%| F|  |TAMS 0x0000000085b00000, 0x0000000085b00000| Untracked 
|  64|0x0000000085c00000, 0x0000000085c00000, 0x0000000085d00000|  0%| F|  |TAMS 0x0000000085c00000, 0x0000000085c00000| Untracked 
|  65|0x0000000085d00000, 0x0000000085d00000, 0x0000000085e00000|  0%| F|  |TAMS 0x0000000085d00000, 0x0000000085d00000| Untracked 
|  66|0x0000000085e00000, 0x0000000085e00000, 0x0000000085f00000|  0%| F|  |TAMS 0x0000000085e00000, 0x0000000085e00000| Untracked 
|  67|0x0000000085f00000, 0x0000000085f00000, 0x0000000086000000|  0%| F|  |TAMS 0x0000000085f00000, 0x0000000085f00000| Untracked 
|  68|0x0000000086000000, 0x0000000086000000, 0x0000000086100000|  0%| F|  |TAMS 0x0000000086000000, 0x0000000086000000| Untracked 
|  69|0x0000000086100000, 0x0000000086100000, 0x0000000086200000|  0%| F|  |TAMS 0x0000000086100000, 0x0000000086100000| Untracked 
|  70|0x0000000086200000, 0x0000000086200000, 0x0000000086300000|  0%| F|  |TAMS 0x0000000086200000, 0x0000000086200000| Untracked 
|  71|0x0000000086300000, 0x0000000086300000, 0x0000000086400000|  0%| F|  |TAMS 0x0000000086300000, 0x0000000086300000| Untracked 
|  72|0x0000000086400000, 0x0000000086400000, 0x0000000086500000|  0%| F|  |TAMS 0x0000000086400000, 0x0000000086400000| Untracked 
|  73|0x0000000086500000, 0x0000000086500000, 0x0000000086600000|  0%| F|  |TAMS 0x0000000086500000, 0x0000000086500000| Untracked 
|  74|0x0000000086600000, 0x0000000086600000, 0x0000000086700000|  0%| F|  |TAMS 0x0000000086600000, 0x0000000086600000| Untracked 
|  75|0x0000000086700000, 0x0000000086700000, 0x0000000086800000|  0%| F|  |TAMS 0x0000000086700000, 0x0000000086700000| Untracked 
|  76|0x0000000086800000, 0x0000000086800000, 0x0000000086900000|  0%| F|  |TAMS 0x0000000086800000, 0x0000000086800000| Untracked 
|  77|0x0000000086900000, 0x0000000086900000, 0x0000000086a00000|  0%| F|  |TAMS 0x0000000086900000, 0x0000000086900000| Untracked 
|  78|0x0000000086a00000, 0x0000000086a00000, 0x0000000086b00000|  0%| F|  |TAMS 0x0000000086a00000, 0x0000000086a00000| Untracked 
|  79|0x0000000086b00000, 0x0000000086b00000, 0x0000000086c00000|  0%| F|  |TAMS 0x0000000086b00000, 0x0000000086b00000| Untracked 
|  80|0x0000000086c00000, 0x0000000086c00000, 0x0000000086d00000|  0%| F|  |TAMS 0x0000000086c00000, 0x0000000086c00000| Untracked 
|  81|0x0000000086d00000, 0x0000000086d00000, 0x0000000086e00000|  0%| F|  |TAMS 0x0000000086d00000, 0x0000000086d00000| Untracked 
|  82|0x0000000086e00000, 0x0000000086e00000, 0x0000000086f00000|  0%| F|  |TAMS 0x0000000086e00000, 0x0000000086e00000| Untracked 
|  83|0x0000000086f00000, 0x0000000086f00000, 0x0000000087000000|  0%| F|  |TAMS 0x0000000086f00000, 0x0000000086f00000| Untracked 
|  84|0x0000000087000000, 0x0000000087000000, 0x0000000087100000|  0%| F|  |TAMS 0x0000000087000000, 0x0000000087000000| Untracked 
|  85|0x0000000087100000, 0x0000000087100000, 0x0000000087200000|  0%| F|  |TAMS 0x0000000087100000, 0x0000000087100000| Untracked 
|  86|0x0000000087200000, 0x0000000087200000, 0x0000000087300000|  0%| F|  |TAMS 0x0000000087200000, 0x0000000087200000| Untracked 
|  87|0x0000000087300000, 0x0000000087300000, 0x0000000087400000|  0%| F|  |TAMS 0x0000000087300000, 0x0000000087300000| Untracked 
|  88|0x0000000087400000, 0x0000000087400000, 0x0000000087500000|  0%| F|  |TAMS 0x0000000087400000, 0x0000000087400000| Untracked 
|  89|0x0000000087500000, 0x0000000087500000, 0x0000000087600000|  0%| F|  |TAMS 0x0000000087500000, 0x0000000087500000| Untracked 
|  90|0x0000000087600000, 0x0000000087600000, 0x0000000087700000|  0%| F|  |TAMS 0x0000000087600000, 0x0000000087600000| Untracked 
|  91|0x0000000087700000, 0x0000000087700000, 0x0000000087800000|  0%| F|  |TAMS 0x0000000087700000, 0x0000000087700000| Untracked 
|  92|0x0000000087800000, 0x0000000087800000, 0x0000000087900000|  0%| F|  |TAMS 0x0000000087800000, 0x0000000087800000| Untracked 
|  93|0x0000000087900000, 0x0000000087900000, 0x0000000087a00000|  0%| F|  |TAMS 0x0000000087900000, 0x0000000087900000| Untracked 
|  94|0x0000000087a00000, 0x0000000087a00000, 0x0000000087b00000|  0%| F|  |TAMS 0x0000000087a00000, 0x0000000087a00000| Untracked 
|  95|0x0000000087b00000, 0x0000000087b00000, 0x0000000087c00000|  0%| F|  |TAMS 0x0000000087b00000, 0x0000000087b00000| Untracked 
|  96|0x0000000087c00000, 0x0000000087c00000, 0x0000000087d00000|  0%| F|  |TAMS 0x0000000087c00000, 0x0000000087c00000| Untracked 
|  97|0x0000000087d00000, 0x0000000087d00000, 0x0000000087e00000|  0%| F|  |TAMS 0x0000000087d00000, 0x0000000087d00000| Untracked 
|  98|0x0000000087e00000, 0x0000000087e00000, 0x0000000087f00000|  0%| F|  |TAMS 0x0000000087e00000, 0x0000000087e00000| Untracked 
|  99|0x0000000087f00000, 0x0000000087f00000, 0x0000000088000000|  0%| F|  |TAMS 0x0000000087f00000, 0x0000000087f00000| Untracked 
| 100|0x0000000088000000, 0x0000000088000000, 0x0000000088100000|  0%| F|  |TAMS 0x0000000088000000, 0x0000000088000000| Untracked 
| 101|0x0000000088100000, 0x0000000088100000, 0x0000000088200000|  0%| F|  |TAMS 0x0000000088100000, 0x0000000088100000| Untracked 
| 102|0x0000000088200000, 0x0000000088200000, 0x0000000088300000|  0%| F|  |TAMS 0x0000000088200000, 0x0000000088200000| Untracked 
| 103|0x0000000088300000, 0x0000000088300000, 0x0000000088400000|  0%| F|  |TAMS 0x0000000088300000, 0x0000000088300000| Untracked 
| 104|0x0000000088400000, 0x0000000088400000, 0x0000000088500000|  0%| F|  |TAMS 0x0000000088400000, 0x0000000088400000| Untracked 
| 105|0x0000000088500000, 0x0000000088500000, 0x0000000088600000|  0%| F|  |TAMS 0x0000000088500000, 0x0000000088500000| Untracked 
| 106|0x0000000088600000, 0x0000000088600000, 0x0000000088700000|  0%| F|  |TAMS 0x0000000088600000, 0x0000000088600000| Untracked 
| 107|0x0000000088700000, 0x0000000088700000, 0x0000000088800000|  0%| F|  |TAMS 0x0000000088700000, 0x0000000088700000| Untracked 
| 108|0x0000000088800000, 0x0000000088800000, 0x0000000088900000|  0%| F|  |TAMS 0x0000000088800000, 0x0000000088800000| Untracked 
| 109|0x0000000088900000, 0x0000000088900000, 0x0000000088a00000|  0%| F|  |TAMS 0x0000000088900000, 0x0000000088900000| Untracked 
| 110|0x0000000088a00000, 0x0000000088a00000, 0x0000000088b00000|  0%| F|  |TAMS 0x0000000088a00000, 0x0000000088a00000| Untracked 
| 111|0x0000000088b00000, 0x0000000088b00000, 0x0000000088c00000|  0%| F|  |TAMS 0x0000000088b00000, 0x0000000088b00000| Untracked 
| 112|0x0000000088c00000, 0x0000000088c00000, 0x0000000088d00000|  0%| F|  |TAMS 0x0000000088c00000, 0x0000000088c00000| Untracked 
| 113|0x0000000088d00000, 0x0000000088d00000, 0x0000000088e00000|  0%| F|  |TAMS 0x0000000088d00000, 0x0000000088d00000| Untracked 
| 114|0x0000000088e00000, 0x0000000088e00000, 0x0000000088f00000|  0%| F|  |TAMS 0x0000000088e00000, 0x0000000088e00000| Untracked 
| 115|0x0000000088f00000, 0x0000000088f00000, 0x0000000089000000|  0%| F|  |TAMS 0x0000000088f00000, 0x0000000088f00000| Untracked 
| 116|0x0000000089000000, 0x0000000089000000, 0x0000000089100000|  0%| F|  |TAMS 0x0000000089000000, 0x0000000089000000| Untracked 
| 117|0x0000000089100000, 0x000000008917d630, 0x0000000089200000| 48%| E|  |TAMS 0x0000000089100000, 0x0000000089100000| Complete 
| 118|0x0000000089200000, 0x0000000089300000, 0x0000000089300000|100%| E|CS|TAMS 0x0000000089200000, 0x0000000089200000| Complete 
| 119|0x0000000089300000, 0x0000000089400000, 0x0000000089400000|100%| E|CS|TAMS 0x0000000089300000, 0x0000000089300000| Complete 
| 120|0x0000000089400000, 0x0000000089500000, 0x0000000089500000|100%| E|CS|TAMS 0x0000000089400000, 0x0000000089400000| Complete 
| 121|0x0000000089500000, 0x0000000089600000, 0x0000000089600000|100%| E|CS|TAMS 0x0000000089500000, 0x0000000089500000| Complete 
| 122|0x0000000089600000, 0x0000000089700000, 0x0000000089700000|100%| E|CS|TAMS 0x0000000089600000, 0x0000000089600000| Complete 
| 123|0x0000000089700000, 0x0000000089800000, 0x0000000089800000|100%| E|CS|TAMS 0x0000000089700000, 0x0000000089700000| Complete 
| 124|0x0000000089800000, 0x0000000089900000, 0x0000000089900000|100%| E|CS|TAMS 0x0000000089800000, 0x0000000089800000| Complete 
| 125|0x0000000089900000, 0x0000000089a00000, 0x0000000089a00000|100%| E|CS|TAMS 0x0000000089900000, 0x0000000089900000| Complete 
| 126|0x0000000089a00000, 0x0000000089b00000, 0x0000000089b00000|100%| E|CS|TAMS 0x0000000089a00000, 0x0000000089a00000| Complete 
| 127|0x0000000089b00000, 0x0000000089c00000, 0x0000000089c00000|100%| E|CS|TAMS 0x0000000089b00000, 0x0000000089b00000| Complete 

Card table byte_map: [0x0000024a276c0000,0x0000024a27ac0000] _byte_map_base: 0x0000024a272b2000

Marking Bits (Prev, Next): (CMBitMap*) 0x0000024a0fc7b8d8, (CMBitMap*) 0x0000024a0fc7b910
 Prev Bits: [0x0000024a27ec0000, 0x0000024a29e50000)
 Next Bits: [0x0000024a29e50000, 0x0000024a2bde0000)

Polling page: 0x0000024a0dbf0000

Metaspace:

Usage:
  Non-class:      9.04 MB capacity,     8.84 MB ( 98%) used,   196.58 KB (  2%) free+waste,     9.56 KB ( <1%) overhead. 
      Class:    961.00 KB capacity,   898.41 KB ( 93%) used,    58.34 KB (  6%) free+waste,     4.25 KB ( <1%) overhead. 
       Both:      9.98 MB capacity,     9.72 MB ( 97%) used,   254.91 KB (  2%) free+waste,    13.81 KB ( <1%) overhead. 

Virtual space:
  Non-class space:       10.00 MB reserved,       9.25 MB ( 93%) committed 
      Class space:        1.00 GB reserved,       1.00 MB ( <1%) committed 
             Both:        1.01 GB reserved,      10.25 MB ( <1%) committed 

Chunk freelists:
   Non-Class:  2.75 KB
       Class:  3.88 KB
        Both:  6.63 KB

CodeHeap 'non-profiled nmethods': size=120000Kb used=214Kb max_used=214Kb free=119785Kb
 bounds [0x0000024a1fa40000, 0x0000024a1fcb0000, 0x0000024a26f70000]
CodeHeap 'profiled nmethods': size=120000Kb used=1195Kb max_used=1195Kb free=118804Kb
 bounds [0x0000024a18510000, 0x0000024a18780000, 0x0000024a1fa40000]
CodeHeap 'non-nmethods': size=5760Kb used=1078Kb max_used=1090Kb free=4681Kb
 bounds [0x0000024a17f70000, 0x0000024a181e0000, 0x0000024a18510000]
 total_blobs=1239 nmethods=688 adapters=288
 compilation: enabled
              stopped_count=0, restarted_count=0
 full_count=0

Compilation events (10 events):
Event: 2.169 Thread 0x0000024a2f198800 nmethod 674 0x0000024a18623e90 code [0x0000024a186240a0, 0x0000024a186247c0]
Event: 2.169 Thread 0x0000024a2f198800  675       3       jdk.internal.jimage.ImageReader::findLocation (14 bytes)
Event: 2.169 Thread 0x0000024a2f198800 nmethod 675 0x0000024a18624990 code [0x0000024a18624b80, 0x0000024a18624f20]
Event: 2.169 Thread 0x0000024a2f198800  676  s    3       jdk.internal.jimage.BasicImageReader::findLocation (115 bytes)
Event: 2.169 Thread 0x0000024a2f198800 nmethod 676 0x0000024a18625090 code [0x0000024a186253c0, 0x0000024a186265a0]
Event: 2.170 Thread 0x0000024a2e853800 nmethod 670% 0x0000024a1fa75210 code [0x0000024a1fa753c0, 0x0000024a1fa75738]
Event: 2.175 Thread 0x0000024a2f198800  682       3       sun.net.www.protocol.file.Handler::parseURL (18 bytes)
Event: 2.175 Thread 0x0000024a2e853800  684       4       java.util.zip.ZipFile$Source::getEntryPos (206 bytes)
Event: 2.175 Thread 0x0000024a2f198800 nmethod 682 0x0000024a18626b90 code [0x0000024a18626d60, 0x0000024a18626f60]
Event: 2.175 Thread 0x0000024a2f198800  683       3       java.net.URLStreamHandler::parseURL (1201 bytes)

GC Heap History (0 events):
No events

Deoptimization events (10 events):
Event: 1.924 Thread 0x0000024a0fc3b800 Uncommon trap: reason=unstable_if action=reinterpret pc=0x0000024a1fa5b540 method=java.util.zip.ZipFile$Source.isMetaName([BII)Z @ 43 c2
Event: 1.940 Thread 0x0000024a0fc3b800 Uncommon trap: reason=class_check action=maybe_recompile pc=0x0000024a1fa4de88 method=java.util.HashMap.putVal(ILjava/lang/Object;Ljava/lang/Object;ZZ)Ljava/lang/Object; @ 253 c2
Event: 1.940 Thread 0x0000024a0fc3b800 Uncommon trap: reason=class_check action=maybe_recompile pc=0x0000024a1fa4de88 method=java.util.HashMap.putVal(ILjava/lang/Object;Ljava/lang/Object;ZZ)Ljava/lang/Object; @ 253 c2
Event: 1.940 Thread 0x0000024a0fc3b800 Uncommon trap: reason=class_check action=maybe_recompile pc=0x0000024a1fa4de88 method=java.util.HashMap.putVal(ILjava/lang/Object;Ljava/lang/Object;ZZ)Ljava/lang/Object; @ 253 c2
Event: 1.941 Thread 0x0000024a0fc3b800 Uncommon trap: reason=class_check action=maybe_recompile pc=0x0000024a1fa4de88 method=java.util.HashMap.putVal(ILjava/lang/Object;Ljava/lang/Object;ZZ)Ljava/lang/Object; @ 253 c2
Event: 2.114 Thread 0x0000024a0fc3b800 Uncommon trap: reason=unstable_if action=reinterpret pc=0x0000024a1fa5f4f8 method=java.lang.StringCoding.hasNegatives([BII)Z @ 12 c2
Event: 2.121 Thread 0x0000024a0fc3b800 Uncommon trap: reason=bimorphic_or_optimized_type_check action=maybe_recompile pc=0x0000024a1fa67600 method=java.util.HashMap.putVal(ILjava/lang/Object;Ljava/lang/Object;ZZ)Ljava/lang/Object; @ 152 c2
Event: 2.156 Thread 0x0000024a0fc3b800 Uncommon trap: reason=unstable_if action=reinterpret pc=0x0000024a1fa54eb0 method=java.lang.StringLatin1.canEncode(I)Z @ 4 c2
Event: 2.156 Thread 0x0000024a0fc3b800 Uncommon trap: reason=unstable_if action=reinterpret pc=0x0000024a1fa54588 method=java.lang.AbstractStringBuilder.isLatin1()Z @ 10 c2
Event: 2.163 Thread 0x0000024a0fc3b800 Uncommon trap: reason=unstable_if action=reinterpret pc=0x0000024a1fa675d4 method=java.util.HashMap.putVal(ILjava/lang/Object;Ljava/lang/Object;ZZ)Ljava/lang/Object; @ 81 c2

Classes redefined (0 events):
No events

Internal exceptions (3 events):
Event: 1.820 Thread 0x0000024a0fc3b800 Exception <a 'java/lang/NoSuchMethodError'{0x0000000089688c38}: java.lang.invoke.DirectMethodHandle$Holder.invokeSpecialIFC(Ljava/lang/Object;Ljava/lang/Object;I)I> (0x0000000089688c38) thrown at [t:/workspace/open/src/hotspot/share/interpreter/linkResolv
Event: 1.942 Thread 0x0000024a0fc3b800 Exception <a 'java/lang/NoSuchMethodError'{0x00000000895b6a60}: java.lang.invoke.DirectMethodHandle$Holder.invokeStaticInit(Ljava/lang/Object;IIII)Ljava/lang/Object;> (0x00000000895b6a60) thrown at [t:/workspace/open/src/hotspot/share/interpreter/linkReso
Event: 2.075 Thread 0x0000024a0fc3b800 Exception <a 'java/lang/NoSuchMethodError'{0x00000000894278a0}: java.lang.invoke.DirectMethodHandle$Holder.invokeStaticInit(Ljava/lang/Object;Ljava/lang/Object;IIII)Ljava/lang/Object;> (0x00000000894278a0) thrown at [t:/workspace/open/src/hotspot/share/in

Events (10 events):
Event: 2.180 loading class org/apache/maven/cli/logging/Slf4jLoggerManager
Event: 2.180 loading class org/apache/maven/cli/logging/Slf4jLoggerManager done
Event: 2.181 loading class org/codehaus/plexus/logging/Logger
Event: 2.181 loading class org/codehaus/plexus/logging/Logger done
Event: 2.181 loading class org/codehaus/plexus/util/StringUtils
Event: 2.181 loading class org/codehaus/plexus/util/StringUtils done
Event: 2.182 loading class java/lang/StringIndexOutOfBoundsException
Event: 2.182 loading class java/lang/IndexOutOfBoundsException
Event: 2.182 loading class java/lang/IndexOutOfBoundsException done
Event: 2.182 loading class java/lang/StringIndexOutOfBoundsException done


Dynamic libraries:
0x00007ff76dc90000 - 0x00007ff76dcd7000 	C:\Program Files\Java\jdk-11.0.3\bin\java.exe
0x00007ffb4ccc0000 - 0x00007ffb4ceb0000 	C:\WINDOWS\SYSTEM32\ntdll.dll
0x00007ffb4c510000 - 0x00007ffb4c5c2000 	C:\WINDOWS\System32\KERNEL32.DLL
0x00007ffb4a940000 - 0x00007ffb4abe3000 	C:\WINDOWS\System32\KERNELBASE.dll
0x00007ffb4bd70000 - 0x00007ffb4be13000 	C:\WINDOWS\System32\ADVAPI32.dll
0x00007ffb4cac0000 - 0x00007ffb4cb5e000 	C:\WINDOWS\System32\msvcrt.dll
0x00007ffb4c880000 - 0x00007ffb4c917000 	C:\WINDOWS\System32\sechost.dll
0x00007ffb4bff0000 - 0x00007ffb4c110000 	C:\WINDOWS\System32\RPCRT4.dll
0x00007ffb4c920000 - 0x00007ffb4cab4000 	C:\WINDOWS\System32\USER32.dll
0x00007ffb4a6a0000 - 0x00007ffb4a6c1000 	C:\WINDOWS\System32\win32u.dll
0x00007ffb4c850000 - 0x00007ffb4c876000 	C:\WINDOWS\System32\GDI32.dll
0x00007ffb4a720000 - 0x00007ffb4a8b4000 	C:\WINDOWS\System32\gdi32full.dll
0x00007ffb4a400000 - 0x00007ffb4a49e000 	C:\WINDOWS\System32\msvcp_win.dll
0x00007ffb4ac70000 - 0x00007ffb4ad6a000 	C:\WINDOWS\System32\ucrtbase.dll
0x00007ffb3edd0000 - 0x00007ffb3f055000 	C:\WINDOWS\WinSxS\amd64_microsoft.windows.common-controls_6595b64144ccf1df_6.0.18362.778_none_e6c6b761130d4fb8\COMCTL32.dll
0x00007ffb4c1d0000 - 0x00007ffb4c506000 	C:\WINDOWS\System32\combase.dll
0x00007ffb446b0000 - 0x00007ffb446ba000 	C:\WINDOWS\SYSTEM32\VERSION.dll
0x00007ffb4a8c0000 - 0x00007ffb4a940000 	C:\WINDOWS\System32\bcryptPrimitives.dll
0x00007ffb4b4e0000 - 0x00007ffb4b50e000 	C:\WINDOWS\System32\IMM32.DLL
0x00007ffb26790000 - 0x00007ffb267a6000 	C:\Program Files\Java\jdk-11.0.3\bin\vcruntime140.dll
0x00007ffb23880000 - 0x00007ffb2392a000 	C:\Program Files\Java\jdk-11.0.3\bin\msvcp140.dll
0x00007ffaf4e30000 - 0x00007ffaf5957000 	C:\Program Files\Java\jdk-11.0.3\bin\server\jvm.dll
0x00007ffb4bd60000 - 0x00007ffb4bd68000 	C:\WINDOWS\System32\PSAPI.DLL
0x00007ffb3eb30000 - 0x00007ffb3eb39000 	C:\WINDOWS\SYSTEM32\WSOCK32.dll
0x00007ffb3fc30000 - 0x00007ffb3fc54000 	C:\WINDOWS\SYSTEM32\WINMM.dll
0x00007ffb4cb80000 - 0x00007ffb4cbef000 	C:\WINDOWS\System32\WS2_32.dll
0x00007ffb3f890000 - 0x00007ffb3f8bd000 	C:\WINDOWS\SYSTEM32\winmmbase.dll
0x00007ffb4a6d0000 - 0x00007ffb4a71a000 	C:\WINDOWS\System32\cfgmgr32.dll
0x00007ffb49b90000 - 0x00007ffb49ba1000 	C:\WINDOWS\System32\kernel.appcore.dll
0x00007ffb26770000 - 0x00007ffb26781000 	C:\Program Files\Java\jdk-11.0.3\bin\verify.dll
0x00007ffb48430000 - 0x00007ffb48624000 	C:\WINDOWS\SYSTEM32\DBGHELP.DLL
0x00007ffb43940000 - 0x00007ffb4396a000 	C:\WINDOWS\SYSTEM32\dbgcore.DLL
0x00007ffb26250000 - 0x00007ffb26279000 	C:\Program Files\Java\jdk-11.0.3\bin\java.dll
0x00007ffb42490000 - 0x00007ffb424bf000 	C:\Program Files\Java\jdk-11.0.3\bin\instrument.dll
0x00007ffb263d0000 - 0x00007ffb263e6000 	C:\Program Files\Java\jdk-11.0.3\bin\zip.dll
0x00007ffb28a40000 - 0x00007ffb28a4a000 	C:\Program Files\Java\jdk-11.0.3\bin\jimage.dll
0x00007ffb4b5a0000 - 0x00007ffb4bc85000 	C:\WINDOWS\System32\SHELL32.dll
0x00007ffb4be20000 - 0x00007ffb4bec9000 	C:\WINDOWS\System32\shcore.dll
0x00007ffb49c50000 - 0x00007ffb4a3d0000 	C:\WINDOWS\System32\windows.storage.dll
0x00007ffb49bb0000 - 0x00007ffb49bd3000 	C:\WINDOWS\System32\profapi.dll
0x00007ffb49c00000 - 0x00007ffb49c4a000 	C:\WINDOWS\System32\powrprof.dll
0x00007ffb49b80000 - 0x00007ffb49b90000 	C:\WINDOWS\System32\UMPDC.dll
0x00007ffb4c110000 - 0x00007ffb4c162000 	C:\WINDOWS\System32\shlwapi.dll
0x00007ffb4ac50000 - 0x00007ffb4ac67000 	C:\WINDOWS\System32\cryptsp.dll
0x00007ffb252e0000 - 0x00007ffb252f9000 	C:\Program Files\Java\jdk-11.0.3\bin\net.dll
0x00007ffb3ba40000 - 0x00007ffb3bc15000 	C:\WINDOWS\SYSTEM32\urlmon.dll
0x00007ffb44910000 - 0x00007ffb44a00000 	C:\WINDOWS\SYSTEM32\WINHTTP.dll
0x00007ffb3b0a0000 - 0x00007ffb3b346000 	C:\WINDOWS\SYSTEM32\iertutil.dll
0x00007ffb49560000 - 0x00007ffb4956c000 	C:\WINDOWS\SYSTEM32\CRYPTBASE.DLL
0x00007ffb49390000 - 0x00007ffb493f7000 	C:\WINDOWS\system32\mswsock.dll
0x00007ffb25080000 - 0x00007ffb25093000 	C:\Program Files\Java\jdk-11.0.3\bin\nio.dll
0x00007ffb41290000 - 0x00007ffb412aa000 	C:\Program Files\JetBrains\IntelliJ IDEA 2019.3.4\bin\breakgen64.dll
0x00007ffb48f00000 - 0x00007ffb48f33000 	C:\WINDOWS\system32\rsaenh.dll
0x00007ffb4a3d0000 - 0x00007ffb4a3f6000 	C:\WINDOWS\System32\bcrypt.dll
0x00007ffb49aa0000 - 0x00007ffb49ac5000 	C:\WINDOWS\SYSTEM32\USERENV.dll
0x00007ffb490a0000 - 0x00007ffb490da000 	C:\WINDOWS\SYSTEM32\IPHLPAPI.DLL
0x00007ffb4cbf0000 - 0x00007ffb4cbf8000 	C:\WINDOWS\System32\NSI.dll
0x00007ffb40f50000 - 0x00007ffb40f66000 	C:\WINDOWS\SYSTEM32\dhcpcsvc6.DLL
0x00007ffb41d70000 - 0x00007ffb41d8c000 	C:\WINDOWS\SYSTEM32\dhcpcsvc.DLL
0x00007ffb490e0000 - 0x00007ffb491aa000 	C:\WINDOWS\SYSTEM32\DNSAPI.dll
0x00007ffb44890000 - 0x00007ffb4489a000 	C:\Users\dounia\AppData\Local\Temp\jansi-1.17.1-5862993496417618756.dll
0x00007ffb447a0000 - 0x00007ffb447aa000 	C:\Users\dounia\AppData\Local\Temp\jansi-1.17.1-14235803717727527372.dll

dbghelp: loaded successfully - version: 4.0.5 - missing functions: none
symbol engine: initialized successfully - sym options: 0x614 - pdb path: .;C:\Program Files\Java\jdk-11.0.3\bin;C:\WINDOWS\SYSTEM32;C:\WINDOWS\WinSxS\amd64_microsoft.windows.common-controls_6595b64144ccf1df_6.0.18362.778_none_e6c6b761130d4fb8;C:\Program Files\Java\jdk-11.0.3\bin\server;C:\Program Files\JetBrains\IntelliJ IDEA 2019.3.4\bin;C:\Users\dounia\AppData\Local\Temp

VM Arguments:
jvm_args: -Dmaven.multiModuleProjectDirectory=C:\Users\dounia\Documents\BDDFlightsManagementSystem -Dmaven.home=C:\Program Files\JetBrains\IntelliJ IDEA 2019.3.4\plugins\maven\lib\maven3 -Dclassworlds.conf=C:\Program Files\JetBrains\IntelliJ IDEA 2019.3.4\plugins\maven\lib\maven3\bin\m2.conf -Dmaven.ext.class.path=C:\Program Files\JetBrains\IntelliJ IDEA 2019.3.4\plugins\maven\lib\maven-event-listener.jar -javaagent:C:\Program Files\JetBrains\IntelliJ IDEA 2019.3.4\lib\idea_rt.jar=50844:C:\Program Files\JetBrains\IntelliJ IDEA 2019.3.4\bin -Dfile.encoding=UTF-8 
java_command: org.codehaus.classworlds.Launcher -Didea.version2019.3.4 install
java_class_path (initial): C:\Program Files\JetBrains\IntelliJ IDEA 2019.3.4\plugins\maven\lib\maven3\boot\plexus-classworlds-2.6.0.jar
Launcher Type: SUN_STANDARD

[Global flags]
     intx CICompilerCount                          = 4                                         {product} {ergonomic}
     uint ConcGCThreads                            = 2                                         {product} {ergonomic}
     uint G1ConcRefinementThreads                  = 8                                         {product} {ergonomic}
   size_t G1HeapRegionSize                         = 1048576                                   {product} {ergonomic}
    uintx GCDrainStackTargetSize                   = 64                                        {product} {ergonomic}
   size_t InitialHeapSize                          = 134217728                                 {product} {ergonomic}
   size_t MarkStackSize                            = 4194304                                   {product} {ergonomic}
   size_t MaxHeapSize                              = 2118123520                                {product} {ergonomic}
   size_t MaxNewSize                               = 1270874112                                {product} {ergonomic}
   size_t MinHeapDeltaBytes                        = 1048576                                   {product} {ergonomic}
    uintx NonNMethodCodeHeapSize                   = 5835340                                {pd product} {ergonomic}
    uintx NonProfiledCodeHeapSize                  = 122911450                              {pd product} {ergonomic}
    uintx ProfiledCodeHeapSize                     = 122911450                              {pd product} {ergonomic}
    uintx ReservedCodeCacheSize                    = 251658240                              {pd product} {ergonomic}
     bool SegmentedCodeCache                       = true                                      {product} {ergonomic}
     bool UseCompressedClassPointers               = true                                 {lp64_product} {ergonomic}
     bool UseCompressedOops                        = true                                 {lp64_product} {ergonomic}
     bool UseG1GC                                  = true                                      {product} {ergonomic}
     bool UseLargePagesIndividualAllocation        = false                                  {pd product} {ergonomic}

Logging:
Log output configuration:
 #0: stdout all=warning uptime,level,tags
 #1: stderr all=off uptime,level,tags

Environment Variables:
JAVA_HOME=C:\Program Files\Java\jdk-11.0.3
PATH=C:\Program Files (x86)\Common Files\Oracle\Java\javapath;C:\Program Files (x86)\Intel\iCLS Client\;C:\Program Files\Intel\iCLS Client\;C:\WINDOWS\system32;C:\WINDOWS;C:\WINDOWS\System32\Wbem;C:\WINDOWS\System32\WindowsPowerShell\v1.0\;C:\WINDOWS\System32\OpenSSH\;C:\Program Files (x86)\Intel\Intel(R) Management Engine Components\DAL;C:\Program Files\Intel\Intel(R) Management Engine Components\DAL;C:\Program Files (x86)\Intel\Intel(R) Management Engine Components\IPT;C:\Program Files\Intel\Intel(R) Management Engine Components\IPT;C:\Program Files\Intel\WiFi\bin\;C:\Program Files\Common Files\Intel\WirelessCommon\;C:\ProgramData\chocolatey\bin;C:\Program Files\Git\cmd;C:\Program Files\nodejs\;C:\Program Files\dotnet\;C:\Users\dounia\AppData\Local\Microsoft\WindowsApps;C:\Program Files\JetBrains\IntelliJ IDEA Community Edition 2019.1.2\bin;;C:\Program Files\Git\bin;C:\Program Files\Java\jdk1.8.0_231\bin;C:\Users\dounia\AppData\Roaming\npm;C:\Users\dounia\Documents\maven\apache-maven-3.6.2\bin;C:\Users\dounia\AppData\Local\Programs\Microsoft VS Code\bin;C:\Program Files\JetBrains\IntelliJ IDEA 2019.3.4\bin;;C:\Program Files\dotnet;
USERNAME=dounia
OS=Windows_NT
PROCESSOR_IDENTIFIER=Intel64 Family 6 Model 142 Stepping 10, GenuineIntel



---------------  S Y S T E M  ---------------

OS: Windows 10 , 64 bit Build 18362 (10.0.18362.778)

CPU:total 8 (initial active 8) (4 cores per cpu, 2 threads per core) family 6 model 142 stepping 10, cmov, cx8, fxsr, mmx, sse, sse2, sse3, ssse3, sse4.1, sse4.2, popcnt, avx, avx2, aes, clmul, erms, 3dnowpref, lzcnt, ht, tsc, tscinvbit, bmi1, bmi2, adx, fma

Memory: 4k page, system-wide physical 8078M (526M free)
TotalPageFile size 23207M (AvailPageFile size 4M)
current process WorkingSet (physical memory assigned to process): 58M, peak: 58M
current process commit charge ("private bytes"): 220M, peak: 220M

vm_info: Java HotSpot(TM) 64-Bit Server VM (11.0.3+12-LTS) for windows-amd64 JRE (11.0.3+12-LTS), built on Apr  2 2019 12:43:09 by "mach5one" with MS VC++ 15.5 (VS2017)

END.
