#
# There is insufficient memory for the Java Runtime Environment to continue.
# Native memory allocation (malloc) failed to allocate 1048576 bytes for AllocateHeap
# Possible reasons:
#   The system is out of physical RAM or swap space
#   The process is running with CompressedOops enabled, and the Java Heap may be blocking the growth of the native heap
# Possible solutions:
#   Reduce memory load on the system
#   Increase physical memory or swap space
#   Check if swap backing store is full
#   Decrease Java heap size (-Xmx/-Xms)
#   Decrease number of Java threads
#   Decrease Java thread stack sizes (-Xss)
#   Set larger code cache with -XX:ReservedCodeCacheSize=
#   JVM is running with Unscaled Compressed Oops mode in which the Java heap is
#     placed in the first 4GB address space. The Java Heap base address is the
#     maximum limit for the native heap growth. Please use -XX:HeapBaseMinAddress
#     to set the Java Heap base and to place the Java Heap above 4GB virtual address.
# This output file may be truncated or incomplete.
#
#  Out of Memory Error (t:/workspace/open/src/hotspot/share/memory/allocation.cpp:46), pid=13840, tid=10292
#
# JRE version: Java(TM) SE Runtime Environment (11.0.3+12) (build 11.0.3+12-LTS)
# Java VM: Java HotSpot(TM) 64-Bit Server VM (11.0.3+12-LTS, mixed mode, tiered, compressed oops, g1 gc, windows-amd64)
# No core dump will be written. Minidumps are not enabled by default on client versions of Windows
#

---------------  S U M M A R Y ------------

Command Line: -Dclassworlds.conf=C:/Users/dounia/Documents/maven/apache-maven-3.6.2/bin/m2.conf -Dmaven.home=C:/Users/dounia/Documents/maven/apache-maven-3.6.2 -Dlibrary.jansi.path=C:/Users/dounia/Documents/maven/apache-maven-3.6.2/lib/jansi-native -Dmaven.multiModuleProjectDirectory=C:/Users/dounia/Documents/BDDFlightsManagementSystem org.codehaus.plexus.classworlds.launcher.Launcher clean install

Host: Intel(R) Core(TM) i7-8550U CPU @ 1.80GHz, 8 cores, 7G,  Windows 10 , 64 bit Build 18362 (10.0.18362.778)
Time: Mon Apr 20 16:58:35 2020 Paris, Madrid (heure d?été) elapsed time: 0 seconds (0d 0h 0m 0s)

---------------  T H R E A D  ---------------

Current thread (0x00000191de410000):  VMThread "VM Thread" [stack: 0x00000076a9600000,0x00000076a9700000] [id=10292]

Stack: [0x00000076a9600000,0x00000076a9700000]
[error occurred during error reporting (printing stack bounds), id 0xc0000005, EXCEPTION_ACCESS_VIOLATION (0xc0000005) at pc=0x00000191c7b80bad]

Native frames: (J=compiled Java code, j=interpreted, Vv=VM code, C=native code)
V  [jvm.dll+0x63582a]
V  [jvm.dll+0x77360f]
V  [jvm.dll+0x774cba]
V  [jvm.dll+0x7752d5]
V  [jvm.dll+0x77528b]
V  [jvm.dll+0x634f26]
V  [jvm.dll+0x6352f8]
C  [ntdll.dll+0xa11cf]
C  [ntdll.dll+0x6a209]
C  [ntdll.dll+0x9fe3e]
C  0x00000191c7b80bad

VM_Operation (0x00000076a90fb7f0): CollectForMetadataAllocation, mode: safepoint, requested by thread 0x00000191bf84a800


---------------  P R O C E S S  ---------------

Threads class SMR info:
_java_thread_list=0x00000191def5c4a0, length=10, elements={
0x00000191bf84a800, 0x00000191de411800, 0x00000191de413000, 0x00000191de450800,
0x00000191de452000, 0x00000191de454000, 0x00000191de457000, 0x00000191ded90800,
0x00000191def67800, 0x00000191def5c800
}

Java Threads: ( => current thread )
  0x00000191bf84a800 JavaThread "main" [_thread_blocked, id=8128, stack(0x00000076a9000000,0x00000076a9100000)]
  0x00000191de411800 JavaThread "Reference Handler" daemon [_thread_blocked, id=17012, stack(0x00000076a9700000,0x00000076a9800000)]
  0x00000191de413000 JavaThread "Finalizer" daemon [_thread_blocked, id=14408, stack(0x00000076a9800000,0x00000076a9900000)]
  0x00000191de450800 JavaThread "Signal Dispatcher" daemon [_thread_blocked, id=15212, stack(0x00000076a9900000,0x00000076a9a00000)]
  0x00000191de452000 JavaThread "Attach Listener" daemon [_thread_blocked, id=10068, stack(0x00000076a9a00000,0x00000076a9b00000)]
  0x00000191de454000 JavaThread "C2 CompilerThread0" daemon [_thread_blocked, id=14616, stack(0x00000076a9b00000,0x00000076a9c00000)]
  0x00000191de457000 JavaThread "C1 CompilerThread0" daemon [_thread_blocked, id=14752, stack(0x00000076a9c00000,0x00000076a9d00000)]
  0x00000191ded90800 JavaThread "Sweeper thread" daemon [_thread_blocked, id=13332, stack(0x00000076a9d00000,0x00000076a9e00000)]
  0x00000191def67800 JavaThread "Service Thread" daemon [_thread_blocked, id=12468, stack(0x00000076a9e00000,0x00000076a9f00000)]
  0x00000191def5c800 JavaThread "Common-Cleaner" daemon [_thread_blocked, id=1472, stack(0x00000076aa000000,0x00000076aa100000)]

Other Threads:
=>0x00000191de410000 VMThread "VM Thread" [stack: 0x00000076a9600000,0x00000076a9700000] [id=10292]
  0x00000191def5b000 WatcherThread [stack: 0x00000076a9f00000,0x00000076aa000000] [id=1784]
  0x00000191bf862800 GCTaskThread "GC Thread#0" [stack: 0x00000076a9100000,0x00000076a9200000] [id=10984]
  0x00000191df14c800 GCTaskThread "GC Thread#1" [stack: 0x00000076aa100000,0x00000076aa200000] [id=4024]
  0x00000191df188800 GCTaskThread "GC Thread#2" [stack: 0x00000076aa200000,0x00000076aa300000] [id=6256]
  0x00000191bf892800 ConcurrentGCThread "G1 Main Marker" [stack: 0x00000076a9200000,0x00000076a9300000] [id=13916]
  0x00000191bf894000 ConcurrentGCThread "G1 Conc#0" [stack: 0x00000076a9300000,0x00000076a9400000] [id=15464]
  0x00000191df139000 ConcurrentGCThread "G1 Conc#1" [stack: 0x00000076aa300000,0x00000076aa400000] [id=7772]
  0x00000191bf917800 ConcurrentGCThread "G1 Refine#0" [stack: 0x00000076a9400000,0x00000076a9500000] [id=16420]
  0x00000191bf918000 ConcurrentGCThread "G1 Young RemSet Sampling" [stack: 0x00000076a9500000,0x00000076a9600000] [id=14324]

Threads with active compile tasks:

VM state:at safepoint (normal execution)

VM Mutex/Monitor currently owned by a thread:  ([mutex/lock_event])
[0x00000191bf848950] Threads_lock - owner thread: 0x00000191de410000
[0x00000191bf847900] Heap_lock - owner thread: 0x00000191bf84a800

Heap address: 0x0000000081c00000, size: 2020 MB, Compressed Oops mode: 32-bit
Narrow klass base: 0x0000000000000000, Narrow klass shift: 3
Compressed class space size: 1073741824 Address: 0x0000000100000000

Heap:
 garbage-first heap   total 131072K, used 1508K [0x0000000081c00000, 0x0000000100000000)
  region size 1024K, 2 young (2048K), 2 survivors (2048K)
 Metaspace       used 5775K, capacity 5916K, committed 6016K, reserved 1067008K
  class space    used 490K, capacity 568K, committed 640K, reserved 1048576K
Heap Regions: E=young(eden), S=young(survivor), O=old, HS=humongous(starts), HC=humongous(continues), CS=collection set, F=free, A=archive, TAMS=top-at-mark-start (previous, next)
|   0|0x0000000081c00000, 0x0000000081c00000, 0x0000000081d00000|  0%| F|  |TAMS 0x0000000081c00000, 0x0000000081c00000| Untracked 
|   1|0x0000000081d00000, 0x0000000081d00000, 0x0000000081e00000|  0%| F|  |TAMS 0x0000000081d00000, 0x0000000081d00000| Untracked 
|   2|0x0000000081e00000, 0x0000000081e00000, 0x0000000081f00000|  0%| F|  |TAMS 0x0000000081e00000, 0x0000000081e00000| Untracked 
|   3|0x0000000081f00000, 0x0000000081f00000, 0x0000000082000000|  0%| F|  |TAMS 0x0000000081f00000, 0x0000000081f00000| Untracked 
|   4|0x0000000082000000, 0x0000000082000000, 0x0000000082100000|  0%| F|  |TAMS 0x0000000082000000, 0x0000000082000000| Untracked 
|   5|0x0000000082100000, 0x0000000082100000, 0x0000000082200000|  0%| F|  |TAMS 0x0000000082100000, 0x0000000082100000| Untracked 
|   6|0x0000000082200000, 0x0000000082200000, 0x0000000082300000|  0%| F|  |TAMS 0x0000000082200000, 0x0000000082200000| Untracked 
|   7|0x0000000082300000, 0x0000000082300000, 0x0000000082400000|  0%| F|  |TAMS 0x0000000082300000, 0x0000000082300000| Untracked 
|   8|0x0000000082400000, 0x0000000082400000, 0x0000000082500000|  0%| F|  |TAMS 0x0000000082400000, 0x0000000082400000| Untracked 
|   9|0x0000000082500000, 0x0000000082500000, 0x0000000082600000|  0%| F|  |TAMS 0x0000000082500000, 0x0000000082500000| Untracked 
|  10|0x0000000082600000, 0x0000000082600000, 0x0000000082700000|  0%| F|  |TAMS 0x0000000082600000, 0x0000000082600000| Untracked 
|  11|0x0000000082700000, 0x0000000082700000, 0x0000000082800000|  0%| F|  |TAMS 0x0000000082700000, 0x0000000082700000| Untracked 
|  12|0x0000000082800000, 0x0000000082800000, 0x0000000082900000|  0%| F|  |TAMS 0x0000000082800000, 0x0000000082800000| Untracked 
|  13|0x0000000082900000, 0x0000000082900000, 0x0000000082a00000|  0%| F|  |TAMS 0x0000000082900000, 0x0000000082900000| Untracked 
|  14|0x0000000082a00000, 0x0000000082a00000, 0x0000000082b00000|  0%| F|  |TAMS 0x0000000082a00000, 0x0000000082a00000| Untracked 
|  15|0x0000000082b00000, 0x0000000082b00000, 0x0000000082c00000|  0%| F|  |TAMS 0x0000000082b00000, 0x0000000082b00000| Untracked 
|  16|0x0000000082c00000, 0x0000000082c00000, 0x0000000082d00000|  0%| F|  |TAMS 0x0000000082c00000, 0x0000000082c00000| Untracked 
|  17|0x0000000082d00000, 0x0000000082d00000, 0x0000000082e00000|  0%| F|  |TAMS 0x0000000082d00000, 0x0000000082d00000| Untracked 
|  18|0x0000000082e00000, 0x0000000082e00000, 0x0000000082f00000|  0%| F|  |TAMS 0x0000000082e00000, 0x0000000082e00000| Untracked 
|  19|0x0000000082f00000, 0x0000000082f00000, 0x0000000083000000|  0%| F|  |TAMS 0x0000000082f00000, 0x0000000082f00000| Untracked 
|  20|0x0000000083000000, 0x0000000083000000, 0x0000000083100000|  0%| F|  |TAMS 0x0000000083000000, 0x0000000083000000| Untracked 
|  21|0x0000000083100000, 0x0000000083100000, 0x0000000083200000|  0%| F|  |TAMS 0x0000000083100000, 0x0000000083100000| Untracked 
|  22|0x0000000083200000, 0x0000000083200000, 0x0000000083300000|  0%| F|  |TAMS 0x0000000083200000, 0x0000000083200000| Untracked 
|  23|0x0000000083300000, 0x0000000083300000, 0x0000000083400000|  0%| F|  |TAMS 0x0000000083300000, 0x0000000083300000| Untracked 
|  24|0x0000000083400000, 0x0000000083400000, 0x0000000083500000|  0%| F|  |TAMS 0x0000000083400000, 0x0000000083400000| Untracked 
|  25|0x0000000083500000, 0x0000000083500000, 0x0000000083600000|  0%| F|  |TAMS 0x0000000083500000, 0x0000000083500000| Untracked 
|  26|0x0000000083600000, 0x0000000083600000, 0x0000000083700000|  0%| F|  |TAMS 0x0000000083600000, 0x0000000083600000| Untracked 
|  27|0x0000000083700000, 0x0000000083700000, 0x0000000083800000|  0%| F|  |TAMS 0x0000000083700000, 0x0000000083700000| Untracked 
|  28|0x0000000083800000, 0x0000000083800000, 0x0000000083900000|  0%| F|  |TAMS 0x0000000083800000, 0x0000000083800000| Untracked 
|  29|0x0000000083900000, 0x0000000083900000, 0x0000000083a00000|  0%| F|  |TAMS 0x0000000083900000, 0x0000000083900000| Untracked 
|  30|0x0000000083a00000, 0x0000000083a00000, 0x0000000083b00000|  0%| F|  |TAMS 0x0000000083a00000, 0x0000000083a00000| Untracked 
|  31|0x0000000083b00000, 0x0000000083b00000, 0x0000000083c00000|  0%| F|  |TAMS 0x0000000083b00000, 0x0000000083b00000| Untracked 
|  32|0x0000000083c00000, 0x0000000083c00000, 0x0000000083d00000|  0%| F|  |TAMS 0x0000000083c00000, 0x0000000083c00000| Untracked 
|  33|0x0000000083d00000, 0x0000000083d00000, 0x0000000083e00000|  0%| F|  |TAMS 0x0000000083d00000, 0x0000000083d00000| Untracked 
|  34|0x0000000083e00000, 0x0000000083e00000, 0x0000000083f00000|  0%| F|  |TAMS 0x0000000083e00000, 0x0000000083e00000| Untracked 
|  35|0x0000000083f00000, 0x0000000083f00000, 0x0000000084000000|  0%| F|  |TAMS 0x0000000083f00000, 0x0000000083f00000| Untracked 
|  36|0x0000000084000000, 0x0000000084000000, 0x0000000084100000|  0%| F|  |TAMS 0x0000000084000000, 0x0000000084000000| Untracked 
|  37|0x0000000084100000, 0x0000000084100000, 0x0000000084200000|  0%| F|  |TAMS 0x0000000084100000, 0x0000000084100000| Untracked 
|  38|0x0000000084200000, 0x0000000084200000, 0x0000000084300000|  0%| F|  |TAMS 0x0000000084200000, 0x0000000084200000| Untracked 
|  39|0x0000000084300000, 0x0000000084300000, 0x0000000084400000|  0%| F|  |TAMS 0x0000000084300000, 0x0000000084300000| Untracked 
|  40|0x0000000084400000, 0x0000000084400000, 0x0000000084500000|  0%| F|  |TAMS 0x0000000084400000, 0x0000000084400000| Untracked 
|  41|0x0000000084500000, 0x0000000084500000, 0x0000000084600000|  0%| F|  |TAMS 0x0000000084500000, 0x0000000084500000| Untracked 
|  42|0x0000000084600000, 0x0000000084600000, 0x0000000084700000|  0%| F|  |TAMS 0x0000000084600000, 0x0000000084600000| Untracked 
|  43|0x0000000084700000, 0x0000000084700000, 0x0000000084800000|  0%| F|  |TAMS 0x0000000084700000, 0x0000000084700000| Untracked 
|  44|0x0000000084800000, 0x0000000084800000, 0x0000000084900000|  0%| F|  |TAMS 0x0000000084800000, 0x0000000084800000| Untracked 
|  45|0x0000000084900000, 0x0000000084900000, 0x0000000084a00000|  0%| F|  |TAMS 0x0000000084900000, 0x0000000084900000| Untracked 
|  46|0x0000000084a00000, 0x0000000084a00000, 0x0000000084b00000|  0%| F|  |TAMS 0x0000000084a00000, 0x0000000084a00000| Untracked 
|  47|0x0000000084b00000, 0x0000000084b00000, 0x0000000084c00000|  0%| F|  |TAMS 0x0000000084b00000, 0x0000000084b00000| Untracked 
|  48|0x0000000084c00000, 0x0000000084c00000, 0x0000000084d00000|  0%| F|  |TAMS 0x0000000084c00000, 0x0000000084c00000| Untracked 
|  49|0x0000000084d00000, 0x0000000084d00000, 0x0000000084e00000|  0%| F|  |TAMS 0x0000000084d00000, 0x0000000084d00000| Untracked 
|  50|0x0000000084e00000, 0x0000000084e00000, 0x0000000084f00000|  0%| F|  |TAMS 0x0000000084e00000, 0x0000000084e00000| Untracked 
|  51|0x0000000084f00000, 0x0000000084f00000, 0x0000000085000000|  0%| F|  |TAMS 0x0000000084f00000, 0x0000000084f00000| Untracked 
|  52|0x0000000085000000, 0x0000000085000000, 0x0000000085100000|  0%| F|  |TAMS 0x0000000085000000, 0x0000000085000000| Untracked 
|  53|0x0000000085100000, 0x0000000085100000, 0x0000000085200000|  0%| F|  |TAMS 0x0000000085100000, 0x0000000085100000| Untracked 
|  54|0x0000000085200000, 0x0000000085200000, 0x0000000085300000|  0%| F|  |TAMS 0x0000000085200000, 0x0000000085200000| Untracked 
|  55|0x0000000085300000, 0x0000000085300000, 0x0000000085400000|  0%| F|  |TAMS 0x0000000085300000, 0x0000000085300000| Untracked 
|  56|0x0000000085400000, 0x0000000085400000, 0x0000000085500000|  0%| F|  |TAMS 0x0000000085400000, 0x0000000085400000| Untracked 
|  57|0x0000000085500000, 0x0000000085500000, 0x0000000085600000|  0%| F|  |TAMS 0x0000000085500000, 0x0000000085500000| Untracked 
|  58|0x0000000085600000, 0x0000000085600000, 0x0000000085700000|  0%| F|  |TAMS 0x0000000085600000, 0x0000000085600000| Untracked 
|  59|0x0000000085700000, 0x0000000085700000, 0x0000000085800000|  0%| F|  |TAMS 0x0000000085700000, 0x0000000085700000| Untracked 
|  60|0x0000000085800000, 0x0000000085800000, 0x0000000085900000|  0%| F|  |TAMS 0x0000000085800000, 0x0000000085800000| Untracked 
|  61|0x0000000085900000, 0x0000000085900000, 0x0000000085a00000|  0%| F|  |TAMS 0x0000000085900000, 0x0000000085900000| Untracked 
|  62|0x0000000085a00000, 0x0000000085a00000, 0x0000000085b00000|  0%| F|  |TAMS 0x0000000085a00000, 0x0000000085a00000| Untracked 
|  63|0x0000000085b00000, 0x0000000085b00000, 0x0000000085c00000|  0%| F|  |TAMS 0x0000000085b00000, 0x0000000085b00000| Untracked 
|  64|0x0000000085c00000, 0x0000000085c00000, 0x0000000085d00000|  0%| F|  |TAMS 0x0000000085c00000, 0x0000000085c00000| Untracked 
|  65|0x0000000085d00000, 0x0000000085d00000, 0x0000000085e00000|  0%| F|  |TAMS 0x0000000085d00000, 0x0000000085d00000| Untracked 
|  66|0x0000000085e00000, 0x0000000085e00000, 0x0000000085f00000|  0%| F|  |TAMS 0x0000000085e00000, 0x0000000085e00000| Untracked 
|  67|0x0000000085f00000, 0x0000000085f00000, 0x0000000086000000|  0%| F|  |TAMS 0x0000000085f00000, 0x0000000085f00000| Untracked 
|  68|0x0000000086000000, 0x0000000086000000, 0x0000000086100000|  0%| F|  |TAMS 0x0000000086000000, 0x0000000086000000| Untracked 
|  69|0x0000000086100000, 0x0000000086100000, 0x0000000086200000|  0%| F|  |TAMS 0x0000000086100000, 0x0000000086100000| Untracked 
|  70|0x0000000086200000, 0x0000000086200000, 0x0000000086300000|  0%| F|  |TAMS 0x0000000086200000, 0x0000000086200000| Untracked 
|  71|0x0000000086300000, 0x0000000086300000, 0x0000000086400000|  0%| F|  |TAMS 0x0000000086300000, 0x0000000086300000| Untracked 
|  72|0x0000000086400000, 0x0000000086400000, 0x0000000086500000|  0%| F|  |TAMS 0x0000000086400000, 0x0000000086400000| Untracked 
|  73|0x0000000086500000, 0x0000000086500000, 0x0000000086600000|  0%| F|  |TAMS 0x0000000086500000, 0x0000000086500000| Untracked 
|  74|0x0000000086600000, 0x0000000086600000, 0x0000000086700000|  0%| F|  |TAMS 0x0000000086600000, 0x0000000086600000| Untracked 
|  75|0x0000000086700000, 0x0000000086700000, 0x0000000086800000|  0%| F|  |TAMS 0x0000000086700000, 0x0000000086700000| Untracked 
|  76|0x0000000086800000, 0x0000000086800000, 0x0000000086900000|  0%| F|  |TAMS 0x0000000086800000, 0x0000000086800000| Untracked 
|  77|0x0000000086900000, 0x0000000086900000, 0x0000000086a00000|  0%| F|  |TAMS 0x0000000086900000, 0x0000000086900000| Untracked 
|  78|0x0000000086a00000, 0x0000000086a00000, 0x0000000086b00000|  0%| F|  |TAMS 0x0000000086a00000, 0x0000000086a00000| Untracked 
|  79|0x0000000086b00000, 0x0000000086b00000, 0x0000000086c00000|  0%| F|  |TAMS 0x0000000086b00000, 0x0000000086b00000| Untracked 
|  80|0x0000000086c00000, 0x0000000086c00000, 0x0000000086d00000|  0%| F|  |TAMS 0x0000000086c00000, 0x0000000086c00000| Untracked 
|  81|0x0000000086d00000, 0x0000000086d00000, 0x0000000086e00000|  0%| F|  |TAMS 0x0000000086d00000, 0x0000000086d00000| Untracked 
|  82|0x0000000086e00000, 0x0000000086e00000, 0x0000000086f00000|  0%| F|  |TAMS 0x0000000086e00000, 0x0000000086e00000| Untracked 
|  83|0x0000000086f00000, 0x0000000086f00000, 0x0000000087000000|  0%| F|  |TAMS 0x0000000086f00000, 0x0000000086f00000| Untracked 
|  84|0x0000000087000000, 0x0000000087000000, 0x0000000087100000|  0%| F|  |TAMS 0x0000000087000000, 0x0000000087000000| Untracked 
|  85|0x0000000087100000, 0x0000000087100000, 0x0000000087200000|  0%| F|  |TAMS 0x0000000087100000, 0x0000000087100000| Untracked 
|  86|0x0000000087200000, 0x0000000087200000, 0x0000000087300000|  0%| F|  |TAMS 0x0000000087200000, 0x0000000087200000| Untracked 
|  87|0x0000000087300000, 0x0000000087300000, 0x0000000087400000|  0%| F|  |TAMS 0x0000000087300000, 0x0000000087300000| Untracked 
|  88|0x0000000087400000, 0x0000000087400000, 0x0000000087500000|  0%| F|  |TAMS 0x0000000087400000, 0x0000000087400000| Untracked 
|  89|0x0000000087500000, 0x0000000087500000, 0x0000000087600000|  0%| F|  |TAMS 0x0000000087500000, 0x0000000087500000| Untracked 
|  90|0x0000000087600000, 0x0000000087600000, 0x0000000087700000|  0%| F|  |TAMS 0x0000000087600000, 0x0000000087600000| Untracked 
|  91|0x0000000087700000, 0x0000000087700000, 0x0000000087800000|  0%| F|  |TAMS 0x0000000087700000, 0x0000000087700000| Untracked 
|  92|0x0000000087800000, 0x0000000087800000, 0x0000000087900000|  0%| F|  |TAMS 0x0000000087800000, 0x0000000087800000| Untracked 
|  93|0x0000000087900000, 0x0000000087900000, 0x0000000087a00000|  0%| F|  |TAMS 0x0000000087900000, 0x0000000087900000| Untracked 
|  94|0x0000000087a00000, 0x0000000087a00000, 0x0000000087b00000|  0%| F|  |TAMS 0x0000000087a00000, 0x0000000087a00000| Untracked 
|  95|0x0000000087b00000, 0x0000000087b00000, 0x0000000087c00000|  0%| F|  |TAMS 0x0000000087b00000, 0x0000000087b00000| Untracked 
|  96|0x0000000087c00000, 0x0000000087c00000, 0x0000000087d00000|  0%| F|  |TAMS 0x0000000087c00000, 0x0000000087c00000| Untracked 
|  97|0x0000000087d00000, 0x0000000087d00000, 0x0000000087e00000|  0%| F|  |TAMS 0x0000000087d00000, 0x0000000087d00000| Untracked 
|  98|0x0000000087e00000, 0x0000000087e00000, 0x0000000087f00000|  0%| F|  |TAMS 0x0000000087e00000, 0x0000000087e00000| Untracked 
|  99|0x0000000087f00000, 0x0000000087f00000, 0x0000000088000000|  0%| F|  |TAMS 0x0000000087f00000, 0x0000000087f00000| Untracked 
| 100|0x0000000088000000, 0x0000000088000000, 0x0000000088100000|  0%| F|  |TAMS 0x0000000088000000, 0x0000000088000000| Untracked 
| 101|0x0000000088100000, 0x0000000088100000, 0x0000000088200000|  0%| F|  |TAMS 0x0000000088100000, 0x0000000088100000| Untracked 
| 102|0x0000000088200000, 0x0000000088200000, 0x0000000088300000|  0%| F|  |TAMS 0x0000000088200000, 0x0000000088200000| Untracked 
| 103|0x0000000088300000, 0x0000000088300000, 0x0000000088400000|  0%| F|  |TAMS 0x0000000088300000, 0x0000000088300000| Untracked 
| 104|0x0000000088400000, 0x0000000088400000, 0x0000000088500000|  0%| F|  |TAMS 0x0000000088400000, 0x0000000088400000| Untracked 
| 105|0x0000000088500000, 0x0000000088500000, 0x0000000088600000|  0%| F|  |TAMS 0x0000000088500000, 0x0000000088500000| Untracked 
| 106|0x0000000088600000, 0x0000000088600000, 0x0000000088700000|  0%| F|  |TAMS 0x0000000088600000, 0x0000000088600000| Untracked 
| 107|0x0000000088700000, 0x0000000088700000, 0x0000000088800000|  0%| F|  |TAMS 0x0000000088700000, 0x0000000088700000| Untracked 
| 108|0x0000000088800000, 0x0000000088800000, 0x0000000088900000|  0%| F|  |TAMS 0x0000000088800000, 0x0000000088800000| Untracked 
| 109|0x0000000088900000, 0x0000000088900000, 0x0000000088a00000|  0%| F|  |TAMS 0x0000000088900000, 0x0000000088900000| Untracked 
| 110|0x0000000088a00000, 0x0000000088a00000, 0x0000000088b00000|  0%| F|  |TAMS 0x0000000088a00000, 0x0000000088a00000| Untracked 
| 111|0x0000000088b00000, 0x0000000088b00000, 0x0000000088c00000|  0%| F|  |TAMS 0x0000000088b00000, 0x0000000088b00000| Untracked 
| 112|0x0000000088c00000, 0x0000000088c00000, 0x0000000088d00000|  0%| F|  |TAMS 0x0000000088c00000, 0x0000000088c00000| Untracked 
| 113|0x0000000088d00000, 0x0000000088d00000, 0x0000000088e00000|  0%| F|  |TAMS 0x0000000088d00000, 0x0000000088d00000| Untracked 
| 114|0x0000000088e00000, 0x0000000088e00000, 0x0000000088f00000|  0%| F|  |TAMS 0x0000000088e00000, 0x0000000088e00000| Untracked 
| 115|0x0000000088f00000, 0x0000000088f00000, 0x0000000089000000|  0%| F|  |TAMS 0x0000000088f00000, 0x0000000088f00000| Untracked 
| 116|0x0000000089000000, 0x0000000089000000, 0x0000000089100000|  0%| F|  |TAMS 0x0000000089000000, 0x0000000089000000| Untracked 
| 117|0x0000000089100000, 0x0000000089100000, 0x0000000089200000|  0%| F|  |TAMS 0x0000000089100000, 0x0000000089100000| Untracked 
| 118|0x0000000089200000, 0x0000000089200000, 0x0000000089300000|  0%| F|  |TAMS 0x0000000089200000, 0x0000000089200000| Untracked 
| 119|0x0000000089300000, 0x0000000089300000, 0x0000000089400000|  0%| F|  |TAMS 0x0000000089300000, 0x0000000089300000| Untracked 
| 120|0x0000000089400000, 0x0000000089400000, 0x0000000089500000|  0%| F|  |TAMS 0x0000000089400000, 0x0000000089400000| Untracked 
| 121|0x0000000089500000, 0x0000000089500000, 0x0000000089600000|  0%| F|  |TAMS 0x0000000089500000, 0x0000000089500000| Untracked 
| 122|0x0000000089600000, 0x0000000089679068, 0x0000000089700000| 47%| S|CS|TAMS 0x0000000089600000, 0x0000000089600000| Complete 
| 123|0x0000000089700000, 0x0000000089800000, 0x0000000089800000|100%| S|CS|TAMS 0x0000000089700000, 0x0000000089700000| Complete 
| 124|0x0000000089800000, 0x0000000089800000, 0x0000000089900000|  0%| F|  |TAMS 0x0000000089800000, 0x0000000089800000| Untracked 
| 125|0x0000000089900000, 0x0000000089900000, 0x0000000089a00000|  0%| F|  |TAMS 0x0000000089900000, 0x0000000089900000| Untracked 
| 126|0x0000000089a00000, 0x0000000089a00000, 0x0000000089b00000|  0%| F|  |TAMS 0x0000000089a00000, 0x0000000089a00000| Untracked 
| 127|0x0000000089b00000, 0x0000000089b00000, 0x0000000089c00000|  0%| F|  |TAMS 0x0000000089b00000, 0x0000000089b00000| Untracked 

Card table byte_map: [0x00000191d72b0000,0x00000191d76b0000] _byte_map_base: 0x00000191d6ea2000

Marking Bits (Prev, Next): (CMBitMap*) 0x00000191bf889e98, (CMBitMap*) 0x00000191bf889ed0
 Prev Bits: [0x00000191d7ab0000, 0x00000191d9a40000)
 Next Bits: [0x00000191d9a40000, 0x00000191db9d0000)

Polling page: 0x00000191bd800000

Metaspace:

Usage:
  Non-class:      5.22 MB capacity,     5.16 MB ( 99%) used,    61.41 KB (  1%) free+waste,     1.81 KB ( <1%) overhead. 
      Class:    568.00 KB capacity,   490.85 KB ( 86%) used,    76.02 KB ( 13%) free+waste,     1.13 KB ( <1%) overhead. 
       Both:      5.78 MB capacity,     5.64 MB ( 98%) used,   137.44 KB (  2%) free+waste,     2.94 KB ( <1%) overhead. 

Virtual space:
  Non-class space:       18.00 MB reserved,       5.25 MB ( 29%) committed 
      Class space:        1.00 GB reserved,     640.00 KB ( <1%) committed 
             Both:        1.02 GB reserved,       5.88 MB ( <1%) committed 

Chunk freelists:
   Non-Class:  3.50 KB
       Class:  1.00 KB
        Both:  4.50 KB

CodeHeap 'non-profiled nmethods': size=120000Kb used=68Kb max_used=68Kb free=119931Kb
 bounds [0x00000191cf650000, 0x00000191cf8c0000, 0x00000191d6b80000]
CodeHeap 'profiled nmethods': size=120000Kb used=333Kb max_used=333Kb free=119666Kb
 bounds [0x00000191c8120000, 0x00000191c8390000, 0x00000191cf650000]
CodeHeap 'non-nmethods': size=5760Kb used=1046Kb max_used=1046Kb free=4713Kb
 bounds [0x00000191c7b80000, 0x00000191c7df0000, 0x00000191c8120000]
 total_blobs=655 nmethods=235 adapters=239
 compilation: enabled
              stopped_count=0, restarted_count=0
 full_count=0

Compilation events (10 events):
Event: 0.229 Thread 0x00000191de457000  227       3       java.lang.StringLatin1::indexOf (121 bytes)
Event: 0.229 Thread 0x00000191de457000 nmethod 227 0x00000191c8171290 code [0x00000191c8171480, 0x00000191c81719b8]
Event: 0.229 Thread 0x00000191de457000  228       3       java.util.zip.Inflater::ensureOpen (47 bytes)
Event: 0.229 Thread 0x00000191de457000 nmethod 228 0x00000191c8171c10 code [0x00000191c8171de0, 0x00000191c8172090]
Event: 0.229 Thread 0x00000191de457000  229       3       java.io.WinNTFileSystem::normalize (143 bytes)
Event: 0.230 Thread 0x00000191de457000 nmethod 229 0x00000191c8172190 code [0x00000191c8172420, 0x00000191c8172fe0]
Event: 0.233 Thread 0x00000191de457000  231       1       java.lang.Enum::ordinal (5 bytes)
Event: 0.233 Thread 0x00000191de457000 nmethod 231 0x00000191cf660410 code [0x00000191cf6605c0, 0x00000191cf6606d8]
Event: 0.235 Thread 0x00000191de457000  235       1       java.lang.Class::getClassLoader0 (5 bytes)
Event: 0.235 Thread 0x00000191de457000 nmethod 235 0x00000191cf660d90 code [0x00000191cf660f40, 0x00000191cf661058]

GC Heap History (2 events):
Event: 0.236 GC heap before
{Heap before GC invocations=0 (full 0):
 garbage-first heap   total 131072K, used 2048K [0x0000000081c00000, 0x0000000100000000)
  region size 1024K, 4 young (4096K), 0 survivors (0K)
 Metaspace       used 5775K, capacity 5916K, committed 6016K, reserved 1064960K
  class space    used 490K, capacity 568K, committed 640K, reserved 1048576K
}
Event: 0.238 GC heap after
{Heap after GC invocations=1 (full 0):
 garbage-first heap   total 131072K, used 1508K [0x0000000081c00000, 0x0000000100000000)
  region size 1024K, 2 young (2048K), 2 survivors (2048K)
 Metaspace       used 5775K, capacity 5916K, committed 6016K, reserved 1064960K
  class space    used 490K, capacity 568K, committed 640K, reserved 1048576K
}

Deoptimization events (1 events):
Event: 0.057 Thread 0x00000191bf84a800 Uncommon trap: reason=unstable_if action=reinterpret pc=0x00000191cf655270 method=java.lang.String.hashCode()I @ 14 c2

Classes redefined (0 events):
No events

Internal exceptions (0 events):
No events

Events (10 events):
Event: 0.235 loading class jdk/internal/org/objectweb/asm/ByteVector done
Event: 0.235 loading class jdk/internal/org/objectweb/asm/Item
Event: 0.235 loading class jdk/internal/org/objectweb/asm/Item done
Event: 0.235 loading class jdk/internal/org/objectweb/asm/FieldWriter
Event: 0.235 loading class jdk/internal/org/objectweb/asm/FieldVisitor
Event: 0.235 loading class jdk/internal/org/objectweb/asm/FieldVisitor done
Event: 0.235 loading class jdk/internal/org/objectweb/asm/FieldWriter done
Event: 0.235 loading class jdk/internal/org/objectweb/asm/MethodWriter
Event: 0.235 loading class jdk/internal/org/objectweb/asm/MethodVisitor
Event: 0.236 Executing VM operation: CollectForMetadataAllocation


Dynamic libraries:
0x00007ff76dc90000 - 0x00007ff76dcd7000 	C:\Program Files\Java\jdk-11.0.3\bin\java.exe
0x00007ffb4ccc0000 - 0x00007ffb4ceb0000 	C:\WINDOWS\SYSTEM32\ntdll.dll
0x00007ffb4c510000 - 0x00007ffb4c5c2000 	C:\WINDOWS\System32\KERNEL32.DLL
0x00007ffb4a940000 - 0x00007ffb4abe3000 	C:\WINDOWS\System32\KERNELBASE.dll
0x00007ffb4bd70000 - 0x00007ffb4be13000 	C:\WINDOWS\System32\ADVAPI32.dll
0x00007ffb4cac0000 - 0x00007ffb4cb5e000 	C:\WINDOWS\System32\msvcrt.dll
0x00007ffb4c880000 - 0x00007ffb4c917000 	C:\WINDOWS\System32\sechost.dll
0x00007ffb4bff0000 - 0x00007ffb4c110000 	C:\WINDOWS\System32\RPCRT4.dll
0x00007ffb4c920000 - 0x00007ffb4cab4000 	C:\WINDOWS\System32\USER32.dll
0x00007ffb4a6a0000 - 0x00007ffb4a6c1000 	C:\WINDOWS\System32\win32u.dll
0x00007ffb4c850000 - 0x00007ffb4c876000 	C:\WINDOWS\System32\GDI32.dll
0x00007ffb4a720000 - 0x00007ffb4a8b4000 	C:\WINDOWS\System32\gdi32full.dll
0x00007ffb4a400000 - 0x00007ffb4a49e000 	C:\WINDOWS\System32\msvcp_win.dll
0x00007ffb4ac70000 - 0x00007ffb4ad6a000 	C:\WINDOWS\System32\ucrtbase.dll
0x00007ffb3edd0000 - 0x00007ffb3f055000 	C:\WINDOWS\WinSxS\amd64_microsoft.windows.common-controls_6595b64144ccf1df_6.0.18362.778_none_e6c6b761130d4fb8\COMCTL32.dll
0x00007ffb446b0000 - 0x00007ffb446ba000 	C:\WINDOWS\SYSTEM32\VERSION.dll
0x00007ffb4c1d0000 - 0x00007ffb4c506000 	C:\WINDOWS\System32\combase.dll
0x00007ffb4a8c0000 - 0x00007ffb4a940000 	C:\WINDOWS\System32\bcryptPrimitives.dll
0x00007ffb4b4e0000 - 0x00007ffb4b50e000 	C:\WINDOWS\System32\IMM32.DLL
0x00007ffb26790000 - 0x00007ffb267a6000 	C:\Program Files\Java\jdk-11.0.3\bin\vcruntime140.dll
0x00007ffb23880000 - 0x00007ffb2392a000 	C:\Program Files\Java\jdk-11.0.3\bin\msvcp140.dll
0x00007ffaf4e30000 - 0x00007ffaf5957000 	C:\Program Files\Java\jdk-11.0.3\bin\server\jvm.dll
0x00007ffb4bd60000 - 0x00007ffb4bd68000 	C:\WINDOWS\System32\PSAPI.DLL
0x00007ffb3fc30000 - 0x00007ffb3fc54000 	C:\WINDOWS\SYSTEM32\WINMM.dll
0x00007ffb3eb30000 - 0x00007ffb3eb39000 	C:\WINDOWS\SYSTEM32\WSOCK32.dll
0x00007ffb4cb80000 - 0x00007ffb4cbef000 	C:\WINDOWS\System32\WS2_32.dll
0x00007ffb3f890000 - 0x00007ffb3f8bd000 	C:\WINDOWS\SYSTEM32\winmmbase.dll
0x00007ffb4a6d0000 - 0x00007ffb4a71a000 	C:\WINDOWS\System32\cfgmgr32.dll
0x00007ffb49b90000 - 0x00007ffb49ba1000 	C:\WINDOWS\System32\kernel.appcore.dll
0x00007ffb26770000 - 0x00007ffb26781000 	C:\Program Files\Java\jdk-11.0.3\bin\verify.dll
0x00007ffb48430000 - 0x00007ffb48624000 	C:\WINDOWS\SYSTEM32\DBGHELP.DLL
0x00007ffb43940000 - 0x00007ffb4396a000 	C:\WINDOWS\SYSTEM32\dbgcore.DLL
0x00007ffb26250000 - 0x00007ffb26279000 	C:\Program Files\Java\jdk-11.0.3\bin\java.dll
0x00007ffb263d0000 - 0x00007ffb263e6000 	C:\Program Files\Java\jdk-11.0.3\bin\zip.dll
0x00007ffb28a40000 - 0x00007ffb28a4a000 	C:\Program Files\Java\jdk-11.0.3\bin\jimage.dll
0x00007ffb4b5a0000 - 0x00007ffb4bc85000 	C:\WINDOWS\System32\SHELL32.dll
0x00007ffb4be20000 - 0x00007ffb4bec9000 	C:\WINDOWS\System32\shcore.dll
0x00007ffb49c50000 - 0x00007ffb4a3d0000 	C:\WINDOWS\System32\windows.storage.dll
0x00007ffb49bb0000 - 0x00007ffb49bd3000 	C:\WINDOWS\System32\profapi.dll
0x00007ffb49c00000 - 0x00007ffb49c4a000 	C:\WINDOWS\System32\powrprof.dll
0x00007ffb49b80000 - 0x00007ffb49b90000 	C:\WINDOWS\System32\UMPDC.dll
0x00007ffb4c110000 - 0x00007ffb4c162000 	C:\WINDOWS\System32\shlwapi.dll
0x00007ffb4ac50000 - 0x00007ffb4ac67000 	C:\WINDOWS\System32\cryptsp.dll
0x00007ffb252e0000 - 0x00007ffb252f9000 	C:\Program Files\Java\jdk-11.0.3\bin\net.dll
0x00007ffb3ba40000 - 0x00007ffb3bc15000 	C:\WINDOWS\SYSTEM32\urlmon.dll
0x00007ffb44910000 - 0x00007ffb44a00000 	C:\WINDOWS\SYSTEM32\WINHTTP.dll
0x00007ffb3b0a0000 - 0x00007ffb3b346000 	C:\WINDOWS\SYSTEM32\iertutil.dll
0x00007ffb49560000 - 0x00007ffb4956c000 	C:\WINDOWS\SYSTEM32\CRYPTBASE.DLL
0x00007ffb49390000 - 0x00007ffb493f7000 	C:\WINDOWS\system32\mswsock.dll
0x00007ffb25080000 - 0x00007ffb25093000 	C:\Program Files\Java\jdk-11.0.3\bin\nio.dll

dbghelp: loaded successfully - version: 4.0.5 - missing functions: none
symbol engine: initialized successfully - sym options: 0x614 - pdb path: .;C:\Program Files\Java\jdk-11.0.3\bin;C:\WINDOWS\SYSTEM32;C:\WINDOWS\WinSxS\amd64_microsoft.windows.common-controls_6595b64144ccf1df_6.0.18362.778_none_e6c6b761130d4fb8;C:\Program Files\Java\jdk-11.0.3\bin\server

VM Arguments:
jvm_args: -Dclassworlds.conf=C:/Users/dounia/Documents/maven/apache-maven-3.6.2/bin/m2.conf -Dmaven.home=C:/Users/dounia/Documents/maven/apache-maven-3.6.2 -Dlibrary.jansi.path=C:/Users/dounia/Documents/maven/apache-maven-3.6.2/lib/jansi-native -Dmaven.multiModuleProjectDirectory=C:/Users/dounia/Documents/BDDFlightsManagementSystem 
java_command: org.codehaus.plexus.classworlds.launcher.Launcher clean install
java_class_path (initial): C:/Users/dounia/Documents/maven/apache-maven-3.6.2/boot/plexus-classworlds-2.6.0.jar
Launcher Type: SUN_STANDARD

[Global flags]
     intx CICompilerCount                          = 4                                         {product} {ergonomic}
     uint ConcGCThreads                            = 2                                         {product} {ergonomic}
     uint G1ConcRefinementThreads                  = 8                                         {product} {ergonomic}
   size_t G1HeapRegionSize                         = 1048576                                   {product} {ergonomic}
    uintx GCDrainStackTargetSize                   = 64                                        {product} {ergonomic}
   size_t InitialHeapSize                          = 134217728                                 {product} {ergonomic}
   size_t MarkStackSize                            = 4194304                                   {product} {ergonomic}
   size_t MaxHeapSize                              = 2118123520                                {product} {ergonomic}
   size_t MaxNewSize                               = 1270874112                                {product} {ergonomic}
   size_t MinHeapDeltaBytes                        = 1048576                                   {product} {ergonomic}
    uintx NonNMethodCodeHeapSize                   = 5835340                                {pd product} {ergonomic}
    uintx NonProfiledCodeHeapSize                  = 122911450                              {pd product} {ergonomic}
    uintx ProfiledCodeHeapSize                     = 122911450                              {pd product} {ergonomic}
    uintx ReservedCodeCacheSize                    = 251658240                              {pd product} {ergonomic}
     bool SegmentedCodeCache                       = true                                      {product} {ergonomic}
     bool UseCompressedClassPointers               = true                                 {lp64_product} {ergonomic}
     bool UseCompressedOops                        = true                                 {lp64_product} {ergonomic}
     bool UseG1GC                                  = true                                      {product} {ergonomic}
     bool UseLargePagesIndividualAllocation        = false                                  {pd product} {ergonomic}

Logging:
Log output configuration:
 #0: stdout all=warning uptime,level,tags
 #1: stderr all=off uptime,level,tags

Environment Variables:
JAVA_HOME=C:/Program Files/Java/jdk-11.0.3
PATH=C:\Users\dounia\bin;C:\Program Files\Git\mingw64\bin;C:\Program Files\Git\usr\local\bin;C:\Program Files\Git\usr\bin;C:\Program Files\Git\usr\bin;C:\Program Files\Git\mingw64\bin;C:\Program Files\Git\usr\bin;C:\Users\dounia\bin;C:\Program Files (x86)\Common Files\Oracle\Java\javapath;C:\Program Files (x86)\Intel\iCLS Client;C:\Program Files\Intel\iCLS Client;C:\WINDOWS\system32;C:\WINDOWS;C:\WINDOWS\System32\Wbem;C:\WINDOWS\System32\WindowsPowerShell\v1.0;C:\WINDOWS\System32\OpenSSH;C:\Program Files (x86)\Intel\Intel(R) Management Engine Components\DAL;C:\Program Files\Intel\Intel(R) Management Engine Components\DAL;C:\Program Files (x86)\Intel\Intel(R) Management Engine Components\IPT;C:\Program Files\Intel\Intel(R) Management Engine Components\IPT;C:\Program Files\Intel\WiFi\bin;C:\Program Files\Common Files\Intel\WirelessCommon;C:\ProgramData\chocolatey\bin;C:\Program Files\Git\cmd;C:\Program Files\nodejs;C:\Program Files\dotnet;C:\Users\dounia\AppData\Local\Microsoft\WindowsApps;C:\Program Files\JetBrains\IntelliJ IDEA Community Edition 2019.1.2\bin;C:\Program Files\Git\usr\bin;C:\Program Files\Java\jdk1.8.0_231\bin;C:\Users\dounia\AppData\Roaming\npm;C:\Users\dounia\Documents\maven\apache-maven-3.6.2\bin;C:\Users\dounia\AppData\Local\Programs\Microsoft VS Code\bin;C:\Program Files\JetBrains\IntelliJ IDEA 2019.3.4\bin;C:\Program Files\dotnet;C:\Program Files\Git\usr\bin\vendor_perl;C:\Program Files\Git\usr\bin\core_perl
USERNAME=dounia
SHELL=C:\Program Files\Git\usr\bin\bash.exe
DISPLAY=needs-to-be-defined
OS=Windows_NT
PROCESSOR_IDENTIFIER=Intel64 Family 6 Model 142 Stepping 10, GenuineIntel



---------------  S Y S T E M  ---------------

OS: Windows 10 , 64 bit Build 18362 (10.0.18362.778)

CPU:total 8 (initial active 8) (4 cores per cpu, 2 threads per core) family 6 model 142 stepping 10, cmov, cx8, fxsr, mmx, sse, sse2, sse3, ssse3, sse4.1, sse4.2, popcnt, avx, avx2, aes, clmul, erms, 3dnowpref, lzcnt, ht, tsc, tscinvbit, bmi1, bmi2, adx, fma

Memory: 4k page, system-wide physical 8078M (437M free)
TotalPageFile size 23207M (AvailPageFile size 1M)
current process WorkingSet (physical memory assigned to process): 38M, peak: 38M
current process commit charge ("private bytes"): 207M, peak: 208M

vm_info: Java HotSpot(TM) 64-Bit Server VM (11.0.3+12-LTS) for windows-amd64 JRE (11.0.3+12-LTS), built on Apr  2 2019 12:43:09 by "mach5one" with MS VC++ 15.5 (VS2017)

END.
