#
# There is insufficient memory for the Java Runtime Environment to continue.
# Native memory allocation (malloc) failed to allocate 122256 bytes for Chunk::new
# Possible reasons:
#   The system is out of physical RAM or swap space
#   The process is running with CompressedOops enabled, and the Java Heap may be blocking the growth of the native heap
# Possible solutions:
#   Reduce memory load on the system
#   Increase physical memory or swap space
#   Check if swap backing store is full
#   Decrease Java heap size (-Xmx/-Xms)
#   Decrease number of Java threads
#   Decrease Java thread stack sizes (-Xss)
#   Set larger code cache with -XX:ReservedCodeCacheSize=
#   JVM is running with Unscaled Compressed Oops mode in which the Java heap is
#     placed in the first 4GB address space. The Java Heap base address is the
#     maximum limit for the native heap growth. Please use -XX:HeapBaseMinAddress
#     to set the Java Heap base and to place the Java Heap above 4GB virtual address.
# This output file may be truncated or incomplete.
#
#  Out of Memory Error (t:/workspace/open/src/hotspot/share/memory/arena.cpp:197), pid=9340, tid=8576
#
# JRE version: Java(TM) SE Runtime Environment (11.0.3+12) (build 11.0.3+12-LTS)
# Java VM: Java HotSpot(TM) 64-Bit Server VM (11.0.3+12-LTS, mixed mode, tiered, compressed oops, g1 gc, windows-amd64)
# No core dump will be written. Minidumps are not enabled by default on client versions of Windows
#

---------------  S U M M A R Y ------------

Command Line: -Dmaven.multiModuleProjectDirectory=C:\Users\dounia\Documents\BDDFlightsManagementSystem -Dmaven.home=C:\Program Files\JetBrains\IntelliJ IDEA 2019.3.4\plugins\maven\lib\maven3 -Dclassworlds.conf=C:\Program Files\JetBrains\IntelliJ IDEA 2019.3.4\plugins\maven\lib\maven3\bin\m2.conf -Dmaven.ext.class.path=C:\Program Files\JetBrains\IntelliJ IDEA 2019.3.4\plugins\maven\lib\maven-event-listener.jar -javaagent:C:\Program Files\JetBrains\IntelliJ IDEA 2019.3.4\lib\idea_rt.jar=50846:C:\Program Files\JetBrains\IntelliJ IDEA 2019.3.4\bin -Dfile.encoding=UTF-8 org.codehaus.classworlds.Launcher -Didea.version2019.3.4 clean

Host: Intel(R) Core(TM) i7-8550U CPU @ 1.80GHz, 8 cores, 7G,  Windows 10 , 64 bit Build 18362 (10.0.18362.778)
Time: Mon Apr 20 16:58:03 2020 Paris, Madrid (heure d?été) elapsed time: 0 seconds (0d 0h 0m 0s)

---------------  T H R E A D  ---------------

Current thread (0x00000195e5694800):  JavaThread "C2 CompilerThread0" daemon [_thread_in_native, id=8576, stack(0x0000002eac500000,0x0000002eac600000)]


Current CompileTask:
C2:    457  679       4       java.util.zip.ZipFile$Source::getEntryPos (206 bytes)

Stack: [0x0000002eac500000,0x0000002eac600000]
Native frames: (J=compiled Java code, j=interpreted, Vv=VM code, C=native code)
V  [jvm.dll+0x63582a]
V  [jvm.dll+0x77360f]
V  [jvm.dll+0x774cba]
V  [jvm.dll+0x775373]
V  [jvm.dll+0x25e9c8]
V  [jvm.dll+0xc21d1]
V  [jvm.dll+0xc275c]
V  [jvm.dll+0x2cf734]
V  [jvm.dll+0x5522cf]
V  [jvm.dll+0x21a9bf]
V  [jvm.dll+0x2178f6]
V  [jvm.dll+0x194300]
V  [jvm.dll+0x2269df]
V  [jvm.dll+0x224fe8]
V  [jvm.dll+0x738aed]
V  [jvm.dll+0x6348c2]
C  [ucrtbase.dll+0x20e72]
C  [KERNEL32.DLL+0x17bd4]
C  [ntdll.dll+0x6ce51]


---------------  P R O C E S S  ---------------

Threads class SMR info:
_java_thread_list=0x00000195e65ddc80, length=11, elements={
0x00000195c4ac8800, 0x00000195e5658000, 0x00000195e5659000, 0x00000195e6023800,
0x00000195e5690000, 0x00000195e5694800, 0x00000195e5695800, 0x00000195e5fd0800,
0x00000195e61a2800, 0x00000195e6239800, 0x00000195e623a800
}

Java Threads: ( => current thread )
  0x00000195c4ac8800 JavaThread "main" [_thread_in_vm, id=9724, stack(0x0000002eaba00000,0x0000002eabb00000)]
  0x00000195e5658000 JavaThread "Reference Handler" daemon [_thread_blocked, id=8484, stack(0x0000002eac100000,0x0000002eac200000)]
  0x00000195e5659000 JavaThread "Finalizer" daemon [_thread_blocked, id=11684, stack(0x0000002eac200000,0x0000002eac300000)]
  0x00000195e6023800 JavaThread "Signal Dispatcher" daemon [_thread_blocked, id=8756, stack(0x0000002eac300000,0x0000002eac400000)]
  0x00000195e5690000 JavaThread "Attach Listener" daemon [_thread_blocked, id=9520, stack(0x0000002eac400000,0x0000002eac500000)]
=>0x00000195e5694800 JavaThread "C2 CompilerThread0" daemon [_thread_in_native, id=8576, stack(0x0000002eac500000,0x0000002eac600000)]
  0x00000195e5695800 JavaThread "C1 CompilerThread0" daemon [_thread_in_native, id=276, stack(0x0000002eac600000,0x0000002eac700000)]
  0x00000195e5fd0800 JavaThread "Sweeper thread" daemon [_thread_blocked, id=9740, stack(0x0000002eac700000,0x0000002eac800000)]
  0x00000195e61a2800 JavaThread "Common-Cleaner" daemon [_thread_blocked, id=6028, stack(0x0000002eac800000,0x0000002eac900000)]
  0x00000195e6239800 JavaThread "Monitor Ctrl-Break" daemon [_thread_in_native, id=14376, stack(0x0000002eac900000,0x0000002eaca00000)]
  0x00000195e623a800 JavaThread "Service Thread" daemon [_thread_blocked, id=16448, stack(0x0000002eaca00000,0x0000002eacb00000)]

Other Threads:
  0x00000195e5656000 VMThread "VM Thread" [stack: 0x0000002eac000000,0x0000002eac100000] [id=9640]
  0x00000195e623f800 WatcherThread [stack: 0x0000002eacb00000,0x0000002eacc00000] [id=15996]
  0x00000195c4ae1000 GCTaskThread "GC Thread#0" [stack: 0x0000002eabb00000,0x0000002eabc00000] [id=15436]
  0x00000195c4b11000 ConcurrentGCThread "G1 Main Marker" [stack: 0x0000002eabc00000,0x0000002eabd00000] [id=5712]
  0x00000195c4b13800 ConcurrentGCThread "G1 Conc#0" [stack: 0x0000002eabd00000,0x0000002eabe00000] [id=10844]
  0x00000195e54ba800 ConcurrentGCThread "G1 Refine#0" [stack: 0x0000002eabe00000,0x0000002eabf00000] [id=2764]
  0x00000195c4b9e000 ConcurrentGCThread "G1 Young RemSet Sampling" [stack: 0x0000002eabf00000,0x0000002eac000000] [id=12012]

Threads with active compile tasks:
C2 CompilerThread0 679       4       java.util.zip.ZipFile$Source::getEntryPos (206 bytes)
C1 CompilerThread0 678       3       java.net.URLStreamHandler::parseURL (1201 bytes)

VM state:not at safepoint (normal execution)

VM Mutex/Monitor currently owned by a thread: None

Heap address: 0x0000000081c00000, size: 2020 MB, Compressed Oops mode: 32-bit
Narrow klass base: 0x0000000000000000, Narrow klass shift: 3
Compressed class space size: 1073741824 Address: 0x0000000100000000

Heap:
 garbage-first heap   total 131072K, used 9216K [0x0000000081c00000, 0x0000000100000000)
  region size 1024K, 10 young (10240K), 0 survivors (0K)
 Metaspace       used 9762K, capacity 10000K, committed 10240K, reserved 1058816K
  class space    used 888K, capacity 956K, committed 1024K, reserved 1048576K
Heap Regions: E=young(eden), S=young(survivor), O=old, HS=humongous(starts), HC=humongous(continues), CS=collection set, F=free, A=archive, TAMS=top-at-mark-start (previous, next)
|   0|0x0000000081c00000, 0x0000000081c00000, 0x0000000081d00000|  0%| F|  |TAMS 0x0000000081c00000, 0x0000000081c00000| Untracked 
|   1|0x0000000081d00000, 0x0000000081d00000, 0x0000000081e00000|  0%| F|  |TAMS 0x0000000081d00000, 0x0000000081d00000| Untracked 
|   2|0x0000000081e00000, 0x0000000081e00000, 0x0000000081f00000|  0%| F|  |TAMS 0x0000000081e00000, 0x0000000081e00000| Untracked 
|   3|0x0000000081f00000, 0x0000000081f00000, 0x0000000082000000|  0%| F|  |TAMS 0x0000000081f00000, 0x0000000081f00000| Untracked 
|   4|0x0000000082000000, 0x0000000082000000, 0x0000000082100000|  0%| F|  |TAMS 0x0000000082000000, 0x0000000082000000| Untracked 
|   5|0x0000000082100000, 0x0000000082100000, 0x0000000082200000|  0%| F|  |TAMS 0x0000000082100000, 0x0000000082100000| Untracked 
|   6|0x0000000082200000, 0x0000000082200000, 0x0000000082300000|  0%| F|  |TAMS 0x0000000082200000, 0x0000000082200000| Untracked 
|   7|0x0000000082300000, 0x0000000082300000, 0x0000000082400000|  0%| F|  |TAMS 0x0000000082300000, 0x0000000082300000| Untracked 
|   8|0x0000000082400000, 0x0000000082400000, 0x0000000082500000|  0%| F|  |TAMS 0x0000000082400000, 0x0000000082400000| Untracked 
|   9|0x0000000082500000, 0x0000000082500000, 0x0000000082600000|  0%| F|  |TAMS 0x0000000082500000, 0x0000000082500000| Untracked 
|  10|0x0000000082600000, 0x0000000082600000, 0x0000000082700000|  0%| F|  |TAMS 0x0000000082600000, 0x0000000082600000| Untracked 
|  11|0x0000000082700000, 0x0000000082700000, 0x0000000082800000|  0%| F|  |TAMS 0x0000000082700000, 0x0000000082700000| Untracked 
|  12|0x0000000082800000, 0x0000000082800000, 0x0000000082900000|  0%| F|  |TAMS 0x0000000082800000, 0x0000000082800000| Untracked 
|  13|0x0000000082900000, 0x0000000082900000, 0x0000000082a00000|  0%| F|  |TAMS 0x0000000082900000, 0x0000000082900000| Untracked 
|  14|0x0000000082a00000, 0x0000000082a00000, 0x0000000082b00000|  0%| F|  |TAMS 0x0000000082a00000, 0x0000000082a00000| Untracked 
|  15|0x0000000082b00000, 0x0000000082b00000, 0x0000000082c00000|  0%| F|  |TAMS 0x0000000082b00000, 0x0000000082b00000| Untracked 
|  16|0x0000000082c00000, 0x0000000082c00000, 0x0000000082d00000|  0%| F|  |TAMS 0x0000000082c00000, 0x0000000082c00000| Untracked 
|  17|0x0000000082d00000, 0x0000000082d00000, 0x0000000082e00000|  0%| F|  |TAMS 0x0000000082d00000, 0x0000000082d00000| Untracked 
|  18|0x0000000082e00000, 0x0000000082e00000, 0x0000000082f00000|  0%| F|  |TAMS 0x0000000082e00000, 0x0000000082e00000| Untracked 
|  19|0x0000000082f00000, 0x0000000082f00000, 0x0000000083000000|  0%| F|  |TAMS 0x0000000082f00000, 0x0000000082f00000| Untracked 
|  20|0x0000000083000000, 0x0000000083000000, 0x0000000083100000|  0%| F|  |TAMS 0x0000000083000000, 0x0000000083000000| Untracked 
|  21|0x0000000083100000, 0x0000000083100000, 0x0000000083200000|  0%| F|  |TAMS 0x0000000083100000, 0x0000000083100000| Untracked 
|  22|0x0000000083200000, 0x0000000083200000, 0x0000000083300000|  0%| F|  |TAMS 0x0000000083200000, 0x0000000083200000| Untracked 
|  23|0x0000000083300000, 0x0000000083300000, 0x0000000083400000|  0%| F|  |TAMS 0x0000000083300000, 0x0000000083300000| Untracked 
|  24|0x0000000083400000, 0x0000000083400000, 0x0000000083500000|  0%| F|  |TAMS 0x0000000083400000, 0x0000000083400000| Untracked 
|  25|0x0000000083500000, 0x0000000083500000, 0x0000000083600000|  0%| F|  |TAMS 0x0000000083500000, 0x0000000083500000| Untracked 
|  26|0x0000000083600000, 0x0000000083600000, 0x0000000083700000|  0%| F|  |TAMS 0x0000000083600000, 0x0000000083600000| Untracked 
|  27|0x0000000083700000, 0x0000000083700000, 0x0000000083800000|  0%| F|  |TAMS 0x0000000083700000, 0x0000000083700000| Untracked 
|  28|0x0000000083800000, 0x0000000083800000, 0x0000000083900000|  0%| F|  |TAMS 0x0000000083800000, 0x0000000083800000| Untracked 
|  29|0x0000000083900000, 0x0000000083900000, 0x0000000083a00000|  0%| F|  |TAMS 0x0000000083900000, 0x0000000083900000| Untracked 
|  30|0x0000000083a00000, 0x0000000083a00000, 0x0000000083b00000|  0%| F|  |TAMS 0x0000000083a00000, 0x0000000083a00000| Untracked 
|  31|0x0000000083b00000, 0x0000000083b00000, 0x0000000083c00000|  0%| F|  |TAMS 0x0000000083b00000, 0x0000000083b00000| Untracked 
|  32|0x0000000083c00000, 0x0000000083c00000, 0x0000000083d00000|  0%| F|  |TAMS 0x0000000083c00000, 0x0000000083c00000| Untracked 
|  33|0x0000000083d00000, 0x0000000083d00000, 0x0000000083e00000|  0%| F|  |TAMS 0x0000000083d00000, 0x0000000083d00000| Untracked 
|  34|0x0000000083e00000, 0x0000000083e00000, 0x0000000083f00000|  0%| F|  |TAMS 0x0000000083e00000, 0x0000000083e00000| Untracked 
|  35|0x0000000083f00000, 0x0000000083f00000, 0x0000000084000000|  0%| F|  |TAMS 0x0000000083f00000, 0x0000000083f00000| Untracked 
|  36|0x0000000084000000, 0x0000000084000000, 0x0000000084100000|  0%| F|  |TAMS 0x0000000084000000, 0x0000000084000000| Untracked 
|  37|0x0000000084100000, 0x0000000084100000, 0x0000000084200000|  0%| F|  |TAMS 0x0000000084100000, 0x0000000084100000| Untracked 
|  38|0x0000000084200000, 0x0000000084200000, 0x0000000084300000|  0%| F|  |TAMS 0x0000000084200000, 0x0000000084200000| Untracked 
|  39|0x0000000084300000, 0x0000000084300000, 0x0000000084400000|  0%| F|  |TAMS 0x0000000084300000, 0x0000000084300000| Untracked 
|  40|0x0000000084400000, 0x0000000084400000, 0x0000000084500000|  0%| F|  |TAMS 0x0000000084400000, 0x0000000084400000| Untracked 
|  41|0x0000000084500000, 0x0000000084500000, 0x0000000084600000|  0%| F|  |TAMS 0x0000000084500000, 0x0000000084500000| Untracked 
|  42|0x0000000084600000, 0x0000000084600000, 0x0000000084700000|  0%| F|  |TAMS 0x0000000084600000, 0x0000000084600000| Untracked 
|  43|0x0000000084700000, 0x0000000084700000, 0x0000000084800000|  0%| F|  |TAMS 0x0000000084700000, 0x0000000084700000| Untracked 
|  44|0x0000000084800000, 0x0000000084800000, 0x0000000084900000|  0%| F|  |TAMS 0x0000000084800000, 0x0000000084800000| Untracked 
|  45|0x0000000084900000, 0x0000000084900000, 0x0000000084a00000|  0%| F|  |TAMS 0x0000000084900000, 0x0000000084900000| Untracked 
|  46|0x0000000084a00000, 0x0000000084a00000, 0x0000000084b00000|  0%| F|  |TAMS 0x0000000084a00000, 0x0000000084a00000| Untracked 
|  47|0x0000000084b00000, 0x0000000084b00000, 0x0000000084c00000|  0%| F|  |TAMS 0x0000000084b00000, 0x0000000084b00000| Untracked 
|  48|0x0000000084c00000, 0x0000000084c00000, 0x0000000084d00000|  0%| F|  |TAMS 0x0000000084c00000, 0x0000000084c00000| Untracked 
|  49|0x0000000084d00000, 0x0000000084d00000, 0x0000000084e00000|  0%| F|  |TAMS 0x0000000084d00000, 0x0000000084d00000| Untracked 
|  50|0x0000000084e00000, 0x0000000084e00000, 0x0000000084f00000|  0%| F|  |TAMS 0x0000000084e00000, 0x0000000084e00000| Untracked 
|  51|0x0000000084f00000, 0x0000000084f00000, 0x0000000085000000|  0%| F|  |TAMS 0x0000000084f00000, 0x0000000084f00000| Untracked 
|  52|0x0000000085000000, 0x0000000085000000, 0x0000000085100000|  0%| F|  |TAMS 0x0000000085000000, 0x0000000085000000| Untracked 
|  53|0x0000000085100000, 0x0000000085100000, 0x0000000085200000|  0%| F|  |TAMS 0x0000000085100000, 0x0000000085100000| Untracked 
|  54|0x0000000085200000, 0x0000000085200000, 0x0000000085300000|  0%| F|  |TAMS 0x0000000085200000, 0x0000000085200000| Untracked 
|  55|0x0000000085300000, 0x0000000085300000, 0x0000000085400000|  0%| F|  |TAMS 0x0000000085300000, 0x0000000085300000| Untracked 
|  56|0x0000000085400000, 0x0000000085400000, 0x0000000085500000|  0%| F|  |TAMS 0x0000000085400000, 0x0000000085400000| Untracked 
|  57|0x0000000085500000, 0x0000000085500000, 0x0000000085600000|  0%| F|  |TAMS 0x0000000085500000, 0x0000000085500000| Untracked 
|  58|0x0000000085600000, 0x0000000085600000, 0x0000000085700000|  0%| F|  |TAMS 0x0000000085600000, 0x0000000085600000| Untracked 
|  59|0x0000000085700000, 0x0000000085700000, 0x0000000085800000|  0%| F|  |TAMS 0x0000000085700000, 0x0000000085700000| Untracked 
|  60|0x0000000085800000, 0x0000000085800000, 0x0000000085900000|  0%| F|  |TAMS 0x0000000085800000, 0x0000000085800000| Untracked 
|  61|0x0000000085900000, 0x0000000085900000, 0x0000000085a00000|  0%| F|  |TAMS 0x0000000085900000, 0x0000000085900000| Untracked 
|  62|0x0000000085a00000, 0x0000000085a00000, 0x0000000085b00000|  0%| F|  |TAMS 0x0000000085a00000, 0x0000000085a00000| Untracked 
|  63|0x0000000085b00000, 0x0000000085b00000, 0x0000000085c00000|  0%| F|  |TAMS 0x0000000085b00000, 0x0000000085b00000| Untracked 
|  64|0x0000000085c00000, 0x0000000085c00000, 0x0000000085d00000|  0%| F|  |TAMS 0x0000000085c00000, 0x0000000085c00000| Untracked 
|  65|0x0000000085d00000, 0x0000000085d00000, 0x0000000085e00000|  0%| F|  |TAMS 0x0000000085d00000, 0x0000000085d00000| Untracked 
|  66|0x0000000085e00000, 0x0000000085e00000, 0x0000000085f00000|  0%| F|  |TAMS 0x0000000085e00000, 0x0000000085e00000| Untracked 
|  67|0x0000000085f00000, 0x0000000085f00000, 0x0000000086000000|  0%| F|  |TAMS 0x0000000085f00000, 0x0000000085f00000| Untracked 
|  68|0x0000000086000000, 0x0000000086000000, 0x0000000086100000|  0%| F|  |TAMS 0x0000000086000000, 0x0000000086000000| Untracked 
|  69|0x0000000086100000, 0x0000000086100000, 0x0000000086200000|  0%| F|  |TAMS 0x0000000086100000, 0x0000000086100000| Untracked 
|  70|0x0000000086200000, 0x0000000086200000, 0x0000000086300000|  0%| F|  |TAMS 0x0000000086200000, 0x0000000086200000| Untracked 
|  71|0x0000000086300000, 0x0000000086300000, 0x0000000086400000|  0%| F|  |TAMS 0x0000000086300000, 0x0000000086300000| Untracked 
|  72|0x0000000086400000, 0x0000000086400000, 0x0000000086500000|  0%| F|  |TAMS 0x0000000086400000, 0x0000000086400000| Untracked 
|  73|0x0000000086500000, 0x0000000086500000, 0x0000000086600000|  0%| F|  |TAMS 0x0000000086500000, 0x0000000086500000| Untracked 
|  74|0x0000000086600000, 0x0000000086600000, 0x0000000086700000|  0%| F|  |TAMS 0x0000000086600000, 0x0000000086600000| Untracked 
|  75|0x0000000086700000, 0x0000000086700000, 0x0000000086800000|  0%| F|  |TAMS 0x0000000086700000, 0x0000000086700000| Untracked 
|  76|0x0000000086800000, 0x0000000086800000, 0x0000000086900000|  0%| F|  |TAMS 0x0000000086800000, 0x0000000086800000| Untracked 
|  77|0x0000000086900000, 0x0000000086900000, 0x0000000086a00000|  0%| F|  |TAMS 0x0000000086900000, 0x0000000086900000| Untracked 
|  78|0x0000000086a00000, 0x0000000086a00000, 0x0000000086b00000|  0%| F|  |TAMS 0x0000000086a00000, 0x0000000086a00000| Untracked 
|  79|0x0000000086b00000, 0x0000000086b00000, 0x0000000086c00000|  0%| F|  |TAMS 0x0000000086b00000, 0x0000000086b00000| Untracked 
|  80|0x0000000086c00000, 0x0000000086c00000, 0x0000000086d00000|  0%| F|  |TAMS 0x0000000086c00000, 0x0000000086c00000| Untracked 
|  81|0x0000000086d00000, 0x0000000086d00000, 0x0000000086e00000|  0%| F|  |TAMS 0x0000000086d00000, 0x0000000086d00000| Untracked 
|  82|0x0000000086e00000, 0x0000000086e00000, 0x0000000086f00000|  0%| F|  |TAMS 0x0000000086e00000, 0x0000000086e00000| Untracked 
|  83|0x0000000086f00000, 0x0000000086f00000, 0x0000000087000000|  0%| F|  |TAMS 0x0000000086f00000, 0x0000000086f00000| Untracked 
|  84|0x0000000087000000, 0x0000000087000000, 0x0000000087100000|  0%| F|  |TAMS 0x0000000087000000, 0x0000000087000000| Untracked 
|  85|0x0000000087100000, 0x0000000087100000, 0x0000000087200000|  0%| F|  |TAMS 0x0000000087100000, 0x0000000087100000| Untracked 
|  86|0x0000000087200000, 0x0000000087200000, 0x0000000087300000|  0%| F|  |TAMS 0x0000000087200000, 0x0000000087200000| Untracked 
|  87|0x0000000087300000, 0x0000000087300000, 0x0000000087400000|  0%| F|  |TAMS 0x0000000087300000, 0x0000000087300000| Untracked 
|  88|0x0000000087400000, 0x0000000087400000, 0x0000000087500000|  0%| F|  |TAMS 0x0000000087400000, 0x0000000087400000| Untracked 
|  89|0x0000000087500000, 0x0000000087500000, 0x0000000087600000|  0%| F|  |TAMS 0x0000000087500000, 0x0000000087500000| Untracked 
|  90|0x0000000087600000, 0x0000000087600000, 0x0000000087700000|  0%| F|  |TAMS 0x0000000087600000, 0x0000000087600000| Untracked 
|  91|0x0000000087700000, 0x0000000087700000, 0x0000000087800000|  0%| F|  |TAMS 0x0000000087700000, 0x0000000087700000| Untracked 
|  92|0x0000000087800000, 0x0000000087800000, 0x0000000087900000|  0%| F|  |TAMS 0x0000000087800000, 0x0000000087800000| Untracked 
|  93|0x0000000087900000, 0x0000000087900000, 0x0000000087a00000|  0%| F|  |TAMS 0x0000000087900000, 0x0000000087900000| Untracked 
|  94|0x0000000087a00000, 0x0000000087a00000, 0x0000000087b00000|  0%| F|  |TAMS 0x0000000087a00000, 0x0000000087a00000| Untracked 
|  95|0x0000000087b00000, 0x0000000087b00000, 0x0000000087c00000|  0%| F|  |TAMS 0x0000000087b00000, 0x0000000087b00000| Untracked 
|  96|0x0000000087c00000, 0x0000000087c00000, 0x0000000087d00000|  0%| F|  |TAMS 0x0000000087c00000, 0x0000000087c00000| Untracked 
|  97|0x0000000087d00000, 0x0000000087d00000, 0x0000000087e00000|  0%| F|  |TAMS 0x0000000087d00000, 0x0000000087d00000| Untracked 
|  98|0x0000000087e00000, 0x0000000087e00000, 0x0000000087f00000|  0%| F|  |TAMS 0x0000000087e00000, 0x0000000087e00000| Untracked 
|  99|0x0000000087f00000, 0x0000000087f00000, 0x0000000088000000|  0%| F|  |TAMS 0x0000000087f00000, 0x0000000087f00000| Untracked 
| 100|0x0000000088000000, 0x0000000088000000, 0x0000000088100000|  0%| F|  |TAMS 0x0000000088000000, 0x0000000088000000| Untracked 
| 101|0x0000000088100000, 0x0000000088100000, 0x0000000088200000|  0%| F|  |TAMS 0x0000000088100000, 0x0000000088100000| Untracked 
| 102|0x0000000088200000, 0x0000000088200000, 0x0000000088300000|  0%| F|  |TAMS 0x0000000088200000, 0x0000000088200000| Untracked 
| 103|0x0000000088300000, 0x0000000088300000, 0x0000000088400000|  0%| F|  |TAMS 0x0000000088300000, 0x0000000088300000| Untracked 
| 104|0x0000000088400000, 0x0000000088400000, 0x0000000088500000|  0%| F|  |TAMS 0x0000000088400000, 0x0000000088400000| Untracked 
| 105|0x0000000088500000, 0x0000000088500000, 0x0000000088600000|  0%| F|  |TAMS 0x0000000088500000, 0x0000000088500000| Untracked 
| 106|0x0000000088600000, 0x0000000088600000, 0x0000000088700000|  0%| F|  |TAMS 0x0000000088600000, 0x0000000088600000| Untracked 
| 107|0x0000000088700000, 0x0000000088700000, 0x0000000088800000|  0%| F|  |TAMS 0x0000000088700000, 0x0000000088700000| Untracked 
| 108|0x0000000088800000, 0x0000000088800000, 0x0000000088900000|  0%| F|  |TAMS 0x0000000088800000, 0x0000000088800000| Untracked 
| 109|0x0000000088900000, 0x0000000088900000, 0x0000000088a00000|  0%| F|  |TAMS 0x0000000088900000, 0x0000000088900000| Untracked 
| 110|0x0000000088a00000, 0x0000000088a00000, 0x0000000088b00000|  0%| F|  |TAMS 0x0000000088a00000, 0x0000000088a00000| Untracked 
| 111|0x0000000088b00000, 0x0000000088b00000, 0x0000000088c00000|  0%| F|  |TAMS 0x0000000088b00000, 0x0000000088b00000| Untracked 
| 112|0x0000000088c00000, 0x0000000088c00000, 0x0000000088d00000|  0%| F|  |TAMS 0x0000000088c00000, 0x0000000088c00000| Untracked 
| 113|0x0000000088d00000, 0x0000000088d00000, 0x0000000088e00000|  0%| F|  |TAMS 0x0000000088d00000, 0x0000000088d00000| Untracked 
| 114|0x0000000088e00000, 0x0000000088e00000, 0x0000000088f00000|  0%| F|  |TAMS 0x0000000088e00000, 0x0000000088e00000| Untracked 
| 115|0x0000000088f00000, 0x0000000088f00000, 0x0000000089000000|  0%| F|  |TAMS 0x0000000088f00000, 0x0000000088f00000| Untracked 
| 116|0x0000000089000000, 0x0000000089000000, 0x0000000089100000|  0%| F|  |TAMS 0x0000000089000000, 0x0000000089000000| Untracked 
| 117|0x0000000089100000, 0x0000000089100000, 0x0000000089200000|  0%| F|  |TAMS 0x0000000089100000, 0x0000000089100000| Untracked 
| 118|0x0000000089200000, 0x000000008927b620, 0x0000000089300000| 48%| E|  |TAMS 0x0000000089200000, 0x0000000089200000| Complete 
| 119|0x0000000089300000, 0x0000000089400000, 0x0000000089400000|100%| E|CS|TAMS 0x0000000089300000, 0x0000000089300000| Complete 
| 120|0x0000000089400000, 0x0000000089500000, 0x0000000089500000|100%| E|CS|TAMS 0x0000000089400000, 0x0000000089400000| Complete 
| 121|0x0000000089500000, 0x0000000089600000, 0x0000000089600000|100%| E|CS|TAMS 0x0000000089500000, 0x0000000089500000| Complete 
| 122|0x0000000089600000, 0x0000000089700000, 0x0000000089700000|100%| E|CS|TAMS 0x0000000089600000, 0x0000000089600000| Complete 
| 123|0x0000000089700000, 0x0000000089800000, 0x0000000089800000|100%| E|CS|TAMS 0x0000000089700000, 0x0000000089700000| Complete 
| 124|0x0000000089800000, 0x0000000089900000, 0x0000000089900000|100%| E|CS|TAMS 0x0000000089800000, 0x0000000089800000| Complete 
| 125|0x0000000089900000, 0x0000000089a00000, 0x0000000089a00000|100%| E|CS|TAMS 0x0000000089900000, 0x0000000089900000| Complete 
| 126|0x0000000089a00000, 0x0000000089b00000, 0x0000000089b00000|100%| E|CS|TAMS 0x0000000089a00000, 0x0000000089a00000| Complete 
| 127|0x0000000089b00000, 0x0000000089c00000, 0x0000000089c00000|100%| E|CS|TAMS 0x0000000089b00000, 0x0000000089b00000| Complete 

Card table byte_map: [0x00000195de460000,0x00000195de860000] _byte_map_base: 0x00000195de052000

Marking Bits (Prev, Next): (CMBitMap*) 0x00000195c4b08908, (CMBitMap*) 0x00000195c4b08940
 Prev Bits: [0x00000195dec60000, 0x00000195e0bf0000)
 Next Bits: [0x00000195e0bf0000, 0x00000195e2b80000)

Polling page: 0x00000195c48b0000

Metaspace:

Usage:
  Non-class:      8.83 MB capacity,     8.67 MB ( 98%) used,   161.15 KB (  2%) free+waste,     8.75 KB ( <1%) overhead. 
      Class:    956.00 KB capacity,   888.66 KB ( 93%) used,    63.34 KB (  7%) free+waste,     4.00 KB ( <1%) overhead. 
       Both:      9.77 MB capacity,     9.53 MB ( 98%) used,   224.49 KB (  2%) free+waste,    12.75 KB ( <1%) overhead. 

Virtual space:
  Non-class space:       10.00 MB reserved,       9.00 MB ( 90%) committed 
      Class space:        1.00 GB reserved,       1.00 MB ( <1%) committed 
             Both:        1.01 GB reserved,      10.00 MB ( <1%) committed 

Chunk freelists:
   Non-Class:  5.50 KB
       Class:  512 bytes
        Both:  6.00 KB

CodeHeap 'non-profiled nmethods': size=120000Kb used=212Kb max_used=212Kb free=119788Kb
 bounds [0x00000195d60d0000, 0x00000195d6340000, 0x00000195dd600000]
CodeHeap 'profiled nmethods': size=120000Kb used=1068Kb max_used=1068Kb free=118931Kb
 bounds [0x00000195ceba0000, 0x00000195cee10000, 0x00000195d60d0000]
CodeHeap 'non-nmethods': size=5760Kb used=1076Kb max_used=1088Kb free=4683Kb
 bounds [0x00000195ce600000, 0x00000195ce870000, 0x00000195ceba0000]
 total_blobs=1224 nmethods=675 adapters=288
 compilation: enabled
              stopped_count=0, restarted_count=0
 full_count=0

Compilation events (10 events):
Event: 0.451 Thread 0x00000195e5695800 nmethod 673 0x00000195ceca7d90 code [0x00000195ceca7fc0, 0x00000195ceca86c0]
Event: 0.451 Thread 0x00000195e5695800  674       3       jdk.internal.jimage.ImageReader::findLocation (14 bytes)
Event: 0.451 Thread 0x00000195e5695800 nmethod 674 0x00000195ceca8990 code [0x00000195ceca8b80, 0x00000195ceca8f20]
Event: 0.451 Thread 0x00000195e5695800  675  s    3       jdk.internal.jimage.BasicImageReader::findLocation (115 bytes)
Event: 0.452 Thread 0x00000195e5695800 nmethod 675 0x00000195ceca9090 code [0x00000195ceca93c0, 0x00000195cecaa5a0]
Event: 0.453 Thread 0x00000195e5695800  677       3       sun.net.www.protocol.file.Handler::parseURL (18 bytes)
Event: 0.453 Thread 0x00000195e5695800 nmethod 677 0x00000195cecaab90 code [0x00000195cecaad60, 0x00000195cecaaf60]
Event: 0.453 Thread 0x00000195e5694800 nmethod 667% 0x00000195d6104890 code [0x00000195d6104a40, 0x00000195d6104db8]
Event: 0.453 Thread 0x00000195e5695800  678       3       java.net.URLStreamHandler::parseURL (1201 bytes)
Event: 0.453 Thread 0x00000195e5694800  679       4       java.util.zip.ZipFile$Source::getEntryPos (206 bytes)

GC Heap History (0 events):
No events

Deoptimization events (9 events):
Event: 0.151 Thread 0x00000195c4ac8800 Uncommon trap: reason=unstable_if action=reinterpret pc=0x00000195d60de49c method=java.lang.String.charAt(I)C @ 4 c2
Event: 0.230 Thread 0x00000195c4ac8800 Uncommon trap: reason=unstable_if action=reinterpret pc=0x00000195d60ea440 method=java.util.zip.ZipFile$Source.isMetaName([BII)Z @ 43 c2
Event: 0.239 Thread 0x00000195c4ac8800 Uncommon trap: reason=class_check action=maybe_recompile pc=0x00000195d60ddc8c method=java.util.HashMap.putVal(ILjava/lang/Object;Ljava/lang/Object;ZZ)Ljava/lang/Object; @ 253 c2
Event: 0.240 Thread 0x00000195c4ac8800 Uncommon trap: reason=class_check action=maybe_recompile pc=0x00000195d60ddc8c method=java.util.HashMap.putVal(ILjava/lang/Object;Ljava/lang/Object;ZZ)Ljava/lang/Object; @ 253 c2
Event: 0.240 Thread 0x00000195c4ac8800 Uncommon trap: reason=class_check action=maybe_recompile pc=0x00000195d60ddc8c method=java.util.HashMap.putVal(ILjava/lang/Object;Ljava/lang/Object;ZZ)Ljava/lang/Object; @ 253 c2
Event: 0.240 Thread 0x00000195c4ac8800 Uncommon trap: reason=class_check action=maybe_recompile pc=0x00000195d60ddc8c method=java.util.HashMap.putVal(ILjava/lang/Object;Ljava/lang/Object;ZZ)Ljava/lang/Object; @ 253 c2
Event: 0.439 Thread 0x00000195c4ac8800 Uncommon trap: reason=unstable_if action=reinterpret pc=0x00000195d60e4aa8 method=java.lang.StringLatin1.canEncode(I)Z @ 4 c2
Event: 0.439 Thread 0x00000195c4ac8800 Uncommon trap: reason=unstable_if action=reinterpret pc=0x00000195d60e6e00 method=java.lang.AbstractStringBuilder.isLatin1()Z @ 10 c2
Event: 0.447 Thread 0x00000195c4ac8800 Uncommon trap: reason=unstable_if action=reinterpret pc=0x00000195d60f6440 method=java.util.HashMap.putVal(ILjava/lang/Object;Ljava/lang/Object;ZZ)Ljava/lang/Object; @ 81 c2

Classes redefined (0 events):
No events

Internal exceptions (3 events):
Event: 0.206 Thread 0x00000195c4ac8800 Exception <a 'java/lang/NoSuchMethodError'{0x000000008978a258}: java.lang.invoke.DirectMethodHandle$Holder.invokeSpecialIFC(Ljava/lang/Object;Ljava/lang/Object;I)I> (0x000000008978a258) thrown at [t:/workspace/open/src/hotspot/share/interpreter/linkResolv
Event: 0.241 Thread 0x00000195c4ac8800 Exception <a 'java/lang/NoSuchMethodError'{0x00000000896ba3b8}: java.lang.invoke.DirectMethodHandle$Holder.invokeStaticInit(Ljava/lang/Object;IIII)Ljava/lang/Object;> (0x00000000896ba3b8) thrown at [t:/workspace/open/src/hotspot/share/interpreter/linkReso
Event: 0.372 Thread 0x00000195c4ac8800 Exception <a 'java/lang/NoSuchMethodError'{0x000000008952b688}: java.lang.invoke.DirectMethodHandle$Holder.invokeStaticInit(Ljava/lang/Object;Ljava/lang/Object;IIII)Ljava/lang/Object;> (0x000000008952b688) thrown at [t:/workspace/open/src/hotspot/share/in

Events (10 events):
Event: 0.455 loading class org/apache/maven/cli/logging/BaseSlf4jConfiguration
Event: 0.455 loading class org/apache/maven/cli/logging/BaseSlf4jConfiguration done
Event: 0.455 loading class org/slf4j/impl/MavenSimpleLogger
Event: 0.455 loading class org/slf4j/impl/MavenSimpleLogger done
Event: 0.455 Thread 0x00000195c4ac8800 DEOPT PACKING pc=0x00000195cec0f77f sp=0x0000002eabafb580
Event: 0.456 Thread 0x00000195c4ac8800 DEOPT UNPACKING pc=0x00000195ce628d4e sp=0x0000002eabafa9d0 mode 0
Event: 0.456 loading class java/lang/AssertionError
Event: 0.456 loading class java/lang/AssertionError done
Event: 0.456 loading class org/slf4j/MavenSlf4jFriend
Event: 0.456 loading class org/slf4j/MavenSlf4jFriend done


Dynamic libraries:
0x00007ff76dc90000 - 0x00007ff76dcd7000 	C:\Program Files\Java\jdk-11.0.3\bin\java.exe
0x00007ffb4ccc0000 - 0x00007ffb4ceb0000 	C:\WINDOWS\SYSTEM32\ntdll.dll
0x00007ffb4c510000 - 0x00007ffb4c5c2000 	C:\WINDOWS\System32\KERNEL32.DLL
0x00007ffb4a940000 - 0x00007ffb4abe3000 	C:\WINDOWS\System32\KERNELBASE.dll
0x00007ffb4bd70000 - 0x00007ffb4be13000 	C:\WINDOWS\System32\ADVAPI32.dll
0x00007ffb4cac0000 - 0x00007ffb4cb5e000 	C:\WINDOWS\System32\msvcrt.dll
0x00007ffb4c880000 - 0x00007ffb4c917000 	C:\WINDOWS\System32\sechost.dll
0x00007ffb4bff0000 - 0x00007ffb4c110000 	C:\WINDOWS\System32\RPCRT4.dll
0x00007ffb4c920000 - 0x00007ffb4cab4000 	C:\WINDOWS\System32\USER32.dll
0x00007ffb4a6a0000 - 0x00007ffb4a6c1000 	C:\WINDOWS\System32\win32u.dll
0x00007ffb4c850000 - 0x00007ffb4c876000 	C:\WINDOWS\System32\GDI32.dll
0x00007ffb4a720000 - 0x00007ffb4a8b4000 	C:\WINDOWS\System32\gdi32full.dll
0x00007ffb4a400000 - 0x00007ffb4a49e000 	C:\WINDOWS\System32\msvcp_win.dll
0x00007ffb4ac70000 - 0x00007ffb4ad6a000 	C:\WINDOWS\System32\ucrtbase.dll
0x00007ffb3edd0000 - 0x00007ffb3f055000 	C:\WINDOWS\WinSxS\amd64_microsoft.windows.common-controls_6595b64144ccf1df_6.0.18362.778_none_e6c6b761130d4fb8\COMCTL32.dll
0x00007ffb4c1d0000 - 0x00007ffb4c506000 	C:\WINDOWS\System32\combase.dll
0x00007ffb4a8c0000 - 0x00007ffb4a940000 	C:\WINDOWS\System32\bcryptPrimitives.dll
0x00007ffb446b0000 - 0x00007ffb446ba000 	C:\WINDOWS\SYSTEM32\VERSION.dll
0x00007ffb4b4e0000 - 0x00007ffb4b50e000 	C:\WINDOWS\System32\IMM32.DLL
0x00007ffb26790000 - 0x00007ffb267a6000 	C:\Program Files\Java\jdk-11.0.3\bin\vcruntime140.dll
0x00007ffb23880000 - 0x00007ffb2392a000 	C:\Program Files\Java\jdk-11.0.3\bin\msvcp140.dll
0x00007ffaf4e30000 - 0x00007ffaf5957000 	C:\Program Files\Java\jdk-11.0.3\bin\server\jvm.dll
0x00007ffb4bd60000 - 0x00007ffb4bd68000 	C:\WINDOWS\System32\PSAPI.DLL
0x00007ffb3eb30000 - 0x00007ffb3eb39000 	C:\WINDOWS\SYSTEM32\WSOCK32.dll
0x00007ffb3fc30000 - 0x00007ffb3fc54000 	C:\WINDOWS\SYSTEM32\WINMM.dll
0x00007ffb4cb80000 - 0x00007ffb4cbef000 	C:\WINDOWS\System32\WS2_32.dll
0x00007ffb3f890000 - 0x00007ffb3f8bd000 	C:\WINDOWS\SYSTEM32\WINMMBASE.dll
0x00007ffb4a6d0000 - 0x00007ffb4a71a000 	C:\WINDOWS\System32\cfgmgr32.dll
0x00007ffb49b90000 - 0x00007ffb49ba1000 	C:\WINDOWS\System32\kernel.appcore.dll
0x00007ffb26770000 - 0x00007ffb26781000 	C:\Program Files\Java\jdk-11.0.3\bin\verify.dll
0x00007ffb48430000 - 0x00007ffb48624000 	C:\WINDOWS\SYSTEM32\DBGHELP.DLL
0x00007ffb43940000 - 0x00007ffb4396a000 	C:\WINDOWS\SYSTEM32\dbgcore.DLL
0x00007ffb26250000 - 0x00007ffb26279000 	C:\Program Files\Java\jdk-11.0.3\bin\java.dll
0x00007ffb42490000 - 0x00007ffb424bf000 	C:\Program Files\Java\jdk-11.0.3\bin\instrument.dll
0x00007ffb263d0000 - 0x00007ffb263e6000 	C:\Program Files\Java\jdk-11.0.3\bin\zip.dll
0x00007ffb28a40000 - 0x00007ffb28a4a000 	C:\Program Files\Java\jdk-11.0.3\bin\jimage.dll
0x00007ffb4b5a0000 - 0x00007ffb4bc85000 	C:\WINDOWS\System32\SHELL32.dll
0x00007ffb4be20000 - 0x00007ffb4bec9000 	C:\WINDOWS\System32\shcore.dll
0x00007ffb49c50000 - 0x00007ffb4a3d0000 	C:\WINDOWS\System32\windows.storage.dll
0x00007ffb49bb0000 - 0x00007ffb49bd3000 	C:\WINDOWS\System32\profapi.dll
0x00007ffb49c00000 - 0x00007ffb49c4a000 	C:\WINDOWS\System32\powrprof.dll
0x00007ffb49b80000 - 0x00007ffb49b90000 	C:\WINDOWS\System32\UMPDC.dll
0x00007ffb4c110000 - 0x00007ffb4c162000 	C:\WINDOWS\System32\shlwapi.dll
0x00007ffb4ac50000 - 0x00007ffb4ac67000 	C:\WINDOWS\System32\cryptsp.dll
0x00007ffb252e0000 - 0x00007ffb252f9000 	C:\Program Files\Java\jdk-11.0.3\bin\net.dll
0x00007ffb44910000 - 0x00007ffb44a00000 	C:\WINDOWS\SYSTEM32\WINHTTP.dll
0x00007ffb3ba40000 - 0x00007ffb3bc15000 	C:\WINDOWS\SYSTEM32\urlmon.dll
0x00007ffb3b0a0000 - 0x00007ffb3b346000 	C:\WINDOWS\SYSTEM32\iertutil.dll
0x00007ffb49560000 - 0x00007ffb4956c000 	C:\WINDOWS\SYSTEM32\CRYPTBASE.DLL
0x00007ffb49390000 - 0x00007ffb493f7000 	C:\WINDOWS\system32\mswsock.dll
0x00007ffb25080000 - 0x00007ffb25093000 	C:\Program Files\Java\jdk-11.0.3\bin\nio.dll
0x00007ffb41290000 - 0x00007ffb412aa000 	C:\Program Files\JetBrains\IntelliJ IDEA 2019.3.4\bin\breakgen64.dll
0x00007ffb48f00000 - 0x00007ffb48f33000 	C:\WINDOWS\system32\rsaenh.dll
0x00007ffb4a3d0000 - 0x00007ffb4a3f6000 	C:\WINDOWS\System32\bcrypt.dll
0x00007ffb49aa0000 - 0x00007ffb49ac5000 	C:\WINDOWS\SYSTEM32\USERENV.dll
0x00007ffb490a0000 - 0x00007ffb490da000 	C:\WINDOWS\SYSTEM32\IPHLPAPI.DLL
0x00007ffb4cbf0000 - 0x00007ffb4cbf8000 	C:\WINDOWS\System32\NSI.dll
0x00007ffb40f50000 - 0x00007ffb40f66000 	C:\WINDOWS\SYSTEM32\dhcpcsvc6.DLL
0x00007ffb41d70000 - 0x00007ffb41d8c000 	C:\WINDOWS\SYSTEM32\dhcpcsvc.DLL
0x00007ffb490e0000 - 0x00007ffb491aa000 	C:\WINDOWS\SYSTEM32\DNSAPI.dll
0x00007ffb44890000 - 0x00007ffb4489a000 	C:\Users\dounia\AppData\Local\Temp\jansi-1.17.1-13589551578771913259.dll
0x00007ffb447a0000 - 0x00007ffb447aa000 	C:\Users\dounia\AppData\Local\Temp\jansi-1.17.1-3677203344669514543.dll

dbghelp: loaded successfully - version: 4.0.5 - missing functions: none
symbol engine: initialized successfully - sym options: 0x614 - pdb path: .;C:\Program Files\Java\jdk-11.0.3\bin;C:\WINDOWS\SYSTEM32;C:\WINDOWS\WinSxS\amd64_microsoft.windows.common-controls_6595b64144ccf1df_6.0.18362.778_none_e6c6b761130d4fb8;C:\Program Files\Java\jdk-11.0.3\bin\server;C:\Program Files\JetBrains\IntelliJ IDEA 2019.3.4\bin;C:\Users\dounia\AppData\Local\Temp

VM Arguments:
jvm_args: -Dmaven.multiModuleProjectDirectory=C:\Users\dounia\Documents\BDDFlightsManagementSystem -Dmaven.home=C:\Program Files\JetBrains\IntelliJ IDEA 2019.3.4\plugins\maven\lib\maven3 -Dclassworlds.conf=C:\Program Files\JetBrains\IntelliJ IDEA 2019.3.4\plugins\maven\lib\maven3\bin\m2.conf -Dmaven.ext.class.path=C:\Program Files\JetBrains\IntelliJ IDEA 2019.3.4\plugins\maven\lib\maven-event-listener.jar -javaagent:C:\Program Files\JetBrains\IntelliJ IDEA 2019.3.4\lib\idea_rt.jar=50846:C:\Program Files\JetBrains\IntelliJ IDEA 2019.3.4\bin -Dfile.encoding=UTF-8 
java_command: org.codehaus.classworlds.Launcher -Didea.version2019.3.4 clean
java_class_path (initial): C:\Program Files\JetBrains\IntelliJ IDEA 2019.3.4\plugins\maven\lib\maven3\boot\plexus-classworlds-2.6.0.jar
Launcher Type: SUN_STANDARD

[Global flags]
     intx CICompilerCount                          = 4                                         {product} {ergonomic}
     uint ConcGCThreads                            = 2                                         {product} {ergonomic}
     uint G1ConcRefinementThreads                  = 8                                         {product} {ergonomic}
   size_t G1HeapRegionSize                         = 1048576                                   {product} {ergonomic}
    uintx GCDrainStackTargetSize                   = 64                                        {product} {ergonomic}
   size_t InitialHeapSize                          = 134217728                                 {product} {ergonomic}
   size_t MarkStackSize                            = 4194304                                   {product} {ergonomic}
   size_t MaxHeapSize                              = 2118123520                                {product} {ergonomic}
   size_t MaxNewSize                               = 1270874112                                {product} {ergonomic}
   size_t MinHeapDeltaBytes                        = 1048576                                   {product} {ergonomic}
    uintx NonNMethodCodeHeapSize                   = 5835340                                {pd product} {ergonomic}
    uintx NonProfiledCodeHeapSize                  = 122911450                              {pd product} {ergonomic}
    uintx ProfiledCodeHeapSize                     = 122911450                              {pd product} {ergonomic}
    uintx ReservedCodeCacheSize                    = 251658240                              {pd product} {ergonomic}
     bool SegmentedCodeCache                       = true                                      {product} {ergonomic}
     bool UseCompressedClassPointers               = true                                 {lp64_product} {ergonomic}
     bool UseCompressedOops                        = true                                 {lp64_product} {ergonomic}
     bool UseG1GC                                  = true                                      {product} {ergonomic}
     bool UseLargePagesIndividualAllocation        = false                                  {pd product} {ergonomic}

Logging:
Log output configuration:
 #0: stdout all=warning uptime,level,tags
 #1: stderr all=off uptime,level,tags

Environment Variables:
JAVA_HOME=C:\Program Files\Java\jdk-11.0.3
PATH=C:\Program Files (x86)\Common Files\Oracle\Java\javapath;C:\Program Files (x86)\Intel\iCLS Client\;C:\Program Files\Intel\iCLS Client\;C:\WINDOWS\system32;C:\WINDOWS;C:\WINDOWS\System32\Wbem;C:\WINDOWS\System32\WindowsPowerShell\v1.0\;C:\WINDOWS\System32\OpenSSH\;C:\Program Files (x86)\Intel\Intel(R) Management Engine Components\DAL;C:\Program Files\Intel\Intel(R) Management Engine Components\DAL;C:\Program Files (x86)\Intel\Intel(R) Management Engine Components\IPT;C:\Program Files\Intel\Intel(R) Management Engine Components\IPT;C:\Program Files\Intel\WiFi\bin\;C:\Program Files\Common Files\Intel\WirelessCommon\;C:\ProgramData\chocolatey\bin;C:\Program Files\Git\cmd;C:\Program Files\nodejs\;C:\Program Files\dotnet\;C:\Users\dounia\AppData\Local\Microsoft\WindowsApps;C:\Program Files\JetBrains\IntelliJ IDEA Community Edition 2019.1.2\bin;;C:\Program Files\Git\bin;C:\Program Files\Java\jdk1.8.0_231\bin;C:\Users\dounia\AppData\Roaming\npm;C:\Users\dounia\Documents\maven\apache-maven-3.6.2\bin;C:\Users\dounia\AppData\Local\Programs\Microsoft VS Code\bin;C:\Program Files\JetBrains\IntelliJ IDEA 2019.3.4\bin;;C:\Program Files\dotnet;
USERNAME=dounia
OS=Windows_NT
PROCESSOR_IDENTIFIER=Intel64 Family 6 Model 142 Stepping 10, GenuineIntel



---------------  S Y S T E M  ---------------

OS: Windows 10 , 64 bit Build 18362 (10.0.18362.778)

CPU:total 8 (initial active 8) (4 cores per cpu, 2 threads per core) family 6 model 142 stepping 10, cmov, cx8, fxsr, mmx, sse, sse2, sse3, ssse3, sse4.1, sse4.2, popcnt, avx, avx2, aes, clmul, erms, 3dnowpref, lzcnt, ht, tsc, tscinvbit, bmi1, bmi2, adx, fma

Memory: 4k page, system-wide physical 8078M (475M free)
TotalPageFile size 23207M (AvailPageFile size 4M)
current process WorkingSet (physical memory assigned to process): 55M, peak: 55M
current process commit charge ("private bytes"): 217M, peak: 217M

vm_info: Java HotSpot(TM) 64-Bit Server VM (11.0.3+12-LTS) for windows-amd64 JRE (11.0.3+12-LTS), built on Apr  2 2019 12:43:09 by "mach5one" with MS VC++ 15.5 (VS2017)

END.
